Determining if the pthread_create exist failed with the following output:
Change Dir: /home/oligay_61/zone3/build/perception_msgs/CMakeFiles/CMakeTmp

Run Build Command:"/usr/bin/make" "cmTC_af6f9/fast"
/usr/bin/make -f CMakeFiles/cmTC_af6f9.dir/build.make CMakeFiles/cmTC_af6f9.dir/build
make[1]: Entering directory '/home/oligay_61/zone3/build/perception_msgs/CMakeFiles/CMakeTmp'
Building C object CMakeFiles/cmTC_af6f9.dir/CheckSymbolExists.c.o
/usr/bin/cc     -o CMakeFiles/cmTC_af6f9.dir/CheckSymbolExists.c.o   -c /home/oligay_61/zone3/build/perception_msgs/CMakeFiles/CMakeTmp/CheckSymbolExists.c
Linking C executable cmTC_af6f9
/usr/bin/cmake -E cmake_link_script CMakeFiles/cmTC_af6f9.dir/link.txt --verbose=1
/usr/bin/cc       CMakeFiles/cmTC_af6f9.dir/CheckSymbolExists.c.o  -o cmTC_af6f9 -rdynamic 
CMakeFiles/cmTC_af6f9.dir/CheckSymbolExists.c.o: In function `main':
CheckSymbolExists.c:(.text+0x16): undefined reference to `pthread_create'
collect2: error: ld returned 1 exit status
CMakeFiles/cmTC_af6f9.dir/build.make:97: recipe for target 'cmTC_af6f9' failed
make[1]: *** [cmTC_af6f9] Error 1
make[1]: Leaving directory '/home/oligay_61/zone3/build/perception_msgs/CMakeFiles/CMakeTmp'
Makefile:126: recipe for target 'cmTC_af6f9/fast' failed
make: *** [cmTC_af6f9/fast] Error 2

File /home/oligay_61/zone3/build/perception_msgs/CMakeFiles/CMakeTmp/CheckSymbolExists.c:
/* */
#include <pthread.h>

int main(int argc, char** argv)
{
  (void)argv;
#ifndef pthread_create
  return ((int*)(&pthread_create))[argc];
#else
  (void)argc;
  return 0;
#endif
}

Determining if the function pthread_create exists in the pthreads failed with the following output:
Change Dir: /home/oligay_61/zone3/build/perception_msgs/CMakeFiles/CMakeTmp

Run Build Command:"/usr/bin/make" "cmTC_4c473/fast"
/usr/bin/make -f CMakeFiles/cmTC_4c473.dir/build.make CMakeFiles/cmTC_4c473.dir/build
make[1]: Entering directory '/home/oligay_61/zone3/build/perception_msgs/CMakeFiles/CMakeTmp'
Building C object CMakeFiles/cmTC_4c473.dir/CheckFunctionExists.c.o
/usr/bin/cc    -DCHECK_FUNCTION_EXISTS=pthread_create   -o CMakeFiles/cmTC_4c473.dir/CheckFunctionExists.c.o   -c /usr/share/cmake-3.5/Modules/CheckFunctionExists.c
Linking C executable cmTC_4c473
/usr/bin/cmake -E cmake_link_script CMakeFiles/cmTC_4c473.dir/link.txt --verbose=1
/usr/bin/cc   -DCHECK_FUNCTION_EXISTS=pthread_create    CMakeFiles/cmTC_4c473.dir/CheckFunctionExists.c.o  -o cmTC_4c473 -rdynamic -lpthreads 
/usr/bin/ld: cannot find -lpthreads
collect2: error: ld returned 1 exit status
CMakeFiles/cmTC_4c473.dir/build.make:97: recipe for target 'cmTC_4c473' failed
make[1]: *** [cmTC_4c473] Error 1
make[1]: Leaving directory '/home/oligay_61/zone3/build/perception_msgs/CMakeFiles/CMakeTmp'
Makefile:126: recipe for target 'cmTC_4c473/fast' failed
make: *** [cmTC_4c473/fast] Error 2


