Determining if the pthread_create exist failed with the following output:
Change Dir: /home/oligay_61/zone3/build/advanced_navigation_driver_992/CMakeFiles/CMakeTmp

Run Build Command:"/usr/bin/make" "cmTC_3987c/fast"
/usr/bin/make -f CMakeFiles/cmTC_3987c.dir/build.make CMakeFiles/cmTC_3987c.dir/build
make[1]: Entering directory '/home/oligay_61/zone3/build/advanced_navigation_driver_992/CMakeFiles/CMakeTmp'
Building C object CMakeFiles/cmTC_3987c.dir/CheckSymbolExists.c.o
/usr/bin/cc     -o CMakeFiles/cmTC_3987c.dir/CheckSymbolExists.c.o   -c /home/oligay_61/zone3/build/advanced_navigation_driver_992/CMakeFiles/CMakeTmp/CheckSymbolExists.c
Linking C executable cmTC_3987c
/usr/bin/cmake -E cmake_link_script CMakeFiles/cmTC_3987c.dir/link.txt --verbose=1
/usr/bin/cc       CMakeFiles/cmTC_3987c.dir/CheckSymbolExists.c.o  -o cmTC_3987c -rdynamic 
CMakeFiles/cmTC_3987c.dir/CheckSymbolExists.c.o: In function `main':
CheckSymbolExists.c:(.text+0x16): undefined reference to `pthread_create'
collect2: error: ld returned 1 exit status
CMakeFiles/cmTC_3987c.dir/build.make:97: recipe for target 'cmTC_3987c' failed
make[1]: *** [cmTC_3987c] Error 1
make[1]: Leaving directory '/home/oligay_61/zone3/build/advanced_navigation_driver_992/CMakeFiles/CMakeTmp'
Makefile:126: recipe for target 'cmTC_3987c/fast' failed
make: *** [cmTC_3987c/fast] Error 2

File /home/oligay_61/zone3/build/advanced_navigation_driver_992/CMakeFiles/CMakeTmp/CheckSymbolExists.c:
/* */
#include <pthread.h>

int main(int argc, char** argv)
{
  (void)argv;
#ifndef pthread_create
  return ((int*)(&pthread_create))[argc];
#else
  (void)argc;
  return 0;
#endif
}

Determining if the function pthread_create exists in the pthreads failed with the following output:
Change Dir: /home/oligay_61/zone3/build/advanced_navigation_driver_992/CMakeFiles/CMakeTmp

Run Build Command:"/usr/bin/make" "cmTC_1d6ca/fast"
/usr/bin/make -f CMakeFiles/cmTC_1d6ca.dir/build.make CMakeFiles/cmTC_1d6ca.dir/build
make[1]: Entering directory '/home/oligay_61/zone3/build/advanced_navigation_driver_992/CMakeFiles/CMakeTmp'
Building C object CMakeFiles/cmTC_1d6ca.dir/CheckFunctionExists.c.o
/usr/bin/cc    -DCHECK_FUNCTION_EXISTS=pthread_create   -o CMakeFiles/cmTC_1d6ca.dir/CheckFunctionExists.c.o   -c /usr/share/cmake-3.5/Modules/CheckFunctionExists.c
Linking C executable cmTC_1d6ca
/usr/bin/cmake -E cmake_link_script CMakeFiles/cmTC_1d6ca.dir/link.txt --verbose=1
/usr/bin/cc   -DCHECK_FUNCTION_EXISTS=pthread_create    CMakeFiles/cmTC_1d6ca.dir/CheckFunctionExists.c.o  -o cmTC_1d6ca -rdynamic -lpthreads 
/usr/bin/ld: cannot find -lpthreads
collect2: error: ld returned 1 exit status
CMakeFiles/cmTC_1d6ca.dir/build.make:97: recipe for target 'cmTC_1d6ca' failed
make[1]: *** [cmTC_1d6ca] Error 1
make[1]: Leaving directory '/home/oligay_61/zone3/build/advanced_navigation_driver_992/CMakeFiles/CMakeTmp'
Makefile:126: recipe for target 'cmTC_1d6ca/fast' failed
make: *** [cmTC_1d6ca/fast] Error 2


