[  0%] Built target planner_msgs_generate_messages_py
[  0%] Built target kalman_msgs_generate_messages_py
[  0%] Built target kalman_msgs_generate_messages_nodejs
[  0%] Built target kalman_msgs_generate_messages_lisp
[  0%] Built target kalman_msgs_generate_messages_cpp
[  0%] Built target localization_msgs_generate_messages_lisp
[  0%] Built target localization_msgs_generate_messages_eus
[  0%] Built target roscpp_generate_messages_eus
[  0%] Built target control_msgs_generate_messages_py
[  0%] Built target displaydata_msgs_generate_messages_nodejs
[  0%] Built target control_msgs_generate_messages_eus
[  0%] Built target planner_msgs_generate_messages_nodejs
[  0%] Built target planner_msgs_generate_messages_lisp
[  0%] Built target localization_msgs_generate_messages_cpp
[  0%] Built target control_msgs_generate_messages_cpp
[  0%] Built target roscpp_generate_messages_cpp
[  0%] Built target tli65_can_msgs_generate_messages_py
[  0%] Built target can_msgs_generate_messages_lisp
[  0%] Built target std_msgs_generate_messages_cpp
[  0%] Built target rosgraph_msgs_generate_messages_cpp
[  0%] Built target std_msgs_generate_messages_nodejs
[  0%] Built target std_msgs_generate_messages_lisp
[  0%] Built target planner_msgs_generate_messages_cpp
[  0%] Built target control_msgs_generate_messages_nodejs
[  0%] Built target planner_msgs_generate_messages_eus
[  0%] Built target displaydata_msgs_generate_messages_lisp
[  0%] Built target tli65_can_msgs_generate_messages_nodejs
[  0%] Built target displaydata_msgs_generate_messages_cpp
[  0%] Built target std_msgs_generate_messages_eus
[  0%] Built target control_msgs_generate_messages_lisp
[  0%] Built target roscpp_generate_messages_lisp
[  0%] Built target displaydata_msgs_generate_messages_eus
[  0%] Built target displaydata_msgs_generate_messages_py
[  0%] Built target roscpp_generate_messages_nodejs
[  0%] Built target rosgraph_msgs_generate_messages_lisp
[  0%] Built target rosgraph_msgs_generate_messages_py
[  0%] Built target roscpp_generate_messages_py
[  0%] Built target can_msgs_generate_messages_nodejs
[  0%] Built target rosgraph_msgs_generate_messages_eus
[  0%] Built target tli65_can_msgs_generate_messages_lisp
[  0%] Built target rosgraph_msgs_generate_messages_nodejs
[  0%] Built target kalman_msgs_generate_messages_eus
[  0%] Built target tli65_can_msgs_generate_messages_cpp
[  0%] Built target tli65_can_msgs_generate_messages_eus
[  0%] Built target localization_msgs_generate_messages_nodejs
[  0%] Built target localization_msgs_generate_messages_py
[  0%] Built target can_msgs_generate_messages_cpp
[  0%] Built target can_msgs_generate_messages_eus
[  0%] Built target can_msgs_generate_messages_py
[  0%] Built target std_msgs_generate_messages_py
[35m[1mScanning dependencies of target data_display[0m
[ 50%] [32mBuilding CXX object CMakeFiles/data_display.dir/src/datadisplay.cpp.o[0m
[01m[K/home/oligay_61/zone3/src/data_display/src/datadisplay.cpp:[m[K In member function ‘[01m[Kvoid zone3::DataDisplay::ProcTyre(const RxTyre&)[m[K’:
[01m[K/home/oligay_61/zone3/src/data_display/src/datadisplay.cpp:124:17:[m[K [01;31m[Kerror: [m[K‘[01m[Kdisplaydata_msgs::DisplayData {aka struct displaydata_msgs::DisplayData_<std::allocator<void> >}[m[K’ has no member named ‘[01m[Ktyre_pressure[m[K’
     global_data.tyre_pressure = msg.front_left_pressure;
[01;32m[K                 ^[m[K
CMakeFiles/data_display.dir/build.make:62: recipe for target 'CMakeFiles/data_display.dir/src/datadisplay.cpp.o' failed
make[2]: *** [CMakeFiles/data_display.dir/src/datadisplay.cpp.o] Error 1
CMakeFiles/Makefile2:948: recipe for target 'CMakeFiles/data_display.dir/all' failed
make[1]: *** [CMakeFiles/data_display.dir/all] Error 2
Makefile:138: recipe for target 'all' failed
make: *** [all] Error 2
