[  0%] Built target planner_msgs_generate_messages_py
[  0%] Built target kalman_msgs_generate_messages_py
[  0%] Built target kalman_msgs_generate_messages_nodejs
[  0%] Built target kalman_msgs_generate_messages_lisp
[  0%] Built target kalman_msgs_generate_messages_cpp
[  0%] Built target localization_msgs_generate_messages_lisp
[  0%] Built target roscpp_generate_messages_eus
[  0%] Built target localization_msgs_generate_messages_eus
[  0%] Built target control_msgs_generate_messages_eus
[  0%] Built target control_msgs_generate_messages_py
[  0%] Built target displaydata_msgs_generate_messages_nodejs
[  0%] Built target planner_msgs_generate_messages_nodejs
[  0%] Built target planner_msgs_generate_messages_lisp
[  0%] Built target tli65_can_msgs_generate_messages_py
[  0%] Built target localization_msgs_generate_messages_cpp
[  0%] Built target control_msgs_generate_messages_cpp
[  0%] Built target std_msgs_generate_messages_cpp
[  0%] Built target rosgraph_msgs_generate_messages_cpp
[  0%] Built target std_msgs_generate_messages_nodejs
[  0%] Built target roscpp_generate_messages_cpp
[  0%] Built target planner_msgs_generate_messages_eus
[  0%] Built target planner_msgs_generate_messages_cpp
[  0%] Built target std_msgs_generate_messages_lisp
[  0%] Built target can_msgs_generate_messages_lisp
[  0%] Built target displaydata_msgs_generate_messages_lisp
[  0%] Built target control_msgs_generate_messages_nodejs
[  0%] Built target tli65_can_msgs_generate_messages_nodejs
[  0%] Built target displaydata_msgs_generate_messages_cpp
[  0%] Built target std_msgs_generate_messages_eus
[  0%] Built target control_msgs_generate_messages_lisp
[  0%] Built target displaydata_msgs_generate_messages_eus
[  0%] Built target roscpp_generate_messages_lisp
[  0%] Built target displaydata_msgs_generate_messages_py
[  0%] Built target rosgraph_msgs_generate_messages_lisp
[  0%] Built target roscpp_generate_messages_nodejs
[  0%] Built target roscpp_generate_messages_py
[  0%] Built target rosgraph_msgs_generate_messages_py
[  0%] Built target can_msgs_generate_messages_nodejs
[  0%] Built target tli65_can_msgs_generate_messages_lisp
[  0%] Built target rosgraph_msgs_generate_messages_eus
[  0%] Built target kalman_msgs_generate_messages_eus
[  0%] Built target tli65_can_msgs_generate_messages_cpp
[  0%] Built target tli65_can_msgs_generate_messages_eus
[  0%] Built target localization_msgs_generate_messages_nodejs
[  0%] Built target rosgraph_msgs_generate_messages_nodejs
[  0%] Built target can_msgs_generate_messages_cpp
[  0%] Built target localization_msgs_generate_messages_py
[  0%] Built target can_msgs_generate_messages_py
[  0%] Built target can_msgs_generate_messages_eus
[  0%] Built target std_msgs_generate_messages_py
[35m[1mScanning dependencies of target data_display[0m
[ 50%] [32mBuilding CXX object CMakeFiles/data_display.dir/src/datadisplay.cpp.o[0m
[100%] [32m[1mLinking CXX executable /home/oligay_61/zone3/devel/.private/data_display/lib/data_display/data_display[0m
[100%] Built target data_display
