[ 33%] Built target tst_bt
[ 33%] Built target decider_msgs_generate_messages_py
[ 33%] Built target std_msgs_generate_messages_eus
[ 33%] Built target rosgraph_msgs_generate_messages_py
[ 33%] Built target rosgraph_msgs_generate_messages_lisp
[ 33%] Built target roscpp_generate_messages_nodejs
[ 33%] Built target rosgraph_msgs_generate_messages_nodejs
[ 33%] Built target teledrive_msgs_generate_messages_nodejs
[ 33%] Built target decider_msgs_generate_messages_lisp
[ 33%] Built target std_msgs_generate_messages_cpp
[ 33%] Built target roscpp_generate_messages_eus
[ 33%] Built target perception_msgs_generate_messages_py
[ 33%] Built target planner_msgs_generate_messages_lisp
[ 33%] Built target teledrive_msgs_generate_messages_eus
[ 33%] Built target teledrive_msgs_generate_messages_py
[ 33%] Built target std_msgs_generate_messages_lisp
[ 33%] Built target teledrive_msgs_generate_messages_cpp
[ 33%] Built target std_msgs_generate_messages_nodejs
[ 33%] Built target roscpp_generate_messages_lisp
[ 33%] Built target perception_msgs_generate_messages_cpp
[ 33%] Built target rosgraph_msgs_generate_messages_eus
[ 33%] Built target perception_msgs_generate_messages_nodejs
[ 33%] Built target decider_msgs_generate_messages_cpp
[ 33%] Built target teledrive_msgs_generate_messages_lisp
[ 33%] Built target roscpp_generate_messages_py
[ 33%] Built target perception_msgs_generate_messages_eus
[ 33%] Built target rosgraph_msgs_generate_messages_cpp
[ 33%] Built target planner_msgs_generate_messages_eus
[ 33%] Built target perception_msgs_generate_messages_lisp
[ 33%] Built target planner_msgs_generate_messages_cpp
[ 33%] Built target planner_msgs_generate_messages_nodejs
[ 33%] Built target std_msgs_generate_messages_py
[ 33%] Built target decider_msgs_generate_messages_eus
[ 33%] Built target planner_msgs_generate_messages_py
[ 33%] Built target roscpp_generate_messages_cpp
[ 33%] Built target decider_msgs_generate_messages_nodejs
[100%] Built target bt_decider
