[35m[1mScanning dependencies of target tst_bt[0m
[ 16%] [32mBuilding CXX object CMakeFiles/tst_bt.dir/src/tst_bt.cc.o[0m
[35m[1mScanning dependencies of target decider_msgs_generate_messages_py[0m
[ 16%] Built target decider_msgs_generate_messages_py
[35m[1mScanning dependencies of target std_msgs_generate_messages_eus[0m
[ 16%] Built target std_msgs_generate_messages_eus
[35m[1mScanning dependencies of target rosgraph_msgs_generate_messages_py[0m
[ 16%] Built target rosgraph_msgs_generate_messages_py
[35m[1mScanning dependencies of target rosgraph_msgs_generate_messages_lisp[0m
[ 16%] Built target rosgraph_msgs_generate_messages_lisp
[35m[1mScanning dependencies of target roscpp_generate_messages_nodejs[0m
[ 16%] Built target roscpp_generate_messages_nodejs
[35m[1mScanning dependencies of target rosgraph_msgs_generate_messages_nodejs[0m
[ 16%] Built target rosgraph_msgs_generate_messages_nodejs
[35m[1mScanning dependencies of target teledrive_msgs_generate_messages_nodejs[0m
[ 16%] Built target teledrive_msgs_generate_messages_nodejs
[35m[1mScanning dependencies of target std_msgs_generate_messages_cpp[0m
[ 16%] Built target std_msgs_generate_messages_cpp
[35m[1mScanning dependencies of target decider_msgs_generate_messages_lisp[0m
[ 16%] Built target decider_msgs_generate_messages_lisp
[35m[1mScanning dependencies of target roscpp_generate_messages_eus[0m
[ 16%] Built target roscpp_generate_messages_eus
[35m[1mScanning dependencies of target perception_msgs_generate_messages_py[0m
[ 16%] Built target perception_msgs_generate_messages_py
[35m[1mScanning dependencies of target planner_msgs_generate_messages_lisp[0m
[ 16%] Built target planner_msgs_generate_messages_lisp
[35m[1mScanning dependencies of target teledrive_msgs_generate_messages_eus[0m
[ 16%] Built target teledrive_msgs_generate_messages_eus
[35m[1mScanning dependencies of target teledrive_msgs_generate_messages_py[0m
[ 16%] Built target teledrive_msgs_generate_messages_py
[35m[1mScanning dependencies of target std_msgs_generate_messages_lisp[0m
[ 16%] Built target std_msgs_generate_messages_lisp
[35m[1mScanning dependencies of target teledrive_msgs_generate_messages_cpp[0m
[ 16%] Built target teledrive_msgs_generate_messages_cpp
[35m[1mScanning dependencies of target std_msgs_generate_messages_nodejs[0m
[ 16%] Built target std_msgs_generate_messages_nodejs
[35m[1mScanning dependencies of target roscpp_generate_messages_lisp[0m
[ 16%] Built target roscpp_generate_messages_lisp
[35m[1mScanning dependencies of target perception_msgs_generate_messages_cpp[0m
[ 16%] Built target perception_msgs_generate_messages_cpp
[35m[1mScanning dependencies of target decider_msgs_generate_messages_cpp[0m
[ 16%] Built target decider_msgs_generate_messages_cpp
[35m[1mScanning dependencies of target rosgraph_msgs_generate_messages_eus[0m
[ 16%] Built target rosgraph_msgs_generate_messages_eus
[ 33%] [32m[1mLinking CXX executable /home/oligay_61/zone3/devel/.private/bt_decider/lib/bt_decider/tst_bt[0m
[ 33%] Built target tst_bt
[35m[1mScanning dependencies of target perception_msgs_generate_messages_nodejs[0m
[ 33%] Built target perception_msgs_generate_messages_nodejs
[35m[1mScanning dependencies of target roscpp_generate_messages_py[0m
[ 33%] Built target roscpp_generate_messages_py
[35m[1mScanning dependencies of target teledrive_msgs_generate_messages_lisp[0m
[ 33%] Built target teledrive_msgs_generate_messages_lisp
[35m[1mScanning dependencies of target perception_msgs_generate_messages_eus[0m
[ 33%] Built target perception_msgs_generate_messages_eus
[35m[1mScanning dependencies of target rosgraph_msgs_generate_messages_cpp[0m
[ 33%] Built target rosgraph_msgs_generate_messages_cpp
[35m[1mScanning dependencies of target perception_msgs_generate_messages_lisp[0m
[ 33%] Built target perception_msgs_generate_messages_lisp
[35m[1mScanning dependencies of target planner_msgs_generate_messages_eus[0m
[ 33%] Built target planner_msgs_generate_messages_eus
[35m[1mScanning dependencies of target planner_msgs_generate_messages_cpp[0m
[ 33%] Built target planner_msgs_generate_messages_cpp
[35m[1mScanning dependencies of target planner_msgs_generate_messages_nodejs[0m
[ 33%] Built target planner_msgs_generate_messages_nodejs
[35m[1mScanning dependencies of target std_msgs_generate_messages_py[0m
[ 33%] Built target std_msgs_generate_messages_py
[35m[1mScanning dependencies of target planner_msgs_generate_messages_py[0m
[ 33%] Built target planner_msgs_generate_messages_py
[35m[1mScanning dependencies of target roscpp_generate_messages_cpp[0m
[ 33%] Built target roscpp_generate_messages_cpp
[35m[1mScanning dependencies of target decider_msgs_generate_messages_eus[0m
[ 33%] Built target decider_msgs_generate_messages_eus
[35m[1mScanning dependencies of target decider_msgs_generate_messages_nodejs[0m
[ 33%] Built target decider_msgs_generate_messages_nodejs
[35m[1mScanning dependencies of target bt_decider[0m
[ 50%] [32mBuilding CXX object CMakeFiles/bt_decider.dir/src/bt_decider.cc.o[0m
[ 66%] [32mBuilding CXX object CMakeFiles/bt_decider.dir/src/check/CheckLaneFrontClear.cc.o[0m
[ 83%] [32mBuilding CXX object CMakeFiles/bt_decider.dir/src/check/CheckLaneBackClear.cc.o[0m
[100%] [32m[1mLinking CXX executable /home/oligay_61/zone3/devel/.private/bt_decider/lib/bt_decider/bt_decider[0m
[100%] Built target bt_decider
