[35m[1mScanning dependencies of target _localization_msgs_generate_messages_check_deps_Pose[0m
[  0%] Built target _localization_msgs_generate_messages_check_deps_Pose
[35m[1mScanning dependencies of target std_msgs_generate_messages_cpp[0m
[  0%] Built target std_msgs_generate_messages_cpp
[35m[1mScanning dependencies of target geometry_msgs_generate_messages_cpp[0m
[  0%] Built target geometry_msgs_generate_messages_cpp
[35m[1mScanning dependencies of target _localization_msgs_generate_messages_check_deps_SteerSpeedYawRate[0m
[  0%] Built target _localization_msgs_generate_messages_check_deps_SteerSpeedYawRate
[35m[1mScanning dependencies of target std_msgs_generate_messages_py[0m
[  0%] Built target std_msgs_generate_messages_py
[35m[1mScanning dependencies of target geometry_msgs_generate_messages_py[0m
[  0%] Built target geometry_msgs_generate_messages_py
[35m[1mScanning dependencies of target std_msgs_generate_messages_lisp[0m
[  0%] Built target std_msgs_generate_messages_lisp
[35m[1mScanning dependencies of target geometry_msgs_generate_messages_lisp[0m
[  0%] Built target geometry_msgs_generate_messages_lisp
[35m[1mScanning dependencies of target geometry_msgs_generate_messages_nodejs[0m
[  0%] Built target geometry_msgs_generate_messages_nodejs
[35m[1mScanning dependencies of target std_msgs_generate_messages_nodejs[0m
[  0%] Built target std_msgs_generate_messages_nodejs
[35m[1mScanning dependencies of target std_msgs_generate_messages_eus[0m
[  0%] Built target std_msgs_generate_messages_eus
[35m[1mScanning dependencies of target geometry_msgs_generate_messages_eus[0m
[  0%] Built target geometry_msgs_generate_messages_eus
[35m[1mScanning dependencies of target localization_msgs_generate_messages_cpp[0m
[  8%] [34m[1mGenerating C++ code from localization_msgs/SteerSpeedYawRate.msg[0m
[ 16%] [34m[1mGenerating C++ code from localization_msgs/Pose.msg[0m
[ 16%] Built target localization_msgs_generate_messages_cpp
[35m[1mScanning dependencies of target localization_msgs_generate_messages_py[0m
[ 25%] [34m[1mGenerating Python from MSG localization_msgs/SteerSpeedYawRate[0m
[ 33%] [34m[1mGenerating Python from MSG localization_msgs/Pose[0m
[ 41%] [34m[1mGenerating Python msg __init__.py for localization_msgs[0m
[ 41%] Built target localization_msgs_generate_messages_py
[35m[1mScanning dependencies of target localization_msgs_generate_messages_lisp[0m
[ 50%] [34m[1mGenerating Lisp code from localization_msgs/SteerSpeedYawRate.msg[0m
[ 58%] [34m[1mGenerating Lisp code from localization_msgs/Pose.msg[0m
[ 58%] Built target localization_msgs_generate_messages_lisp
[35m[1mScanning dependencies of target localization_msgs_generate_messages_nodejs[0m
[ 66%] [34m[1mGenerating Javascript code from localization_msgs/SteerSpeedYawRate.msg[0m
[ 75%] [34m[1mGenerating Javascript code from localization_msgs/Pose.msg[0m
[ 75%] Built target localization_msgs_generate_messages_nodejs
[35m[1mScanning dependencies of target localization_msgs_generate_messages_eus[0m
[ 83%] [34m[1mGenerating EusLisp code from localization_msgs/SteerSpeedYawRate.msg[0m
[ 91%] [34m[1mGenerating EusLisp code from localization_msgs/Pose.msg[0m
[100%] [34m[1mGenerating EusLisp manifest code for localization_msgs[0m
[100%] Built target localization_msgs_generate_messages_eus
[35m[1mScanning dependencies of target localization_msgs_generate_messages[0m
[100%] Built target localization_msgs_generate_messages
