Symlinking /home/oligay_61/zone3/devel/share/gennodejs/ros/localization_msgs/_index.js
Symlinking /home/oligay_61/zone3/devel/share/gennodejs/ros/localization_msgs/msg/Pose.js
Symlinking /home/oligay_61/zone3/devel/share/gennodejs/ros/localization_msgs/msg/_index.js
Symlinking /home/oligay_61/zone3/devel/share/gennodejs/ros/localization_msgs/msg/SteerSpeedYawRate.js
Symlinking /home/oligay_61/zone3/devel/share/roseus/ros/localization_msgs/manifest.l
Symlinking /home/oligay_61/zone3/devel/share/roseus/ros/localization_msgs/msg/Pose.l
Symlinking /home/oligay_61/zone3/devel/share/roseus/ros/localization_msgs/msg/SteerSpeedYawRate.l
Symlinking /home/oligay_61/zone3/devel/share/localization_msgs/cmake/localization_msgsConfig.cmake
Symlinking /home/oligay_61/zone3/devel/share/localization_msgs/cmake/localization_msgsConfig-version.cmake
Symlinking /home/oligay_61/zone3/devel/share/localization_msgs/cmake/localization_msgs-msg-extras.cmake
Symlinking /home/oligay_61/zone3/devel/share/localization_msgs/cmake/localization_msgs-msg-paths.cmake
Symlinking /home/oligay_61/zone3/devel/share/common-lisp/ros/localization_msgs/msg/Pose.lisp
Symlinking /home/oligay_61/zone3/devel/share/common-lisp/ros/localization_msgs/msg/_package_SteerSpeedYawRate.lisp
Symlinking /home/oligay_61/zone3/devel/share/common-lisp/ros/localization_msgs/msg/SteerSpeedYawRate.lisp
Symlinking /home/oligay_61/zone3/devel/share/common-lisp/ros/localization_msgs/msg/localization_msgs-msg.asd
Symlinking /home/oligay_61/zone3/devel/share/common-lisp/ros/localization_msgs/msg/_package_Pose.lisp
Symlinking /home/oligay_61/zone3/devel/share/common-lisp/ros/localization_msgs/msg/_package.lisp
Symlinking /home/oligay_61/zone3/devel/include/localization_msgs/SteerSpeedYawRate.h
Symlinking /home/oligay_61/zone3/devel/include/localization_msgs/Pose.h
Symlinking /home/oligay_61/zone3/devel/lib/pkgconfig/localization_msgs.pc
Symlinking /home/oligay_61/zone3/devel/lib/python2.7/dist-packages/localization_msgs/__init__.py
Symlinking /home/oligay_61/zone3/devel/lib/python2.7/dist-packages/localization_msgs/msg/_Pose.py
Symlinking /home/oligay_61/zone3/devel/lib/python2.7/dist-packages/localization_msgs/msg/_SteerSpeedYawRate.py
Symlinking /home/oligay_61/zone3/devel/lib/python2.7/dist-packages/localization_msgs/msg/__init__.py
