Determining if the pthread_create exist failed with the following output:
Change Dir: /home/oligay_61/zone3/build/pedestal_pi_no_gripper_moveit_config/CMakeFiles/CMakeTmp

Run Build Command:"/usr/bin/make" "cmTC_8db77/fast"
/usr/bin/make -f CMakeFiles/cmTC_8db77.dir/build.make CMakeFiles/cmTC_8db77.dir/build
make[1]: Entering directory '/home/oligay_61/zone3/build/pedestal_pi_no_gripper_moveit_config/CMakeFiles/CMakeTmp'
Building C object CMakeFiles/cmTC_8db77.dir/CheckSymbolExists.c.o
/usr/bin/cc     -o CMakeFiles/cmTC_8db77.dir/CheckSymbolExists.c.o   -c /home/oligay_61/zone3/build/pedestal_pi_no_gripper_moveit_config/CMakeFiles/CMakeTmp/CheckSymbolExists.c
Linking C executable cmTC_8db77
/usr/bin/cmake -E cmake_link_script CMakeFiles/cmTC_8db77.dir/link.txt --verbose=1
/usr/bin/cc       CMakeFiles/cmTC_8db77.dir/CheckSymbolExists.c.o  -o cmTC_8db77 -rdynamic 
CMakeFiles/cmTC_8db77.dir/CheckSymbolExists.c.o: In function `main':
CheckSymbolExists.c:(.text+0x16): undefined reference to `pthread_create'
collect2: error: ld returned 1 exit status
CMakeFiles/cmTC_8db77.dir/build.make:97: recipe for target 'cmTC_8db77' failed
make[1]: *** [cmTC_8db77] Error 1
make[1]: Leaving directory '/home/oligay_61/zone3/build/pedestal_pi_no_gripper_moveit_config/CMakeFiles/CMakeTmp'
Makefile:126: recipe for target 'cmTC_8db77/fast' failed
make: *** [cmTC_8db77/fast] Error 2

File /home/oligay_61/zone3/build/pedestal_pi_no_gripper_moveit_config/CMakeFiles/CMakeTmp/CheckSymbolExists.c:
/* */
#include <pthread.h>

int main(int argc, char** argv)
{
  (void)argv;
#ifndef pthread_create
  return ((int*)(&pthread_create))[argc];
#else
  (void)argc;
  return 0;
#endif
}

Determining if the function pthread_create exists in the pthreads failed with the following output:
Change Dir: /home/oligay_61/zone3/build/pedestal_pi_no_gripper_moveit_config/CMakeFiles/CMakeTmp

Run Build Command:"/usr/bin/make" "cmTC_d9e0c/fast"
/usr/bin/make -f CMakeFiles/cmTC_d9e0c.dir/build.make CMakeFiles/cmTC_d9e0c.dir/build
make[1]: Entering directory '/home/oligay_61/zone3/build/pedestal_pi_no_gripper_moveit_config/CMakeFiles/CMakeTmp'
Building C object CMakeFiles/cmTC_d9e0c.dir/CheckFunctionExists.c.o
/usr/bin/cc    -DCHECK_FUNCTION_EXISTS=pthread_create   -o CMakeFiles/cmTC_d9e0c.dir/CheckFunctionExists.c.o   -c /usr/share/cmake-3.5/Modules/CheckFunctionExists.c
Linking C executable cmTC_d9e0c
/usr/bin/cmake -E cmake_link_script CMakeFiles/cmTC_d9e0c.dir/link.txt --verbose=1
/usr/bin/cc   -DCHECK_FUNCTION_EXISTS=pthread_create    CMakeFiles/cmTC_d9e0c.dir/CheckFunctionExists.c.o  -o cmTC_d9e0c -rdynamic -lpthreads 
/usr/bin/ld: cannot find -lpthreads
collect2: error: ld returned 1 exit status
CMakeFiles/cmTC_d9e0c.dir/build.make:97: recipe for target 'cmTC_d9e0c' failed
make[1]: *** [cmTC_d9e0c] Error 1
make[1]: Leaving directory '/home/oligay_61/zone3/build/pedestal_pi_no_gripper_moveit_config/CMakeFiles/CMakeTmp'
Makefile:126: recipe for target 'cmTC_d9e0c/fast' failed
make: *** [cmTC_d9e0c/fast] Error 2


