Determining if the pthread_create exist failed with the following output:
Change Dir: /home/oligay_61/zone3/build/rosbag_filter_gui/CMakeFiles/CMakeTmp

Run Build Command:"/usr/bin/make" "cmTC_31c12/fast"
/usr/bin/make -f CMakeFiles/cmTC_31c12.dir/build.make CMakeFiles/cmTC_31c12.dir/build
make[1]: Entering directory '/home/oligay_61/zone3/build/rosbag_filter_gui/CMakeFiles/CMakeTmp'
Building C object CMakeFiles/cmTC_31c12.dir/CheckSymbolExists.c.o
/usr/bin/cc     -o CMakeFiles/cmTC_31c12.dir/CheckSymbolExists.c.o   -c /home/oligay_61/zone3/build/rosbag_filter_gui/CMakeFiles/CMakeTmp/CheckSymbolExists.c
Linking C executable cmTC_31c12
/usr/bin/cmake -E cmake_link_script CMakeFiles/cmTC_31c12.dir/link.txt --verbose=1
/usr/bin/cc       CMakeFiles/cmTC_31c12.dir/CheckSymbolExists.c.o  -o cmTC_31c12 -rdynamic 
CMakeFiles/cmTC_31c12.dir/CheckSymbolExists.c.o: In function `main':
CheckSymbolExists.c:(.text+0x16): undefined reference to `pthread_create'
collect2: error: ld returned 1 exit status
CMakeFiles/cmTC_31c12.dir/build.make:97: recipe for target 'cmTC_31c12' failed
make[1]: *** [cmTC_31c12] Error 1
make[1]: Leaving directory '/home/oligay_61/zone3/build/rosbag_filter_gui/CMakeFiles/CMakeTmp'
Makefile:126: recipe for target 'cmTC_31c12/fast' failed
make: *** [cmTC_31c12/fast] Error 2

File /home/oligay_61/zone3/build/rosbag_filter_gui/CMakeFiles/CMakeTmp/CheckSymbolExists.c:
/* */
#include <pthread.h>

int main(int argc, char** argv)
{
  (void)argv;
#ifndef pthread_create
  return ((int*)(&pthread_create))[argc];
#else
  (void)argc;
  return 0;
#endif
}

Determining if the function pthread_create exists in the pthreads failed with the following output:
Change Dir: /home/oligay_61/zone3/build/rosbag_filter_gui/CMakeFiles/CMakeTmp

Run Build Command:"/usr/bin/make" "cmTC_8cf7b/fast"
/usr/bin/make -f CMakeFiles/cmTC_8cf7b.dir/build.make CMakeFiles/cmTC_8cf7b.dir/build
make[1]: Entering directory '/home/oligay_61/zone3/build/rosbag_filter_gui/CMakeFiles/CMakeTmp'
Building C object CMakeFiles/cmTC_8cf7b.dir/CheckFunctionExists.c.o
/usr/bin/cc    -DCHECK_FUNCTION_EXISTS=pthread_create   -o CMakeFiles/cmTC_8cf7b.dir/CheckFunctionExists.c.o   -c /usr/share/cmake-3.5/Modules/CheckFunctionExists.c
Linking C executable cmTC_8cf7b
/usr/bin/cmake -E cmake_link_script CMakeFiles/cmTC_8cf7b.dir/link.txt --verbose=1
/usr/bin/cc   -DCHECK_FUNCTION_EXISTS=pthread_create    CMakeFiles/cmTC_8cf7b.dir/CheckFunctionExists.c.o  -o cmTC_8cf7b -rdynamic -lpthreads 
/usr/bin/ld: cannot find -lpthreads
collect2: error: ld returned 1 exit status
CMakeFiles/cmTC_8cf7b.dir/build.make:97: recipe for target 'cmTC_8cf7b' failed
make[1]: *** [cmTC_8cf7b] Error 1
make[1]: Leaving directory '/home/oligay_61/zone3/build/rosbag_filter_gui/CMakeFiles/CMakeTmp'
Makefile:126: recipe for target 'cmTC_8cf7b/fast' failed
make: *** [cmTC_8cf7b/fast] Error 2


