Symlinking /home/oligay_61/zone3/devel/share/perception_msgs/cmake/perception_msgsConfig.cmake
Symlinking /home/oligay_61/zone3/devel/share/perception_msgs/cmake/perception_msgs-msg-paths.cmake
Symlinking /home/oligay_61/zone3/devel/share/perception_msgs/cmake/perception_msgs-msg-extras.cmake
Symlinking /home/oligay_61/zone3/devel/share/perception_msgs/cmake/perception_msgsConfig-version.cmake
Symlinking /home/oligay_61/zone3/devel/share/gennodejs/ros/perception_msgs/_index.js
Symlinking /home/oligay_61/zone3/devel/share/gennodejs/ros/perception_msgs/msg/_index.js
Symlinking /home/oligay_61/zone3/devel/share/gennodejs/ros/perception_msgs/msg/Objs.js
Symlinking /home/oligay_61/zone3/devel/share/gennodejs/ros/perception_msgs/msg/Obj.js
Symlinking /home/oligay_61/zone3/devel/share/gennodejs/ros/perception_msgs/msg/DriveArea.js
Symlinking /home/oligay_61/zone3/devel/share/roseus/ros/perception_msgs/manifest.l
Symlinking /home/oligay_61/zone3/devel/share/roseus/ros/perception_msgs/msg/Obj.l
Symlinking /home/oligay_61/zone3/devel/share/roseus/ros/perception_msgs/msg/Objs.l
Symlinking /home/oligay_61/zone3/devel/share/roseus/ros/perception_msgs/msg/DriveArea.l
Symlinking /home/oligay_61/zone3/devel/share/common-lisp/ros/perception_msgs/msg/_package_Obj.lisp
Symlinking /home/oligay_61/zone3/devel/share/common-lisp/ros/perception_msgs/msg/_package_DriveArea.lisp
Symlinking /home/oligay_61/zone3/devel/share/common-lisp/ros/perception_msgs/msg/_package_Objs.lisp
Symlinking /home/oligay_61/zone3/devel/share/common-lisp/ros/perception_msgs/msg/perception_msgs-msg.asd
Symlinking /home/oligay_61/zone3/devel/share/common-lisp/ros/perception_msgs/msg/DriveArea.lisp
Symlinking /home/oligay_61/zone3/devel/share/common-lisp/ros/perception_msgs/msg/Objs.lisp
Symlinking /home/oligay_61/zone3/devel/share/common-lisp/ros/perception_msgs/msg/_package.lisp
Symlinking /home/oligay_61/zone3/devel/share/common-lisp/ros/perception_msgs/msg/Obj.lisp
Symlinking /home/oligay_61/zone3/devel/include/perception_msgs/DriveArea.h
Symlinking /home/oligay_61/zone3/devel/include/perception_msgs/Obj.h
Symlinking /home/oligay_61/zone3/devel/include/perception_msgs/Objs.h
Symlinking /home/oligay_61/zone3/devel/lib/pkgconfig/perception_msgs.pc
Symlinking /home/oligay_61/zone3/devel/lib/python2.7/dist-packages/perception_msgs/__init__.py
Symlinking /home/oligay_61/zone3/devel/lib/python2.7/dist-packages/perception_msgs/msg/_Obj.py
Symlinking /home/oligay_61/zone3/devel/lib/python2.7/dist-packages/perception_msgs/msg/_Objs.py
Symlinking /home/oligay_61/zone3/devel/lib/python2.7/dist-packages/perception_msgs/msg/_DriveArea.py
Symlinking /home/oligay_61/zone3/devel/lib/python2.7/dist-packages/perception_msgs/msg/__init__.py
