[35m[1mScanning dependencies of target _perception_msgs_generate_messages_check_deps_Objs[0m
[  0%] Built target _perception_msgs_generate_messages_check_deps_Objs
[35m[1mScanning dependencies of target std_msgs_generate_messages_cpp[0m
[35m[1mScanning dependencies of target geometry_msgs_generate_messages_cpp[0m
[  0%] Built target std_msgs_generate_messages_cpp
[  0%] Built target geometry_msgs_generate_messages_cpp
[35m[1mScanning dependencies of target _perception_msgs_generate_messages_check_deps_Obj[0m
[  0%] Built target _perception_msgs_generate_messages_check_deps_Obj
[35m[1mScanning dependencies of target _perception_msgs_generate_messages_check_deps_DriveArea[0m
[35m[1mScanning dependencies of target geometry_msgs_generate_messages_py[0m
[  0%] Built target geometry_msgs_generate_messages_py
[  0%] Built target _perception_msgs_generate_messages_check_deps_DriveArea
[35m[1mScanning dependencies of target std_msgs_generate_messages_py[0m
[35m[1mScanning dependencies of target geometry_msgs_generate_messages_nodejs[0m
[  0%] Built target std_msgs_generate_messages_py
[  0%] Built target geometry_msgs_generate_messages_nodejs
[35m[1mScanning dependencies of target std_msgs_generate_messages_nodejs[0m
[  0%] Built target std_msgs_generate_messages_nodejs
[35m[1mScanning dependencies of target std_msgs_generate_messages_lisp[0m
[  0%] Built target std_msgs_generate_messages_lisp
[35m[1mScanning dependencies of target geometry_msgs_generate_messages_lisp[0m
[  0%] Built target geometry_msgs_generate_messages_lisp
[35m[1mScanning dependencies of target std_msgs_generate_messages_eus[0m
[35m[1mScanning dependencies of target geometry_msgs_generate_messages_eus[0m
[  0%] Built target geometry_msgs_generate_messages_eus
[  0%] Built target std_msgs_generate_messages_eus
[35m[1mScanning dependencies of target perception_msgs_generate_messages_cpp[0m
[  5%] [34m[1mGenerating C++ code from perception_msgs/Obj.msg[0m
[35m[1mScanning dependencies of target perception_msgs_generate_messages_py[0m
[ 11%] [34m[1mGenerating Python from MSG perception_msgs/Obj[0m
[ 17%] [34m[1mGenerating Python from MSG perception_msgs/DriveArea[0m
[ 23%] [34m[1mGenerating C++ code from perception_msgs/DriveArea.msg[0m
[ 29%] [34m[1mGenerating Python from MSG perception_msgs/Objs[0m
[ 35%] [34m[1mGenerating C++ code from perception_msgs/Objs.msg[0m
[ 41%] [34m[1mGenerating Python msg __init__.py for perception_msgs[0m
[ 41%] Built target perception_msgs_generate_messages_cpp
[35m[1mScanning dependencies of target perception_msgs_generate_messages_nodejs[0m
[ 41%] Built target perception_msgs_generate_messages_py
[ 47%] [34m[1mGenerating Javascript code from perception_msgs/Obj.msg[0m
[35m[1mScanning dependencies of target perception_msgs_generate_messages_lisp[0m
[ 52%] [34m[1mGenerating Javascript code from perception_msgs/DriveArea.msg[0m
[ 58%] [34m[1mGenerating Lisp code from perception_msgs/Obj.msg[0m
[ 64%] [34m[1mGenerating Lisp code from perception_msgs/DriveArea.msg[0m
[ 70%] [34m[1mGenerating Javascript code from perception_msgs/Objs.msg[0m
[ 76%] [34m[1mGenerating Lisp code from perception_msgs/Objs.msg[0m
[ 76%] Built target perception_msgs_generate_messages_nodejs
[35m[1mScanning dependencies of target perception_msgs_generate_messages_eus[0m
[ 76%] Built target perception_msgs_generate_messages_lisp
[ 82%] [34m[1mGenerating EusLisp code from perception_msgs/Obj.msg[0m
[ 88%] [34m[1mGenerating EusLisp code from perception_msgs/DriveArea.msg[0m
[ 94%] [34m[1mGenerating EusLisp code from perception_msgs/Objs.msg[0m
[100%] [34m[1mGenerating EusLisp manifest code for perception_msgs[0m
[100%] Built target perception_msgs_generate_messages_eus
[35m[1mScanning dependencies of target perception_msgs_generate_messages[0m
[100%] Built target perception_msgs_generate_messages
