Linked: (/home/oligay_61/zone3/devel/.private/perception_msgs/share/perception_msgs/cmake/perception_msgsConfig.cmake, /home/oligay_61/zone3/devel/share/perception_msgs/cmake/perception_msgsConfig.cmake)
Linked: (/home/oligay_61/zone3/devel/.private/perception_msgs/share/perception_msgs/cmake/perception_msgs-msg-paths.cmake, /home/oligay_61/zone3/devel/share/perception_msgs/cmake/perception_msgs-msg-paths.cmake)
Linked: (/home/oligay_61/zone3/devel/.private/perception_msgs/share/perception_msgs/cmake/perception_msgs-msg-extras.cmake, /home/oligay_61/zone3/devel/share/perception_msgs/cmake/perception_msgs-msg-extras.cmake)
Linked: (/home/oligay_61/zone3/devel/.private/perception_msgs/share/perception_msgs/cmake/perception_msgsConfig-version.cmake, /home/oligay_61/zone3/devel/share/perception_msgs/cmake/perception_msgsConfig-version.cmake)
Linked: (/home/oligay_61/zone3/devel/.private/perception_msgs/share/gennodejs/ros/perception_msgs/_index.js, /home/oligay_61/zone3/devel/share/gennodejs/ros/perception_msgs/_index.js)
Linked: (/home/oligay_61/zone3/devel/.private/perception_msgs/share/gennodejs/ros/perception_msgs/msg/_index.js, /home/oligay_61/zone3/devel/share/gennodejs/ros/perception_msgs/msg/_index.js)
Linked: (/home/oligay_61/zone3/devel/.private/perception_msgs/share/gennodejs/ros/perception_msgs/msg/Objs.js, /home/oligay_61/zone3/devel/share/gennodejs/ros/perception_msgs/msg/Objs.js)
Linked: (/home/oligay_61/zone3/devel/.private/perception_msgs/share/gennodejs/ros/perception_msgs/msg/Obj.js, /home/oligay_61/zone3/devel/share/gennodejs/ros/perception_msgs/msg/Obj.js)
Linked: (/home/oligay_61/zone3/devel/.private/perception_msgs/share/gennodejs/ros/perception_msgs/msg/DriveArea.js, /home/oligay_61/zone3/devel/share/gennodejs/ros/perception_msgs/msg/DriveArea.js)
Linked: (/home/oligay_61/zone3/devel/.private/perception_msgs/share/roseus/ros/perception_msgs/manifest.l, /home/oligay_61/zone3/devel/share/roseus/ros/perception_msgs/manifest.l)
Linked: (/home/oligay_61/zone3/devel/.private/perception_msgs/share/roseus/ros/perception_msgs/msg/Obj.l, /home/oligay_61/zone3/devel/share/roseus/ros/perception_msgs/msg/Obj.l)
Linked: (/home/oligay_61/zone3/devel/.private/perception_msgs/share/roseus/ros/perception_msgs/msg/Objs.l, /home/oligay_61/zone3/devel/share/roseus/ros/perception_msgs/msg/Objs.l)
Linked: (/home/oligay_61/zone3/devel/.private/perception_msgs/share/roseus/ros/perception_msgs/msg/DriveArea.l, /home/oligay_61/zone3/devel/share/roseus/ros/perception_msgs/msg/DriveArea.l)
Linked: (/home/oligay_61/zone3/devel/.private/perception_msgs/share/common-lisp/ros/perception_msgs/msg/_package_Obj.lisp, /home/oligay_61/zone3/devel/share/common-lisp/ros/perception_msgs/msg/_package_Obj.lisp)
Linked: (/home/oligay_61/zone3/devel/.private/perception_msgs/share/common-lisp/ros/perception_msgs/msg/_package_DriveArea.lisp, /home/oligay_61/zone3/devel/share/common-lisp/ros/perception_msgs/msg/_package_DriveArea.lisp)
Linked: (/home/oligay_61/zone3/devel/.private/perception_msgs/share/common-lisp/ros/perception_msgs/msg/_package_Objs.lisp, /home/oligay_61/zone3/devel/share/common-lisp/ros/perception_msgs/msg/_package_Objs.lisp)
Linked: (/home/oligay_61/zone3/devel/.private/perception_msgs/share/common-lisp/ros/perception_msgs/msg/perception_msgs-msg.asd, /home/oligay_61/zone3/devel/share/common-lisp/ros/perception_msgs/msg/perception_msgs-msg.asd)
Linked: (/home/oligay_61/zone3/devel/.private/perception_msgs/share/common-lisp/ros/perception_msgs/msg/DriveArea.lisp, /home/oligay_61/zone3/devel/share/common-lisp/ros/perception_msgs/msg/DriveArea.lisp)
Linked: (/home/oligay_61/zone3/devel/.private/perception_msgs/share/common-lisp/ros/perception_msgs/msg/Objs.lisp, /home/oligay_61/zone3/devel/share/common-lisp/ros/perception_msgs/msg/Objs.lisp)
Linked: (/home/oligay_61/zone3/devel/.private/perception_msgs/share/common-lisp/ros/perception_msgs/msg/_package.lisp, /home/oligay_61/zone3/devel/share/common-lisp/ros/perception_msgs/msg/_package.lisp)
Linked: (/home/oligay_61/zone3/devel/.private/perception_msgs/share/common-lisp/ros/perception_msgs/msg/Obj.lisp, /home/oligay_61/zone3/devel/share/common-lisp/ros/perception_msgs/msg/Obj.lisp)
Linked: (/home/oligay_61/zone3/devel/.private/perception_msgs/include/perception_msgs/DriveArea.h, /home/oligay_61/zone3/devel/include/perception_msgs/DriveArea.h)
Linked: (/home/oligay_61/zone3/devel/.private/perception_msgs/include/perception_msgs/Obj.h, /home/oligay_61/zone3/devel/include/perception_msgs/Obj.h)
Linked: (/home/oligay_61/zone3/devel/.private/perception_msgs/include/perception_msgs/Objs.h, /home/oligay_61/zone3/devel/include/perception_msgs/Objs.h)
Linked: (/home/oligay_61/zone3/devel/.private/perception_msgs/lib/pkgconfig/perception_msgs.pc, /home/oligay_61/zone3/devel/lib/pkgconfig/perception_msgs.pc)
Linked: (/home/oligay_61/zone3/devel/.private/perception_msgs/lib/python2.7/dist-packages/perception_msgs/__init__.py, /home/oligay_61/zone3/devel/lib/python2.7/dist-packages/perception_msgs/__init__.py)
Linked: (/home/oligay_61/zone3/devel/.private/perception_msgs/lib/python2.7/dist-packages/perception_msgs/msg/_Obj.py, /home/oligay_61/zone3/devel/lib/python2.7/dist-packages/perception_msgs/msg/_Obj.py)
Linked: (/home/oligay_61/zone3/devel/.private/perception_msgs/lib/python2.7/dist-packages/perception_msgs/msg/_Objs.py, /home/oligay_61/zone3/devel/lib/python2.7/dist-packages/perception_msgs/msg/_Objs.py)
Linked: (/home/oligay_61/zone3/devel/.private/perception_msgs/lib/python2.7/dist-packages/perception_msgs/msg/_DriveArea.py, /home/oligay_61/zone3/devel/lib/python2.7/dist-packages/perception_msgs/msg/_DriveArea.py)
Linked: (/home/oligay_61/zone3/devel/.private/perception_msgs/lib/python2.7/dist-packages/perception_msgs/msg/__init__.py, /home/oligay_61/zone3/devel/lib/python2.7/dist-packages/perception_msgs/msg/__init__.py)
