Determining if the pthread_create exist failed with the following output:
Change Dir: /home/oligay_61/zone3/build/hybrid_astar/CMakeFiles/CMakeTmp

Run Build Command:"/usr/bin/make" "cmTC_1a7de/fast"
/usr/bin/make -f CMakeFiles/cmTC_1a7de.dir/build.make CMakeFiles/cmTC_1a7de.dir/build
make[1]: Entering directory '/home/oligay_61/zone3/build/hybrid_astar/CMakeFiles/CMakeTmp'
Building C object CMakeFiles/cmTC_1a7de.dir/CheckSymbolExists.c.o
/usr/bin/cc     -o CMakeFiles/cmTC_1a7de.dir/CheckSymbolExists.c.o   -c /home/oligay_61/zone3/build/hybrid_astar/CMakeFiles/CMakeTmp/CheckSymbolExists.c
Linking C executable cmTC_1a7de
/usr/bin/cmake -E cmake_link_script CMakeFiles/cmTC_1a7de.dir/link.txt --verbose=1
/usr/bin/cc       CMakeFiles/cmTC_1a7de.dir/CheckSymbolExists.c.o  -o cmTC_1a7de -rdynamic 
CMakeFiles/cmTC_1a7de.dir/CheckSymbolExists.c.o: In function `main':
CheckSymbolExists.c:(.text+0x16): undefined reference to `pthread_create'
collect2: error: ld returned 1 exit status
CMakeFiles/cmTC_1a7de.dir/build.make:97: recipe for target 'cmTC_1a7de' failed
make[1]: *** [cmTC_1a7de] Error 1
make[1]: Leaving directory '/home/oligay_61/zone3/build/hybrid_astar/CMakeFiles/CMakeTmp'
Makefile:126: recipe for target 'cmTC_1a7de/fast' failed
make: *** [cmTC_1a7de/fast] Error 2

File /home/oligay_61/zone3/build/hybrid_astar/CMakeFiles/CMakeTmp/CheckSymbolExists.c:
/* */
#include <pthread.h>

int main(int argc, char** argv)
{
  (void)argv;
#ifndef pthread_create
  return ((int*)(&pthread_create))[argc];
#else
  (void)argc;
  return 0;
#endif
}

Determining if the function pthread_create exists in the pthreads failed with the following output:
Change Dir: /home/oligay_61/zone3/build/hybrid_astar/CMakeFiles/CMakeTmp

Run Build Command:"/usr/bin/make" "cmTC_45be4/fast"
/usr/bin/make -f CMakeFiles/cmTC_45be4.dir/build.make CMakeFiles/cmTC_45be4.dir/build
make[1]: Entering directory '/home/oligay_61/zone3/build/hybrid_astar/CMakeFiles/CMakeTmp'
Building C object CMakeFiles/cmTC_45be4.dir/CheckFunctionExists.c.o
/usr/bin/cc    -DCHECK_FUNCTION_EXISTS=pthread_create   -o CMakeFiles/cmTC_45be4.dir/CheckFunctionExists.c.o   -c /usr/share/cmake-3.5/Modules/CheckFunctionExists.c
Linking C executable cmTC_45be4
/usr/bin/cmake -E cmake_link_script CMakeFiles/cmTC_45be4.dir/link.txt --verbose=1
/usr/bin/cc   -DCHECK_FUNCTION_EXISTS=pthread_create    CMakeFiles/cmTC_45be4.dir/CheckFunctionExists.c.o  -o cmTC_45be4 -rdynamic -lpthreads 
/usr/bin/ld: cannot find -lpthreads
collect2: error: ld returned 1 exit status
CMakeFiles/cmTC_45be4.dir/build.make:97: recipe for target 'cmTC_45be4' failed
make[1]: *** [cmTC_45be4] Error 1
make[1]: Leaving directory '/home/oligay_61/zone3/build/hybrid_astar/CMakeFiles/CMakeTmp'
Makefile:126: recipe for target 'cmTC_45be4/fast' failed
make: *** [cmTC_45be4/fast] Error 2


