Linked: (/home/oligay_61/zone3/devel/.private/control_msgs/share/gennodejs/ros/control_msgs/_index.js, /home/oligay_61/zone3/devel/share/gennodejs/ros/control_msgs/_index.js)
Linked: (/home/oligay_61/zone3/devel/.private/control_msgs/share/gennodejs/ros/control_msgs/msg/LowspeedControl.js, /home/oligay_61/zone3/devel/share/gennodejs/ros/control_msgs/msg/LowspeedControl.js)
Linked: (/home/oligay_61/zone3/devel/.private/control_msgs/share/gennodejs/ros/control_msgs/msg/_index.js, /home/oligay_61/zone3/devel/share/gennodejs/ros/control_msgs/msg/_index.js)
Linked: (/home/oligay_61/zone3/devel/.private/control_msgs/share/gennodejs/ros/control_msgs/msg/HighspeedControl.js, /home/oligay_61/zone3/devel/share/gennodejs/ros/control_msgs/msg/HighspeedControl.js)
Linked: (/home/oligay_61/zone3/devel/.private/control_msgs/share/gennodejs/ros/control_msgs/msg/ControlFSM.js, /home/oligay_61/zone3/devel/share/gennodejs/ros/control_msgs/msg/ControlFSM.js)
Linked: (/home/oligay_61/zone3/devel/.private/control_msgs/share/roseus/ros/control_msgs/manifest.l, /home/oligay_61/zone3/devel/share/roseus/ros/control_msgs/manifest.l)
Linked: (/home/oligay_61/zone3/devel/.private/control_msgs/share/roseus/ros/control_msgs/msg/ControlFSM.l, /home/oligay_61/zone3/devel/share/roseus/ros/control_msgs/msg/ControlFSM.l)
Linked: (/home/oligay_61/zone3/devel/.private/control_msgs/share/roseus/ros/control_msgs/msg/LowspeedControl.l, /home/oligay_61/zone3/devel/share/roseus/ros/control_msgs/msg/LowspeedControl.l)
Linked: (/home/oligay_61/zone3/devel/.private/control_msgs/share/roseus/ros/control_msgs/msg/HighspeedControl.l, /home/oligay_61/zone3/devel/share/roseus/ros/control_msgs/msg/HighspeedControl.l)
Linked: (/home/oligay_61/zone3/devel/.private/control_msgs/share/common-lisp/ros/control_msgs/msg/_package_ControlFSM.lisp, /home/oligay_61/zone3/devel/share/common-lisp/ros/control_msgs/msg/_package_ControlFSM.lisp)
Linked: (/home/oligay_61/zone3/devel/.private/control_msgs/share/common-lisp/ros/control_msgs/msg/_package_HighspeedControl.lisp, /home/oligay_61/zone3/devel/share/common-lisp/ros/control_msgs/msg/_package_HighspeedControl.lisp)
Linked: (/home/oligay_61/zone3/devel/.private/control_msgs/share/common-lisp/ros/control_msgs/msg/HighspeedControl.lisp, /home/oligay_61/zone3/devel/share/common-lisp/ros/control_msgs/msg/HighspeedControl.lisp)
Linked: (/home/oligay_61/zone3/devel/.private/control_msgs/share/common-lisp/ros/control_msgs/msg/control_msgs-msg.asd, /home/oligay_61/zone3/devel/share/common-lisp/ros/control_msgs/msg/control_msgs-msg.asd)
Linked: (/home/oligay_61/zone3/devel/.private/control_msgs/share/common-lisp/ros/control_msgs/msg/ControlFSM.lisp, /home/oligay_61/zone3/devel/share/common-lisp/ros/control_msgs/msg/ControlFSM.lisp)
Linked: (/home/oligay_61/zone3/devel/.private/control_msgs/share/common-lisp/ros/control_msgs/msg/LowspeedControl.lisp, /home/oligay_61/zone3/devel/share/common-lisp/ros/control_msgs/msg/LowspeedControl.lisp)
Linked: (/home/oligay_61/zone3/devel/.private/control_msgs/share/common-lisp/ros/control_msgs/msg/_package.lisp, /home/oligay_61/zone3/devel/share/common-lisp/ros/control_msgs/msg/_package.lisp)
Linked: (/home/oligay_61/zone3/devel/.private/control_msgs/share/common-lisp/ros/control_msgs/msg/_package_LowspeedControl.lisp, /home/oligay_61/zone3/devel/share/common-lisp/ros/control_msgs/msg/_package_LowspeedControl.lisp)
Linked: (/home/oligay_61/zone3/devel/.private/control_msgs/share/control_msgs/cmake/control_msgs-msg-paths.cmake, /home/oligay_61/zone3/devel/share/control_msgs/cmake/control_msgs-msg-paths.cmake)
Linked: (/home/oligay_61/zone3/devel/.private/control_msgs/share/control_msgs/cmake/control_msgsConfig-version.cmake, /home/oligay_61/zone3/devel/share/control_msgs/cmake/control_msgsConfig-version.cmake)
Linked: (/home/oligay_61/zone3/devel/.private/control_msgs/share/control_msgs/cmake/control_msgsConfig.cmake, /home/oligay_61/zone3/devel/share/control_msgs/cmake/control_msgsConfig.cmake)
Linked: (/home/oligay_61/zone3/devel/.private/control_msgs/share/control_msgs/cmake/control_msgs-msg-extras.cmake, /home/oligay_61/zone3/devel/share/control_msgs/cmake/control_msgs-msg-extras.cmake)
Linked: (/home/oligay_61/zone3/devel/.private/control_msgs/include/control_msgs/HighspeedControl.h, /home/oligay_61/zone3/devel/include/control_msgs/HighspeedControl.h)
Linked: (/home/oligay_61/zone3/devel/.private/control_msgs/include/control_msgs/ControlFSM.h, /home/oligay_61/zone3/devel/include/control_msgs/ControlFSM.h)
Linked: (/home/oligay_61/zone3/devel/.private/control_msgs/include/control_msgs/LowspeedControl.h, /home/oligay_61/zone3/devel/include/control_msgs/LowspeedControl.h)
Linked: (/home/oligay_61/zone3/devel/.private/control_msgs/lib/pkgconfig/control_msgs.pc, /home/oligay_61/zone3/devel/lib/pkgconfig/control_msgs.pc)
Linked: (/home/oligay_61/zone3/devel/.private/control_msgs/lib/python2.7/dist-packages/control_msgs/__init__.py, /home/oligay_61/zone3/devel/lib/python2.7/dist-packages/control_msgs/__init__.py)
Linked: (/home/oligay_61/zone3/devel/.private/control_msgs/lib/python2.7/dist-packages/control_msgs/msg/_ControlFSM.py, /home/oligay_61/zone3/devel/lib/python2.7/dist-packages/control_msgs/msg/_ControlFSM.py)
Linked: (/home/oligay_61/zone3/devel/.private/control_msgs/lib/python2.7/dist-packages/control_msgs/msg/_LowspeedControl.py, /home/oligay_61/zone3/devel/lib/python2.7/dist-packages/control_msgs/msg/_LowspeedControl.py)
Linked: (/home/oligay_61/zone3/devel/.private/control_msgs/lib/python2.7/dist-packages/control_msgs/msg/_HighspeedControl.py, /home/oligay_61/zone3/devel/lib/python2.7/dist-packages/control_msgs/msg/_HighspeedControl.py)
Linked: (/home/oligay_61/zone3/devel/.private/control_msgs/lib/python2.7/dist-packages/control_msgs/msg/__init__.py, /home/oligay_61/zone3/devel/lib/python2.7/dist-packages/control_msgs/msg/__init__.py)
