[  0%] Built target _control_msgs_generate_messages_check_deps_HighspeedControl
[  0%] Built target std_msgs_generate_messages_nodejs
[  0%] Built target _control_msgs_generate_messages_check_deps_LowspeedControl
[  0%] Built target _control_msgs_generate_messages_check_deps_ControlFSM
[  0%] Built target std_msgs_generate_messages_py
[  0%] Built target std_msgs_generate_messages_lisp
[  0%] Built target std_msgs_generate_messages_cpp
[  0%] Built target std_msgs_generate_messages_eus
[  5%] [34m[1mGenerating Javascript code from control_msgs/HighspeedControl.msg[0m
[ 11%] [34m[1mGenerating Python from MSG control_msgs/HighspeedControl[0m
[ 23%] Built target control_msgs_generate_messages_nodejs
[ 29%] [34m[1mGenerating Lisp code from control_msgs/HighspeedControl.msg[0m
[ 35%] [34m[1mGenerating C++ code from control_msgs/HighspeedControl.msg[0m
[ 47%] Built target control_msgs_generate_messages_lisp
[ 52%] [34m[1mGenerating Python msg __init__.py for control_msgs[0m
[ 58%] [34m[1mGenerating EusLisp code from control_msgs/HighspeedControl.msg[0m
[ 76%] Built target control_msgs_generate_messages_eus
[ 88%] Built target control_msgs_generate_messages_py
[100%] Built target control_msgs_generate_messages_cpp
[100%] Built target control_msgs_generate_messages
