[  0%] Built target _control_msgs_generate_messages_check_deps_HighspeedControl
[  0%] Built target std_msgs_generate_messages_nodejs
[  0%] Built target _control_msgs_generate_messages_check_deps_LowspeedControl
[  0%] Built target _control_msgs_generate_messages_check_deps_ControlFSM
[  0%] Built target std_msgs_generate_messages_py
[  0%] Built target std_msgs_generate_messages_lisp
[  0%] Built target std_msgs_generate_messages_cpp
[  0%] Built target std_msgs_generate_messages_eus
[  5%] [34m[1mGenerating Javascript code from control_msgs/ControlFSM.msg[0m
[ 11%] [34m[1mGenerating Javascript code from control_msgs/HighspeedControl.msg[0m
[ 17%] Built target control_msgs_generate_messages_nodejs
[ 23%] [34m[1mGenerating Python from MSG control_msgs/ControlFSM[0m
[ 29%] [34m[1mGenerating Python from MSG control_msgs/HighspeedControl[0m
[ 35%] [34m[1mGenerating Lisp code from control_msgs/ControlFSM.msg[0m
[ 41%] [34m[1mGenerating C++ code from control_msgs/ControlFSM.msg[0m
[ 47%] [34m[1mGenerating C++ code from control_msgs/HighspeedControl.msg[0m
[ 52%] [34m[1mGenerating Lisp code from control_msgs/HighspeedControl.msg[0m
[ 58%] [34m[1mGenerating Python msg __init__.py for control_msgs[0m
[ 64%] Built target control_msgs_generate_messages_lisp
[ 70%] [34m[1mGenerating EusLisp code from control_msgs/ControlFSM.msg[0m
[ 76%] [34m[1mGenerating EusLisp code from control_msgs/HighspeedControl.msg[0m
[ 82%] Built target control_msgs_generate_messages_py
[ 88%] Built target control_msgs_generate_messages_cpp
[100%] Built target control_msgs_generate_messages_eus
[100%] Built target control_msgs_generate_messages
