[35m[1mScanning dependencies of target _control_msgs_generate_messages_check_deps_HighspeedControl[0m
[  0%] Built target _control_msgs_generate_messages_check_deps_HighspeedControl
[35m[1mScanning dependencies of target std_msgs_generate_messages_nodejs[0m
[  0%] Built target std_msgs_generate_messages_nodejs
[35m[1mScanning dependencies of target _control_msgs_generate_messages_check_deps_LowspeedControl[0m
[  0%] Built target _control_msgs_generate_messages_check_deps_LowspeedControl
[35m[1mScanning dependencies of target _control_msgs_generate_messages_check_deps_ControlFSM[0m
[  0%] Built target _control_msgs_generate_messages_check_deps_ControlFSM
[35m[1mScanning dependencies of target std_msgs_generate_messages_py[0m
[  0%] Built target std_msgs_generate_messages_py
[35m[1mScanning dependencies of target std_msgs_generate_messages_lisp[0m
[  0%] Built target std_msgs_generate_messages_lisp
[35m[1mScanning dependencies of target std_msgs_generate_messages_cpp[0m
[  0%] Built target std_msgs_generate_messages_cpp
[35m[1mScanning dependencies of target std_msgs_generate_messages_eus[0m
[  0%] Built target std_msgs_generate_messages_eus
[35m[1mScanning dependencies of target control_msgs_generate_messages_nodejs[0m
[  5%] [34m[1mGenerating Javascript code from control_msgs/LowspeedControl.msg[0m
[ 11%] [34m[1mGenerating Javascript code from control_msgs/ControlFSM.msg[0m
[ 17%] [34m[1mGenerating Javascript code from control_msgs/HighspeedControl.msg[0m
[ 17%] Built target control_msgs_generate_messages_nodejs
[35m[1mScanning dependencies of target control_msgs_generate_messages_py[0m
[ 23%] [34m[1mGenerating Python from MSG control_msgs/LowspeedControl[0m
[ 29%] [34m[1mGenerating Python from MSG control_msgs/ControlFSM[0m
[ 35%] [34m[1mGenerating Python from MSG control_msgs/HighspeedControl[0m
[ 41%] [34m[1mGenerating Python msg __init__.py for control_msgs[0m
[ 41%] Built target control_msgs_generate_messages_py
[35m[1mScanning dependencies of target control_msgs_generate_messages_lisp[0m
[ 47%] [34m[1mGenerating Lisp code from control_msgs/LowspeedControl.msg[0m
[ 52%] [34m[1mGenerating Lisp code from control_msgs/ControlFSM.msg[0m
[35m[1mScanning dependencies of target control_msgs_generate_messages_cpp[0m
[ 58%] [34m[1mGenerating C++ code from control_msgs/LowspeedControl.msg[0m
[ 64%] [34m[1mGenerating Lisp code from control_msgs/HighspeedControl.msg[0m
[ 64%] Built target control_msgs_generate_messages_lisp
[ 70%] [34m[1mGenerating C++ code from control_msgs/ControlFSM.msg[0m
[35m[1mScanning dependencies of target control_msgs_generate_messages_eus[0m
[ 76%] [34m[1mGenerating EusLisp code from control_msgs/LowspeedControl.msg[0m
[ 82%] [34m[1mGenerating C++ code from control_msgs/HighspeedControl.msg[0m
[ 88%] [34m[1mGenerating EusLisp code from control_msgs/ControlFSM.msg[0m
[ 94%] [34m[1mGenerating EusLisp code from control_msgs/HighspeedControl.msg[0m
[100%] [34m[1mGenerating EusLisp manifest code for control_msgs[0m
[100%] Built target control_msgs_generate_messages_cpp
[100%] Built target control_msgs_generate_messages_eus
[35m[1mScanning dependencies of target control_msgs_generate_messages[0m
[100%] Built target control_msgs_generate_messages
