Symlinking /home/oligay_61/zone3/devel/share/gennodejs/ros/control_msgs/_index.js
Symlinking /home/oligay_61/zone3/devel/share/gennodejs/ros/control_msgs/msg/LowspeedControl.js
Symlinking /home/oligay_61/zone3/devel/share/gennodejs/ros/control_msgs/msg/_index.js
Symlinking /home/oligay_61/zone3/devel/share/gennodejs/ros/control_msgs/msg/HighspeedControl.js
Symlinking /home/oligay_61/zone3/devel/share/gennodejs/ros/control_msgs/msg/ControlFSM.js
Symlinking /home/oligay_61/zone3/devel/share/roseus/ros/control_msgs/manifest.l
Symlinking /home/oligay_61/zone3/devel/share/roseus/ros/control_msgs/msg/ControlFSM.l
Symlinking /home/oligay_61/zone3/devel/share/roseus/ros/control_msgs/msg/LowspeedControl.l
Symlinking /home/oligay_61/zone3/devel/share/roseus/ros/control_msgs/msg/HighspeedControl.l
Symlinking /home/oligay_61/zone3/devel/share/common-lisp/ros/control_msgs/msg/_package_ControlFSM.lisp
Symlinking /home/oligay_61/zone3/devel/share/common-lisp/ros/control_msgs/msg/_package_HighspeedControl.lisp
Symlinking /home/oligay_61/zone3/devel/share/common-lisp/ros/control_msgs/msg/HighspeedControl.lisp
Symlinking /home/oligay_61/zone3/devel/share/common-lisp/ros/control_msgs/msg/control_msgs-msg.asd
Symlinking /home/oligay_61/zone3/devel/share/common-lisp/ros/control_msgs/msg/ControlFSM.lisp
Symlinking /home/oligay_61/zone3/devel/share/common-lisp/ros/control_msgs/msg/LowspeedControl.lisp
Symlinking /home/oligay_61/zone3/devel/share/common-lisp/ros/control_msgs/msg/_package.lisp
Symlinking /home/oligay_61/zone3/devel/share/common-lisp/ros/control_msgs/msg/_package_LowspeedControl.lisp
Symlinking /home/oligay_61/zone3/devel/share/control_msgs/cmake/control_msgs-msg-paths.cmake
Symlinking /home/oligay_61/zone3/devel/share/control_msgs/cmake/control_msgsConfig-version.cmake
Symlinking /home/oligay_61/zone3/devel/share/control_msgs/cmake/control_msgsConfig.cmake
Symlinking /home/oligay_61/zone3/devel/share/control_msgs/cmake/control_msgs-msg-extras.cmake
Symlinking /home/oligay_61/zone3/devel/include/control_msgs/HighspeedControl.h
Symlinking /home/oligay_61/zone3/devel/include/control_msgs/ControlFSM.h
Symlinking /home/oligay_61/zone3/devel/include/control_msgs/LowspeedControl.h
Symlinking /home/oligay_61/zone3/devel/lib/pkgconfig/control_msgs.pc
Symlinking /home/oligay_61/zone3/devel/lib/python2.7/dist-packages/control_msgs/__init__.py
Symlinking /home/oligay_61/zone3/devel/lib/python2.7/dist-packages/control_msgs/msg/_ControlFSM.py
Symlinking /home/oligay_61/zone3/devel/lib/python2.7/dist-packages/control_msgs/msg/_LowspeedControl.py
Symlinking /home/oligay_61/zone3/devel/lib/python2.7/dist-packages/control_msgs/msg/_HighspeedControl.py
Symlinking /home/oligay_61/zone3/devel/lib/python2.7/dist-packages/control_msgs/msg/__init__.py
