[35m[1mScanning dependencies of target kalman_msgs_generate_messages_py[0m
[  0%] Built target kalman_msgs_generate_messages_py
[35m[1mScanning dependencies of target std_msgs_generate_messages_eus[0m
[  0%] Built target std_msgs_generate_messages_eus
[35m[1mScanning dependencies of target roscpp_generate_messages_lisp[0m
[  0%] Built target roscpp_generate_messages_lisp
[35m[1mScanning dependencies of target std_msgs_generate_messages_py[0m
[  0%] Built target std_msgs_generate_messages_py
[35m[1mScanning dependencies of target rosgraph_msgs_generate_messages_py[0m
[  0%] Built target rosgraph_msgs_generate_messages_py
[35m[1mScanning dependencies of target rosgraph_msgs_generate_messages_lisp[0m
[  0%] Built target rosgraph_msgs_generate_messages_lisp
[35m[1mScanning dependencies of target roscpp_generate_messages_nodejs[0m
[  0%] Built target roscpp_generate_messages_nodejs
[35m[1mScanning dependencies of target rosgraph_msgs_generate_messages_cpp[0m
[  0%] Built target rosgraph_msgs_generate_messages_cpp
[35m[1mScanning dependencies of target std_msgs_generate_messages_cpp[0m
[  0%] Built target std_msgs_generate_messages_cpp
[35m[1mScanning dependencies of target std_msgs_generate_messages_lisp[0m
[  0%] Built target std_msgs_generate_messages_lisp
[35m[1mScanning dependencies of target localization_msgs_generate_messages_eus[0m
[  0%] Built target localization_msgs_generate_messages_eus
[35m[1mScanning dependencies of target roscpp_generate_messages_eus[0m
[  0%] Built target roscpp_generate_messages_eus
[35m[1mScanning dependencies of target roscpp_generate_messages_cpp[0m
[  0%] Built target roscpp_generate_messages_cpp
[35m[1mScanning dependencies of target tli65_can_msgs_generate_messages_py[0m
[  0%] Built target tli65_can_msgs_generate_messages_py
[35m[1mScanning dependencies of target can_msgs_generate_messages_lisp[0m
[  0%] Built target can_msgs_generate_messages_lisp
[35m[1mScanning dependencies of target localization_msgs_generate_messages_cpp[0m
[  0%] Built target localization_msgs_generate_messages_cpp
[35m[1mScanning dependencies of target std_msgs_generate_messages_nodejs[0m
[  0%] Built target std_msgs_generate_messages_nodejs
[35m[1mScanning dependencies of target can_msgs_generate_messages_nodejs[0m
[  0%] Built target can_msgs_generate_messages_nodejs
[35m[1mScanning dependencies of target rosgraph_msgs_generate_messages_eus[0m
[  0%] Built target rosgraph_msgs_generate_messages_eus
[35m[1mScanning dependencies of target roscpp_generate_messages_py[0m
[  0%] Built target roscpp_generate_messages_py
[35m[1mScanning dependencies of target rosgraph_msgs_generate_messages_nodejs[0m
[  0%] Built target rosgraph_msgs_generate_messages_nodejs
[35m[1mScanning dependencies of target tli65_can_msgs_generate_messages_lisp[0m
[  0%] Built target tli65_can_msgs_generate_messages_lisp
[35m[1mScanning dependencies of target localization_msgs_generate_messages_lisp[0m
[  0%] Built target localization_msgs_generate_messages_lisp
[35m[1mScanning dependencies of target kalman_msgs_generate_messages_eus[0m
[  0%] Built target kalman_msgs_generate_messages_eus
[35m[1mScanning dependencies of target tli65_can_msgs_generate_messages_cpp[0m
[  0%] Built target tli65_can_msgs_generate_messages_cpp
[35m[1mScanning dependencies of target tli65_can_msgs_generate_messages_eus[0m
[  0%] Built target tli65_can_msgs_generate_messages_eus
[35m[1mScanning dependencies of target tli65_can_msgs_generate_messages_nodejs[0m
[  0%] Built target tli65_can_msgs_generate_messages_nodejs
[35m[1mScanning dependencies of target localization_msgs_generate_messages_nodejs[0m
[  0%] Built target localization_msgs_generate_messages_nodejs
[35m[1mScanning dependencies of target can_msgs_generate_messages_cpp[0m
[  0%] Built target can_msgs_generate_messages_cpp
[35m[1mScanning dependencies of target localization_msgs_generate_messages_py[0m
[  0%] Built target localization_msgs_generate_messages_py
[35m[1mScanning dependencies of target can_msgs_generate_messages_eus[0m
[  0%] Built target can_msgs_generate_messages_eus
[35m[1mScanning dependencies of target can_msgs_generate_messages_py[0m
[  0%] Built target can_msgs_generate_messages_py
[35m[1mScanning dependencies of target kalman_msgs_generate_messages_cpp[0m
[  0%] Built target kalman_msgs_generate_messages_cpp
[35m[1mScanning dependencies of target kalman_msgs_generate_messages_lisp[0m
[  0%] Built target kalman_msgs_generate_messages_lisp
[35m[1mScanning dependencies of target kalman_msgs_generate_messages_nodejs[0m
[  0%] Built target kalman_msgs_generate_messages_nodejs
[35m[1mScanning dependencies of target kalman_kinematics[0m
[ 50%] [32mBuilding CXX object CMakeFiles/kalman_kinematics.dir/src/kalman_kinematics.cc.o[0m
[100%] [32m[1mLinking CXX executable /home/oligay_61/zone3/devel/.private/kalman_kinematics/lib/kalman_kinematics/kalman_kinematics[0m
[100%] Built target kalman_kinematics
