Determining if the pthread_create exist failed with the following output:
Change Dir: /home/oligay_61/zone3/build/kvaser_interface/CMakeFiles/CMakeTmp

Run Build Command:"/usr/bin/make" "cmTC_b843a/fast"
/usr/bin/make -f CMakeFiles/cmTC_b843a.dir/build.make CMakeFiles/cmTC_b843a.dir/build
make[1]: Entering directory '/home/oligay_61/zone3/build/kvaser_interface/CMakeFiles/CMakeTmp'
Building C object CMakeFiles/cmTC_b843a.dir/CheckSymbolExists.c.o
/usr/bin/cc     -o CMakeFiles/cmTC_b843a.dir/CheckSymbolExists.c.o   -c /home/oligay_61/zone3/build/kvaser_interface/CMakeFiles/CMakeTmp/CheckSymbolExists.c
Linking C executable cmTC_b843a
/usr/bin/cmake -E cmake_link_script CMakeFiles/cmTC_b843a.dir/link.txt --verbose=1
/usr/bin/cc       CMakeFiles/cmTC_b843a.dir/CheckSymbolExists.c.o  -o cmTC_b843a -rdynamic 
CMakeFiles/cmTC_b843a.dir/CheckSymbolExists.c.o: In function `main':
CheckSymbolExists.c:(.text+0x16): undefined reference to `pthread_create'
collect2: error: ld returned 1 exit status
CMakeFiles/cmTC_b843a.dir/build.make:97: recipe for target 'cmTC_b843a' failed
make[1]: *** [cmTC_b843a] Error 1
make[1]: Leaving directory '/home/oligay_61/zone3/build/kvaser_interface/CMakeFiles/CMakeTmp'
Makefile:126: recipe for target 'cmTC_b843a/fast' failed
make: *** [cmTC_b843a/fast] Error 2

File /home/oligay_61/zone3/build/kvaser_interface/CMakeFiles/CMakeTmp/CheckSymbolExists.c:
/* */
#include <pthread.h>

int main(int argc, char** argv)
{
  (void)argv;
#ifndef pthread_create
  return ((int*)(&pthread_create))[argc];
#else
  (void)argc;
  return 0;
#endif
}

Determining if the function pthread_create exists in the pthreads failed with the following output:
Change Dir: /home/oligay_61/zone3/build/kvaser_interface/CMakeFiles/CMakeTmp

Run Build Command:"/usr/bin/make" "cmTC_5949a/fast"
/usr/bin/make -f CMakeFiles/cmTC_5949a.dir/build.make CMakeFiles/cmTC_5949a.dir/build
make[1]: Entering directory '/home/oligay_61/zone3/build/kvaser_interface/CMakeFiles/CMakeTmp'
Building C object CMakeFiles/cmTC_5949a.dir/CheckFunctionExists.c.o
/usr/bin/cc    -DCHECK_FUNCTION_EXISTS=pthread_create   -o CMakeFiles/cmTC_5949a.dir/CheckFunctionExists.c.o   -c /usr/share/cmake-3.5/Modules/CheckFunctionExists.c
Linking C executable cmTC_5949a
/usr/bin/cmake -E cmake_link_script CMakeFiles/cmTC_5949a.dir/link.txt --verbose=1
/usr/bin/cc   -DCHECK_FUNCTION_EXISTS=pthread_create    CMakeFiles/cmTC_5949a.dir/CheckFunctionExists.c.o  -o cmTC_5949a -rdynamic -lpthreads 
/usr/bin/ld: cannot find -lpthreads
collect2: error: ld returned 1 exit status
CMakeFiles/cmTC_5949a.dir/build.make:97: recipe for target 'cmTC_5949a' failed
make[1]: *** [cmTC_5949a] Error 1
make[1]: Leaving directory '/home/oligay_61/zone3/build/kvaser_interface/CMakeFiles/CMakeTmp'
Makefile:126: recipe for target 'cmTC_5949a/fast' failed
make: *** [cmTC_5949a/fast] Error 2


