[  0%] Built target can_msgs_generate_messages_eus
[  0%] Built target _tli65_can_msgs_generate_messages_check_deps_RxSt1
[  0%] Built target _tli65_can_msgs_generate_messages_check_deps_RxContainer
[  0%] Built target _tli65_can_msgs_generate_messages_check_deps_RxSt2
[  0%] Built target _tli65_can_msgs_generate_messages_check_deps_RxStHighspeed
[  0%] Built target _tli65_can_msgs_generate_messages_check_deps_RxHands
[  0%] Built target _tli65_can_msgs_generate_messages_check_deps_RxEPB
[  0%] Built target std_msgs_generate_messages_eus
[  0%] Built target _tli65_can_msgs_generate_messages_check_deps_RxSt3
[  0%] Built target _tli65_can_msgs_generate_messages_check_deps_RxFt
[  0%] Built target _tli65_can_msgs_generate_messages_check_deps_RxMaintain
[  0%] Built target _tli65_can_msgs_generate_messages_check_deps_RxSt9
[  0%] Built target _tli65_can_msgs_generate_messages_check_deps_RxStLowspeed
[  0%] Built target _tli65_can_msgs_generate_messages_check_deps_RxSt6
[  0%] Built target _tli65_can_msgs_generate_messages_check_deps_RxSt5
[  0%] Built target _tli65_can_msgs_generate_messages_check_deps_RxSpeed
[  0%] Built target _tli65_can_msgs_generate_messages_check_deps_RxVIN
[  0%] Built target _tli65_can_msgs_generate_messages_check_deps_ContainerCalib
[  0%] Built target can_msgs_generate_messages_py
[  0%] Built target _tli65_can_msgs_generate_messages_check_deps_RxFuel
[  0%] Built target _tli65_can_msgs_generate_messages_check_deps_RxSt7
[  0%] Built target std_msgs_generate_messages_py
[  0%] Built target _tli65_can_msgs_generate_messages_check_deps_RxSt4
[  0%] Built target _tli65_can_msgs_generate_messages_check_deps_RxSt8
[  0%] Built target _tli65_can_msgs_generate_messages_check_deps_RxTyre
[  0%] Built target std_msgs_generate_messages_nodejs
[  0%] Built target can_msgs_generate_messages_nodejs
[  0%] Built target can_msgs_generate_messages_lisp
[  0%] Built target std_msgs_generate_messages_lisp
[  0%] Built target can_msgs_generate_messages_cpp
[  0%] Built target std_msgs_generate_messages_cpp
[ 20%] Built target tli65_can_msgs_generate_messages_py
[ 42%] Built target tli65_can_msgs_generate_messages_nodejs
[ 60%] Built target tli65_can_msgs_generate_messages_eus
[ 80%] Built target tli65_can_msgs_generate_messages_lisp
[100%] Built target tli65_can_msgs_generate_messages_cpp
[100%] Built target tli65_can_msgs_generate_messages
