Linked: (/home/oligay_61/zone3/devel/.private/tli65_can_msgs/share/gennodejs/ros/tli65_can_msgs/_index.js, /home/oligay_61/zone3/devel/share/gennodejs/ros/tli65_can_msgs/_index.js)
Linked: (/home/oligay_61/zone3/devel/.private/tli65_can_msgs/share/gennodejs/ros/tli65_can_msgs/msg/RxFt.js, /home/oligay_61/zone3/devel/share/gennodejs/ros/tli65_can_msgs/msg/RxFt.js)
Linked: (/home/oligay_61/zone3/devel/.private/tli65_can_msgs/share/gennodejs/ros/tli65_can_msgs/msg/RxFuel.js, /home/oligay_61/zone3/devel/share/gennodejs/ros/tli65_can_msgs/msg/RxFuel.js)
Linked: (/home/oligay_61/zone3/devel/.private/tli65_can_msgs/share/gennodejs/ros/tli65_can_msgs/msg/_index.js, /home/oligay_61/zone3/devel/share/gennodejs/ros/tli65_can_msgs/msg/_index.js)
Linked: (/home/oligay_61/zone3/devel/.private/tli65_can_msgs/share/gennodejs/ros/tli65_can_msgs/msg/RxSt3.js, /home/oligay_61/zone3/devel/share/gennodejs/ros/tli65_can_msgs/msg/RxSt3.js)
Linked: (/home/oligay_61/zone3/devel/.private/tli65_can_msgs/share/gennodejs/ros/tli65_can_msgs/msg/RxMaintain.js, /home/oligay_61/zone3/devel/share/gennodejs/ros/tli65_can_msgs/msg/RxMaintain.js)
Linked: (/home/oligay_61/zone3/devel/.private/tli65_can_msgs/share/gennodejs/ros/tli65_can_msgs/msg/RxContainer.js, /home/oligay_61/zone3/devel/share/gennodejs/ros/tli65_can_msgs/msg/RxContainer.js)
Linked: (/home/oligay_61/zone3/devel/.private/tli65_can_msgs/share/gennodejs/ros/tli65_can_msgs/msg/RxHands.js, /home/oligay_61/zone3/devel/share/gennodejs/ros/tli65_can_msgs/msg/RxHands.js)
Linked: (/home/oligay_61/zone3/devel/.private/tli65_can_msgs/share/gennodejs/ros/tli65_can_msgs/msg/RxSt5.js, /home/oligay_61/zone3/devel/share/gennodejs/ros/tli65_can_msgs/msg/RxSt5.js)
Linked: (/home/oligay_61/zone3/devel/.private/tli65_can_msgs/share/gennodejs/ros/tli65_can_msgs/msg/RxSt2.js, /home/oligay_61/zone3/devel/share/gennodejs/ros/tli65_can_msgs/msg/RxSt2.js)
Linked: (/home/oligay_61/zone3/devel/.private/tli65_can_msgs/share/gennodejs/ros/tli65_can_msgs/msg/RxVIN.js, /home/oligay_61/zone3/devel/share/gennodejs/ros/tli65_can_msgs/msg/RxVIN.js)
Linked: (/home/oligay_61/zone3/devel/.private/tli65_can_msgs/share/gennodejs/ros/tli65_can_msgs/msg/RxSt4.js, /home/oligay_61/zone3/devel/share/gennodejs/ros/tli65_can_msgs/msg/RxSt4.js)
Linked: (/home/oligay_61/zone3/devel/.private/tli65_can_msgs/share/gennodejs/ros/tli65_can_msgs/msg/RxSpeed.js, /home/oligay_61/zone3/devel/share/gennodejs/ros/tli65_can_msgs/msg/RxSpeed.js)
Linked: (/home/oligay_61/zone3/devel/.private/tli65_can_msgs/share/gennodejs/ros/tli65_can_msgs/msg/RxSt8.js, /home/oligay_61/zone3/devel/share/gennodejs/ros/tli65_can_msgs/msg/RxSt8.js)
Linked: (/home/oligay_61/zone3/devel/.private/tli65_can_msgs/share/gennodejs/ros/tli65_can_msgs/msg/RxSt1.js, /home/oligay_61/zone3/devel/share/gennodejs/ros/tli65_can_msgs/msg/RxSt1.js)
Linked: (/home/oligay_61/zone3/devel/.private/tli65_can_msgs/share/gennodejs/ros/tli65_can_msgs/msg/ContainerCalib.js, /home/oligay_61/zone3/devel/share/gennodejs/ros/tli65_can_msgs/msg/ContainerCalib.js)
Linked: (/home/oligay_61/zone3/devel/.private/tli65_can_msgs/share/gennodejs/ros/tli65_can_msgs/msg/RxStHighspeed.js, /home/oligay_61/zone3/devel/share/gennodejs/ros/tli65_can_msgs/msg/RxStHighspeed.js)
Linked: (/home/oligay_61/zone3/devel/.private/tli65_can_msgs/share/gennodejs/ros/tli65_can_msgs/msg/RxSt6.js, /home/oligay_61/zone3/devel/share/gennodejs/ros/tli65_can_msgs/msg/RxSt6.js)
Linked: (/home/oligay_61/zone3/devel/.private/tli65_can_msgs/share/gennodejs/ros/tli65_can_msgs/msg/RxTyre.js, /home/oligay_61/zone3/devel/share/gennodejs/ros/tli65_can_msgs/msg/RxTyre.js)
Linked: (/home/oligay_61/zone3/devel/.private/tli65_can_msgs/share/gennodejs/ros/tli65_can_msgs/msg/RxEPB.js, /home/oligay_61/zone3/devel/share/gennodejs/ros/tli65_can_msgs/msg/RxEPB.js)
Linked: (/home/oligay_61/zone3/devel/.private/tli65_can_msgs/share/gennodejs/ros/tli65_can_msgs/msg/RxSt7.js, /home/oligay_61/zone3/devel/share/gennodejs/ros/tli65_can_msgs/msg/RxSt7.js)
Linked: (/home/oligay_61/zone3/devel/.private/tli65_can_msgs/share/gennodejs/ros/tli65_can_msgs/msg/RxStLowspeed.js, /home/oligay_61/zone3/devel/share/gennodejs/ros/tli65_can_msgs/msg/RxStLowspeed.js)
Linked: (/home/oligay_61/zone3/devel/.private/tli65_can_msgs/share/gennodejs/ros/tli65_can_msgs/msg/RxSt9.js, /home/oligay_61/zone3/devel/share/gennodejs/ros/tli65_can_msgs/msg/RxSt9.js)
Linked: (/home/oligay_61/zone3/devel/.private/tli65_can_msgs/share/roseus/ros/tli65_can_msgs/manifest.l, /home/oligay_61/zone3/devel/share/roseus/ros/tli65_can_msgs/manifest.l)
Linked: (/home/oligay_61/zone3/devel/.private/tli65_can_msgs/share/roseus/ros/tli65_can_msgs/msg/RxSt2.l, /home/oligay_61/zone3/devel/share/roseus/ros/tli65_can_msgs/msg/RxSt2.l)
Linked: (/home/oligay_61/zone3/devel/.private/tli65_can_msgs/share/roseus/ros/tli65_can_msgs/msg/RxSpeed.l, /home/oligay_61/zone3/devel/share/roseus/ros/tli65_can_msgs/msg/RxSpeed.l)
Linked: (/home/oligay_61/zone3/devel/.private/tli65_can_msgs/share/roseus/ros/tli65_can_msgs/msg/RxFuel.l, /home/oligay_61/zone3/devel/share/roseus/ros/tli65_can_msgs/msg/RxFuel.l)
Linked: (/home/oligay_61/zone3/devel/.private/tli65_can_msgs/share/roseus/ros/tli65_can_msgs/msg/RxSt8.l, /home/oligay_61/zone3/devel/share/roseus/ros/tli65_can_msgs/msg/RxSt8.l)
Linked: (/home/oligay_61/zone3/devel/.private/tli65_can_msgs/share/roseus/ros/tli65_can_msgs/msg/RxContainer.l, /home/oligay_61/zone3/devel/share/roseus/ros/tli65_can_msgs/msg/RxContainer.l)
Linked: (/home/oligay_61/zone3/devel/.private/tli65_can_msgs/share/roseus/ros/tli65_can_msgs/msg/RxVIN.l, /home/oligay_61/zone3/devel/share/roseus/ros/tli65_can_msgs/msg/RxVIN.l)
Linked: (/home/oligay_61/zone3/devel/.private/tli65_can_msgs/share/roseus/ros/tli65_can_msgs/msg/RxFt.l, /home/oligay_61/zone3/devel/share/roseus/ros/tli65_can_msgs/msg/RxFt.l)
Linked: (/home/oligay_61/zone3/devel/.private/tli65_can_msgs/share/roseus/ros/tli65_can_msgs/msg/RxSt4.l, /home/oligay_61/zone3/devel/share/roseus/ros/tli65_can_msgs/msg/RxSt4.l)
Linked: (/home/oligay_61/zone3/devel/.private/tli65_can_msgs/share/roseus/ros/tli65_can_msgs/msg/RxMaintain.l, /home/oligay_61/zone3/devel/share/roseus/ros/tli65_can_msgs/msg/RxMaintain.l)
Linked: (/home/oligay_61/zone3/devel/.private/tli65_can_msgs/share/roseus/ros/tli65_can_msgs/msg/RxStLowspeed.l, /home/oligay_61/zone3/devel/share/roseus/ros/tli65_can_msgs/msg/RxStLowspeed.l)
Linked: (/home/oligay_61/zone3/devel/.private/tli65_can_msgs/share/roseus/ros/tli65_can_msgs/msg/RxSt3.l, /home/oligay_61/zone3/devel/share/roseus/ros/tli65_can_msgs/msg/RxSt3.l)
Linked: (/home/oligay_61/zone3/devel/.private/tli65_can_msgs/share/roseus/ros/tli65_can_msgs/msg/RxSt9.l, /home/oligay_61/zone3/devel/share/roseus/ros/tli65_can_msgs/msg/RxSt9.l)
Linked: (/home/oligay_61/zone3/devel/.private/tli65_can_msgs/share/roseus/ros/tli65_can_msgs/msg/RxTyre.l, /home/oligay_61/zone3/devel/share/roseus/ros/tli65_can_msgs/msg/RxTyre.l)
Linked: (/home/oligay_61/zone3/devel/.private/tli65_can_msgs/share/roseus/ros/tli65_can_msgs/msg/RxSt7.l, /home/oligay_61/zone3/devel/share/roseus/ros/tli65_can_msgs/msg/RxSt7.l)
Linked: (/home/oligay_61/zone3/devel/.private/tli65_can_msgs/share/roseus/ros/tli65_can_msgs/msg/RxSt1.l, /home/oligay_61/zone3/devel/share/roseus/ros/tli65_can_msgs/msg/RxSt1.l)
Linked: (/home/oligay_61/zone3/devel/.private/tli65_can_msgs/share/roseus/ros/tli65_can_msgs/msg/RxHands.l, /home/oligay_61/zone3/devel/share/roseus/ros/tli65_can_msgs/msg/RxHands.l)
Linked: (/home/oligay_61/zone3/devel/.private/tli65_can_msgs/share/roseus/ros/tli65_can_msgs/msg/RxEPB.l, /home/oligay_61/zone3/devel/share/roseus/ros/tli65_can_msgs/msg/RxEPB.l)
Linked: (/home/oligay_61/zone3/devel/.private/tli65_can_msgs/share/roseus/ros/tli65_can_msgs/msg/RxStHighspeed.l, /home/oligay_61/zone3/devel/share/roseus/ros/tli65_can_msgs/msg/RxStHighspeed.l)
Linked: (/home/oligay_61/zone3/devel/.private/tli65_can_msgs/share/roseus/ros/tli65_can_msgs/msg/RxSt5.l, /home/oligay_61/zone3/devel/share/roseus/ros/tli65_can_msgs/msg/RxSt5.l)
Linked: (/home/oligay_61/zone3/devel/.private/tli65_can_msgs/share/roseus/ros/tli65_can_msgs/msg/RxSt6.l, /home/oligay_61/zone3/devel/share/roseus/ros/tli65_can_msgs/msg/RxSt6.l)
Linked: (/home/oligay_61/zone3/devel/.private/tli65_can_msgs/share/roseus/ros/tli65_can_msgs/msg/ContainerCalib.l, /home/oligay_61/zone3/devel/share/roseus/ros/tli65_can_msgs/msg/ContainerCalib.l)
Linked: (/home/oligay_61/zone3/devel/.private/tli65_can_msgs/share/tli65_can_msgs/cmake/tli65_can_msgs-msg-paths.cmake, /home/oligay_61/zone3/devel/share/tli65_can_msgs/cmake/tli65_can_msgs-msg-paths.cmake)
Linked: (/home/oligay_61/zone3/devel/.private/tli65_can_msgs/share/tli65_can_msgs/cmake/tli65_can_msgsConfig-version.cmake, /home/oligay_61/zone3/devel/share/tli65_can_msgs/cmake/tli65_can_msgsConfig-version.cmake)
Linked: (/home/oligay_61/zone3/devel/.private/tli65_can_msgs/share/tli65_can_msgs/cmake/tli65_can_msgs-msg-extras.cmake, /home/oligay_61/zone3/devel/share/tli65_can_msgs/cmake/tli65_can_msgs-msg-extras.cmake)
Linked: (/home/oligay_61/zone3/devel/.private/tli65_can_msgs/share/tli65_can_msgs/cmake/tli65_can_msgsConfig.cmake, /home/oligay_61/zone3/devel/share/tli65_can_msgs/cmake/tli65_can_msgsConfig.cmake)
Linked: (/home/oligay_61/zone3/devel/.private/tli65_can_msgs/share/common-lisp/ros/tli65_can_msgs/msg/RxHands.lisp, /home/oligay_61/zone3/devel/share/common-lisp/ros/tli65_can_msgs/msg/RxHands.lisp)
Linked: (/home/oligay_61/zone3/devel/.private/tli65_can_msgs/share/common-lisp/ros/tli65_can_msgs/msg/RxSt4.lisp, /home/oligay_61/zone3/devel/share/common-lisp/ros/tli65_can_msgs/msg/RxSt4.lisp)
Linked: (/home/oligay_61/zone3/devel/.private/tli65_can_msgs/share/common-lisp/ros/tli65_can_msgs/msg/_package_RxSt3.lisp, /home/oligay_61/zone3/devel/share/common-lisp/ros/tli65_can_msgs/msg/_package_RxSt3.lisp)
Linked: (/home/oligay_61/zone3/devel/.private/tli65_can_msgs/share/common-lisp/ros/tli65_can_msgs/msg/_package_RxHands.lisp, /home/oligay_61/zone3/devel/share/common-lisp/ros/tli65_can_msgs/msg/_package_RxHands.lisp)
Linked: (/home/oligay_61/zone3/devel/.private/tli65_can_msgs/share/common-lisp/ros/tli65_can_msgs/msg/_package_RxEPB.lisp, /home/oligay_61/zone3/devel/share/common-lisp/ros/tli65_can_msgs/msg/_package_RxEPB.lisp)
Linked: (/home/oligay_61/zone3/devel/.private/tli65_can_msgs/share/common-lisp/ros/tli65_can_msgs/msg/RxSpeed.lisp, /home/oligay_61/zone3/devel/share/common-lisp/ros/tli65_can_msgs/msg/RxSpeed.lisp)
Linked: (/home/oligay_61/zone3/devel/.private/tli65_can_msgs/share/common-lisp/ros/tli65_can_msgs/msg/_package_RxSt9.lisp, /home/oligay_61/zone3/devel/share/common-lisp/ros/tli65_can_msgs/msg/_package_RxSt9.lisp)
Linked: (/home/oligay_61/zone3/devel/.private/tli65_can_msgs/share/common-lisp/ros/tli65_can_msgs/msg/ContainerCalib.lisp, /home/oligay_61/zone3/devel/share/common-lisp/ros/tli65_can_msgs/msg/ContainerCalib.lisp)
Linked: (/home/oligay_61/zone3/devel/.private/tli65_can_msgs/share/common-lisp/ros/tli65_can_msgs/msg/_package_RxSt4.lisp, /home/oligay_61/zone3/devel/share/common-lisp/ros/tli65_can_msgs/msg/_package_RxSt4.lisp)
Linked: (/home/oligay_61/zone3/devel/.private/tli65_can_msgs/share/common-lisp/ros/tli65_can_msgs/msg/RxSt5.lisp, /home/oligay_61/zone3/devel/share/common-lisp/ros/tli65_can_msgs/msg/RxSt5.lisp)
Linked: (/home/oligay_61/zone3/devel/.private/tli65_can_msgs/share/common-lisp/ros/tli65_can_msgs/msg/_package_RxSt5.lisp, /home/oligay_61/zone3/devel/share/common-lisp/ros/tli65_can_msgs/msg/_package_RxSt5.lisp)
Linked: (/home/oligay_61/zone3/devel/.private/tli65_can_msgs/share/common-lisp/ros/tli65_can_msgs/msg/RxSt3.lisp, /home/oligay_61/zone3/devel/share/common-lisp/ros/tli65_can_msgs/msg/RxSt3.lisp)
Linked: (/home/oligay_61/zone3/devel/.private/tli65_can_msgs/share/common-lisp/ros/tli65_can_msgs/msg/_package_RxStHighspeed.lisp, /home/oligay_61/zone3/devel/share/common-lisp/ros/tli65_can_msgs/msg/_package_RxStHighspeed.lisp)
Linked: (/home/oligay_61/zone3/devel/.private/tli65_can_msgs/share/common-lisp/ros/tli65_can_msgs/msg/_package_RxTyre.lisp, /home/oligay_61/zone3/devel/share/common-lisp/ros/tli65_can_msgs/msg/_package_RxTyre.lisp)
Linked: (/home/oligay_61/zone3/devel/.private/tli65_can_msgs/share/common-lisp/ros/tli65_can_msgs/msg/_package_RxSt7.lisp, /home/oligay_61/zone3/devel/share/common-lisp/ros/tli65_can_msgs/msg/_package_RxSt7.lisp)
Linked: (/home/oligay_61/zone3/devel/.private/tli65_can_msgs/share/common-lisp/ros/tli65_can_msgs/msg/RxSt7.lisp, /home/oligay_61/zone3/devel/share/common-lisp/ros/tli65_can_msgs/msg/RxSt7.lisp)
Linked: (/home/oligay_61/zone3/devel/.private/tli65_can_msgs/share/common-lisp/ros/tli65_can_msgs/msg/RxStLowspeed.lisp, /home/oligay_61/zone3/devel/share/common-lisp/ros/tli65_can_msgs/msg/RxStLowspeed.lisp)
Linked: (/home/oligay_61/zone3/devel/.private/tli65_can_msgs/share/common-lisp/ros/tli65_can_msgs/msg/_package_RxStLowspeed.lisp, /home/oligay_61/zone3/devel/share/common-lisp/ros/tli65_can_msgs/msg/_package_RxStLowspeed.lisp)
Linked: (/home/oligay_61/zone3/devel/.private/tli65_can_msgs/share/common-lisp/ros/tli65_can_msgs/msg/RxSt6.lisp, /home/oligay_61/zone3/devel/share/common-lisp/ros/tli65_can_msgs/msg/RxSt6.lisp)
Linked: (/home/oligay_61/zone3/devel/.private/tli65_can_msgs/share/common-lisp/ros/tli65_can_msgs/msg/RxVIN.lisp, /home/oligay_61/zone3/devel/share/common-lisp/ros/tli65_can_msgs/msg/RxVIN.lisp)
Linked: (/home/oligay_61/zone3/devel/.private/tli65_can_msgs/share/common-lisp/ros/tli65_can_msgs/msg/RxFuel.lisp, /home/oligay_61/zone3/devel/share/common-lisp/ros/tli65_can_msgs/msg/RxFuel.lisp)
Linked: (/home/oligay_61/zone3/devel/.private/tli65_can_msgs/share/common-lisp/ros/tli65_can_msgs/msg/RxSt1.lisp, /home/oligay_61/zone3/devel/share/common-lisp/ros/tli65_can_msgs/msg/RxSt1.lisp)
Linked: (/home/oligay_61/zone3/devel/.private/tli65_can_msgs/share/common-lisp/ros/tli65_can_msgs/msg/_package_RxSt1.lisp, /home/oligay_61/zone3/devel/share/common-lisp/ros/tli65_can_msgs/msg/_package_RxSt1.lisp)
Linked: (/home/oligay_61/zone3/devel/.private/tli65_can_msgs/share/common-lisp/ros/tli65_can_msgs/msg/RxMaintain.lisp, /home/oligay_61/zone3/devel/share/common-lisp/ros/tli65_can_msgs/msg/RxMaintain.lisp)
Linked: (/home/oligay_61/zone3/devel/.private/tli65_can_msgs/share/common-lisp/ros/tli65_can_msgs/msg/_package_RxFt.lisp, /home/oligay_61/zone3/devel/share/common-lisp/ros/tli65_can_msgs/msg/_package_RxFt.lisp)
Linked: (/home/oligay_61/zone3/devel/.private/tli65_can_msgs/share/common-lisp/ros/tli65_can_msgs/msg/_package_RxFuel.lisp, /home/oligay_61/zone3/devel/share/common-lisp/ros/tli65_can_msgs/msg/_package_RxFuel.lisp)
Linked: (/home/oligay_61/zone3/devel/.private/tli65_can_msgs/share/common-lisp/ros/tli65_can_msgs/msg/_package_RxSt2.lisp, /home/oligay_61/zone3/devel/share/common-lisp/ros/tli65_can_msgs/msg/_package_RxSt2.lisp)
Linked: (/home/oligay_61/zone3/devel/.private/tli65_can_msgs/share/common-lisp/ros/tli65_can_msgs/msg/RxSt8.lisp, /home/oligay_61/zone3/devel/share/common-lisp/ros/tli65_can_msgs/msg/RxSt8.lisp)
Linked: (/home/oligay_61/zone3/devel/.private/tli65_can_msgs/share/common-lisp/ros/tli65_can_msgs/msg/_package_RxMaintain.lisp, /home/oligay_61/zone3/devel/share/common-lisp/ros/tli65_can_msgs/msg/_package_RxMaintain.lisp)
Linked: (/home/oligay_61/zone3/devel/.private/tli65_can_msgs/share/common-lisp/ros/tli65_can_msgs/msg/_package_RxSt8.lisp, /home/oligay_61/zone3/devel/share/common-lisp/ros/tli65_can_msgs/msg/_package_RxSt8.lisp)
Linked: (/home/oligay_61/zone3/devel/.private/tli65_can_msgs/share/common-lisp/ros/tli65_can_msgs/msg/_package_ContainerCalib.lisp, /home/oligay_61/zone3/devel/share/common-lisp/ros/tli65_can_msgs/msg/_package_ContainerCalib.lisp)
Linked: (/home/oligay_61/zone3/devel/.private/tli65_can_msgs/share/common-lisp/ros/tli65_can_msgs/msg/_package_RxVIN.lisp, /home/oligay_61/zone3/devel/share/common-lisp/ros/tli65_can_msgs/msg/_package_RxVIN.lisp)
Linked: (/home/oligay_61/zone3/devel/.private/tli65_can_msgs/share/common-lisp/ros/tli65_can_msgs/msg/_package_RxSt6.lisp, /home/oligay_61/zone3/devel/share/common-lisp/ros/tli65_can_msgs/msg/_package_RxSt6.lisp)
Linked: (/home/oligay_61/zone3/devel/.private/tli65_can_msgs/share/common-lisp/ros/tli65_can_msgs/msg/RxStHighspeed.lisp, /home/oligay_61/zone3/devel/share/common-lisp/ros/tli65_can_msgs/msg/RxStHighspeed.lisp)
Linked: (/home/oligay_61/zone3/devel/.private/tli65_can_msgs/share/common-lisp/ros/tli65_can_msgs/msg/RxTyre.lisp, /home/oligay_61/zone3/devel/share/common-lisp/ros/tli65_can_msgs/msg/RxTyre.lisp)
Linked: (/home/oligay_61/zone3/devel/.private/tli65_can_msgs/share/common-lisp/ros/tli65_can_msgs/msg/RxFt.lisp, /home/oligay_61/zone3/devel/share/common-lisp/ros/tli65_can_msgs/msg/RxFt.lisp)
Linked: (/home/oligay_61/zone3/devel/.private/tli65_can_msgs/share/common-lisp/ros/tli65_can_msgs/msg/RxSt2.lisp, /home/oligay_61/zone3/devel/share/common-lisp/ros/tli65_can_msgs/msg/RxSt2.lisp)
Linked: (/home/oligay_61/zone3/devel/.private/tli65_can_msgs/share/common-lisp/ros/tli65_can_msgs/msg/RxSt9.lisp, /home/oligay_61/zone3/devel/share/common-lisp/ros/tli65_can_msgs/msg/RxSt9.lisp)
Linked: (/home/oligay_61/zone3/devel/.private/tli65_can_msgs/share/common-lisp/ros/tli65_can_msgs/msg/RxContainer.lisp, /home/oligay_61/zone3/devel/share/common-lisp/ros/tli65_can_msgs/msg/RxContainer.lisp)
Linked: (/home/oligay_61/zone3/devel/.private/tli65_can_msgs/share/common-lisp/ros/tli65_can_msgs/msg/_package.lisp, /home/oligay_61/zone3/devel/share/common-lisp/ros/tli65_can_msgs/msg/_package.lisp)
Linked: (/home/oligay_61/zone3/devel/.private/tli65_can_msgs/share/common-lisp/ros/tli65_can_msgs/msg/_package_RxContainer.lisp, /home/oligay_61/zone3/devel/share/common-lisp/ros/tli65_can_msgs/msg/_package_RxContainer.lisp)
Linked: (/home/oligay_61/zone3/devel/.private/tli65_can_msgs/share/common-lisp/ros/tli65_can_msgs/msg/tli65_can_msgs-msg.asd, /home/oligay_61/zone3/devel/share/common-lisp/ros/tli65_can_msgs/msg/tli65_can_msgs-msg.asd)
Linked: (/home/oligay_61/zone3/devel/.private/tli65_can_msgs/share/common-lisp/ros/tli65_can_msgs/msg/RxEPB.lisp, /home/oligay_61/zone3/devel/share/common-lisp/ros/tli65_can_msgs/msg/RxEPB.lisp)
Linked: (/home/oligay_61/zone3/devel/.private/tli65_can_msgs/share/common-lisp/ros/tli65_can_msgs/msg/_package_RxSpeed.lisp, /home/oligay_61/zone3/devel/share/common-lisp/ros/tli65_can_msgs/msg/_package_RxSpeed.lisp)
Linked: (/home/oligay_61/zone3/devel/.private/tli65_can_msgs/include/tli65_can_msgs/RxSt9.h, /home/oligay_61/zone3/devel/include/tli65_can_msgs/RxSt9.h)
Linked: (/home/oligay_61/zone3/devel/.private/tli65_can_msgs/include/tli65_can_msgs/RxSt2.h, /home/oligay_61/zone3/devel/include/tli65_can_msgs/RxSt2.h)
Linked: (/home/oligay_61/zone3/devel/.private/tli65_can_msgs/include/tli65_can_msgs/RxSt4.h, /home/oligay_61/zone3/devel/include/tli65_can_msgs/RxSt4.h)
Linked: (/home/oligay_61/zone3/devel/.private/tli65_can_msgs/include/tli65_can_msgs/RxStLowspeed.h, /home/oligay_61/zone3/devel/include/tli65_can_msgs/RxStLowspeed.h)
Linked: (/home/oligay_61/zone3/devel/.private/tli65_can_msgs/include/tli65_can_msgs/RxSt6.h, /home/oligay_61/zone3/devel/include/tli65_can_msgs/RxSt6.h)
Linked: (/home/oligay_61/zone3/devel/.private/tli65_can_msgs/include/tli65_can_msgs/RxSt3.h, /home/oligay_61/zone3/devel/include/tli65_can_msgs/RxSt3.h)
Linked: (/home/oligay_61/zone3/devel/.private/tli65_can_msgs/include/tli65_can_msgs/RxHands.h, /home/oligay_61/zone3/devel/include/tli65_can_msgs/RxHands.h)
Linked: (/home/oligay_61/zone3/devel/.private/tli65_can_msgs/include/tli65_can_msgs/RxSt1.h, /home/oligay_61/zone3/devel/include/tli65_can_msgs/RxSt1.h)
Linked: (/home/oligay_61/zone3/devel/.private/tli65_can_msgs/include/tli65_can_msgs/RxTyre.h, /home/oligay_61/zone3/devel/include/tli65_can_msgs/RxTyre.h)
Linked: (/home/oligay_61/zone3/devel/.private/tli65_can_msgs/include/tli65_can_msgs/RxSt5.h, /home/oligay_61/zone3/devel/include/tli65_can_msgs/RxSt5.h)
Linked: (/home/oligay_61/zone3/devel/.private/tli65_can_msgs/include/tli65_can_msgs/RxSt7.h, /home/oligay_61/zone3/devel/include/tli65_can_msgs/RxSt7.h)
Linked: (/home/oligay_61/zone3/devel/.private/tli65_can_msgs/include/tli65_can_msgs/RxSpeed.h, /home/oligay_61/zone3/devel/include/tli65_can_msgs/RxSpeed.h)
Linked: (/home/oligay_61/zone3/devel/.private/tli65_can_msgs/include/tli65_can_msgs/RxFt.h, /home/oligay_61/zone3/devel/include/tli65_can_msgs/RxFt.h)
Linked: (/home/oligay_61/zone3/devel/.private/tli65_can_msgs/include/tli65_can_msgs/RxContainer.h, /home/oligay_61/zone3/devel/include/tli65_can_msgs/RxContainer.h)
Linked: (/home/oligay_61/zone3/devel/.private/tli65_can_msgs/include/tli65_can_msgs/RxFuel.h, /home/oligay_61/zone3/devel/include/tli65_can_msgs/RxFuel.h)
Linked: (/home/oligay_61/zone3/devel/.private/tli65_can_msgs/include/tli65_can_msgs/RxStHighspeed.h, /home/oligay_61/zone3/devel/include/tli65_can_msgs/RxStHighspeed.h)
Linked: (/home/oligay_61/zone3/devel/.private/tli65_can_msgs/include/tli65_can_msgs/RxMaintain.h, /home/oligay_61/zone3/devel/include/tli65_can_msgs/RxMaintain.h)
Linked: (/home/oligay_61/zone3/devel/.private/tli65_can_msgs/include/tli65_can_msgs/ContainerCalib.h, /home/oligay_61/zone3/devel/include/tli65_can_msgs/ContainerCalib.h)
Linked: (/home/oligay_61/zone3/devel/.private/tli65_can_msgs/include/tli65_can_msgs/RxSt8.h, /home/oligay_61/zone3/devel/include/tli65_can_msgs/RxSt8.h)
Linked: (/home/oligay_61/zone3/devel/.private/tli65_can_msgs/include/tli65_can_msgs/RxEPB.h, /home/oligay_61/zone3/devel/include/tli65_can_msgs/RxEPB.h)
Linked: (/home/oligay_61/zone3/devel/.private/tli65_can_msgs/include/tli65_can_msgs/RxVIN.h, /home/oligay_61/zone3/devel/include/tli65_can_msgs/RxVIN.h)
Linked: (/home/oligay_61/zone3/devel/.private/tli65_can_msgs/lib/pkgconfig/tli65_can_msgs.pc, /home/oligay_61/zone3/devel/lib/pkgconfig/tli65_can_msgs.pc)
Linked: (/home/oligay_61/zone3/devel/.private/tli65_can_msgs/lib/python2.7/dist-packages/tli65_can_msgs/__init__.py, /home/oligay_61/zone3/devel/lib/python2.7/dist-packages/tli65_can_msgs/__init__.py)
Linked: (/home/oligay_61/zone3/devel/.private/tli65_can_msgs/lib/python2.7/dist-packages/tli65_can_msgs/msg/_RxSt8.py, /home/oligay_61/zone3/devel/lib/python2.7/dist-packages/tli65_can_msgs/msg/_RxSt8.py)
Linked: (/home/oligay_61/zone3/devel/.private/tli65_can_msgs/lib/python2.7/dist-packages/tli65_can_msgs/msg/_RxSt2.py, /home/oligay_61/zone3/devel/lib/python2.7/dist-packages/tli65_can_msgs/msg/_RxSt2.py)
Linked: (/home/oligay_61/zone3/devel/.private/tli65_can_msgs/lib/python2.7/dist-packages/tli65_can_msgs/msg/_RxEPB.py, /home/oligay_61/zone3/devel/lib/python2.7/dist-packages/tli65_can_msgs/msg/_RxEPB.py)
Linked: (/home/oligay_61/zone3/devel/.private/tli65_can_msgs/lib/python2.7/dist-packages/tli65_can_msgs/msg/_RxSt9.py, /home/oligay_61/zone3/devel/lib/python2.7/dist-packages/tli65_can_msgs/msg/_RxSt9.py)
Linked: (/home/oligay_61/zone3/devel/.private/tli65_can_msgs/lib/python2.7/dist-packages/tli65_can_msgs/msg/_RxMaintain.py, /home/oligay_61/zone3/devel/lib/python2.7/dist-packages/tli65_can_msgs/msg/_RxMaintain.py)
Linked: (/home/oligay_61/zone3/devel/.private/tli65_can_msgs/lib/python2.7/dist-packages/tli65_can_msgs/msg/_ContainerCalib.py, /home/oligay_61/zone3/devel/lib/python2.7/dist-packages/tli65_can_msgs/msg/_ContainerCalib.py)
Linked: (/home/oligay_61/zone3/devel/.private/tli65_can_msgs/lib/python2.7/dist-packages/tli65_can_msgs/msg/_RxStHighspeed.py, /home/oligay_61/zone3/devel/lib/python2.7/dist-packages/tli65_can_msgs/msg/_RxStHighspeed.py)
Linked: (/home/oligay_61/zone3/devel/.private/tli65_can_msgs/lib/python2.7/dist-packages/tli65_can_msgs/msg/_RxStLowspeed.py, /home/oligay_61/zone3/devel/lib/python2.7/dist-packages/tli65_can_msgs/msg/_RxStLowspeed.py)
Linked: (/home/oligay_61/zone3/devel/.private/tli65_can_msgs/lib/python2.7/dist-packages/tli65_can_msgs/msg/_RxSt5.py, /home/oligay_61/zone3/devel/lib/python2.7/dist-packages/tli65_can_msgs/msg/_RxSt5.py)
Linked: (/home/oligay_61/zone3/devel/.private/tli65_can_msgs/lib/python2.7/dist-packages/tli65_can_msgs/msg/_RxSt1.py, /home/oligay_61/zone3/devel/lib/python2.7/dist-packages/tli65_can_msgs/msg/_RxSt1.py)
Linked: (/home/oligay_61/zone3/devel/.private/tli65_can_msgs/lib/python2.7/dist-packages/tli65_can_msgs/msg/_RxFt.py, /home/oligay_61/zone3/devel/lib/python2.7/dist-packages/tli65_can_msgs/msg/_RxFt.py)
Linked: (/home/oligay_61/zone3/devel/.private/tli65_can_msgs/lib/python2.7/dist-packages/tli65_can_msgs/msg/_RxTyre.py, /home/oligay_61/zone3/devel/lib/python2.7/dist-packages/tli65_can_msgs/msg/_RxTyre.py)
Linked: (/home/oligay_61/zone3/devel/.private/tli65_can_msgs/lib/python2.7/dist-packages/tli65_can_msgs/msg/_RxFuel.py, /home/oligay_61/zone3/devel/lib/python2.7/dist-packages/tli65_can_msgs/msg/_RxFuel.py)
Linked: (/home/oligay_61/zone3/devel/.private/tli65_can_msgs/lib/python2.7/dist-packages/tli65_can_msgs/msg/__init__.py, /home/oligay_61/zone3/devel/lib/python2.7/dist-packages/tli65_can_msgs/msg/__init__.py)
Linked: (/home/oligay_61/zone3/devel/.private/tli65_can_msgs/lib/python2.7/dist-packages/tli65_can_msgs/msg/_RxSt7.py, /home/oligay_61/zone3/devel/lib/python2.7/dist-packages/tli65_can_msgs/msg/_RxSt7.py)
Linked: (/home/oligay_61/zone3/devel/.private/tli65_can_msgs/lib/python2.7/dist-packages/tli65_can_msgs/msg/_RxSpeed.py, /home/oligay_61/zone3/devel/lib/python2.7/dist-packages/tli65_can_msgs/msg/_RxSpeed.py)
Linked: (/home/oligay_61/zone3/devel/.private/tli65_can_msgs/lib/python2.7/dist-packages/tli65_can_msgs/msg/_RxHands.py, /home/oligay_61/zone3/devel/lib/python2.7/dist-packages/tli65_can_msgs/msg/_RxHands.py)
Linked: (/home/oligay_61/zone3/devel/.private/tli65_can_msgs/lib/python2.7/dist-packages/tli65_can_msgs/msg/_RxSt6.py, /home/oligay_61/zone3/devel/lib/python2.7/dist-packages/tli65_can_msgs/msg/_RxSt6.py)
Linked: (/home/oligay_61/zone3/devel/.private/tli65_can_msgs/lib/python2.7/dist-packages/tli65_can_msgs/msg/_RxVIN.py, /home/oligay_61/zone3/devel/lib/python2.7/dist-packages/tli65_can_msgs/msg/_RxVIN.py)
Linked: (/home/oligay_61/zone3/devel/.private/tli65_can_msgs/lib/python2.7/dist-packages/tli65_can_msgs/msg/_RxContainer.py, /home/oligay_61/zone3/devel/lib/python2.7/dist-packages/tli65_can_msgs/msg/_RxContainer.py)
Linked: (/home/oligay_61/zone3/devel/.private/tli65_can_msgs/lib/python2.7/dist-packages/tli65_can_msgs/msg/_RxSt3.py, /home/oligay_61/zone3/devel/lib/python2.7/dist-packages/tli65_can_msgs/msg/_RxSt3.py)
Linked: (/home/oligay_61/zone3/devel/.private/tli65_can_msgs/lib/python2.7/dist-packages/tli65_can_msgs/msg/_RxSt4.py, /home/oligay_61/zone3/devel/lib/python2.7/dist-packages/tli65_can_msgs/msg/_RxSt4.py)
