Symlinking /home/oligay_61/zone3/devel/share/gennodejs/ros/tli65_can_msgs/_index.js
Symlinking /home/oligay_61/zone3/devel/share/gennodejs/ros/tli65_can_msgs/msg/RxFt.js
Symlinking /home/oligay_61/zone3/devel/share/gennodejs/ros/tli65_can_msgs/msg/RxFuel.js
Symlinking /home/oligay_61/zone3/devel/share/gennodejs/ros/tli65_can_msgs/msg/_index.js
Symlinking /home/oligay_61/zone3/devel/share/gennodejs/ros/tli65_can_msgs/msg/RxSt3.js
Symlinking /home/oligay_61/zone3/devel/share/gennodejs/ros/tli65_can_msgs/msg/RxMaintain.js
Symlinking /home/oligay_61/zone3/devel/share/gennodejs/ros/tli65_can_msgs/msg/RxContainer.js
Symlinking /home/oligay_61/zone3/devel/share/gennodejs/ros/tli65_can_msgs/msg/RxHands.js
Symlinking /home/oligay_61/zone3/devel/share/gennodejs/ros/tli65_can_msgs/msg/RxSt5.js
Symlinking /home/oligay_61/zone3/devel/share/gennodejs/ros/tli65_can_msgs/msg/RxSt2.js
Symlinking /home/oligay_61/zone3/devel/share/gennodejs/ros/tli65_can_msgs/msg/RxVIN.js
Symlinking /home/oligay_61/zone3/devel/share/gennodejs/ros/tli65_can_msgs/msg/RxSt4.js
Symlinking /home/oligay_61/zone3/devel/share/gennodejs/ros/tli65_can_msgs/msg/RxSpeed.js
Symlinking /home/oligay_61/zone3/devel/share/gennodejs/ros/tli65_can_msgs/msg/RxSt8.js
Symlinking /home/oligay_61/zone3/devel/share/gennodejs/ros/tli65_can_msgs/msg/RxSt1.js
Symlinking /home/oligay_61/zone3/devel/share/gennodejs/ros/tli65_can_msgs/msg/ContainerCalib.js
Symlinking /home/oligay_61/zone3/devel/share/gennodejs/ros/tli65_can_msgs/msg/RxStHighspeed.js
Symlinking /home/oligay_61/zone3/devel/share/gennodejs/ros/tli65_can_msgs/msg/RxSt6.js
Symlinking /home/oligay_61/zone3/devel/share/gennodejs/ros/tli65_can_msgs/msg/RxTyre.js
Symlinking /home/oligay_61/zone3/devel/share/gennodejs/ros/tli65_can_msgs/msg/RxEPB.js
Symlinking /home/oligay_61/zone3/devel/share/gennodejs/ros/tli65_can_msgs/msg/RxSt7.js
Symlinking /home/oligay_61/zone3/devel/share/gennodejs/ros/tli65_can_msgs/msg/RxStLowspeed.js
Symlinking /home/oligay_61/zone3/devel/share/gennodejs/ros/tli65_can_msgs/msg/RxSt9.js
Symlinking /home/oligay_61/zone3/devel/share/roseus/ros/tli65_can_msgs/manifest.l
Symlinking /home/oligay_61/zone3/devel/share/roseus/ros/tli65_can_msgs/msg/RxSt2.l
Symlinking /home/oligay_61/zone3/devel/share/roseus/ros/tli65_can_msgs/msg/RxSpeed.l
Symlinking /home/oligay_61/zone3/devel/share/roseus/ros/tli65_can_msgs/msg/RxFuel.l
Symlinking /home/oligay_61/zone3/devel/share/roseus/ros/tli65_can_msgs/msg/RxSt8.l
Symlinking /home/oligay_61/zone3/devel/share/roseus/ros/tli65_can_msgs/msg/RxContainer.l
Symlinking /home/oligay_61/zone3/devel/share/roseus/ros/tli65_can_msgs/msg/RxVIN.l
Symlinking /home/oligay_61/zone3/devel/share/roseus/ros/tli65_can_msgs/msg/RxFt.l
Symlinking /home/oligay_61/zone3/devel/share/roseus/ros/tli65_can_msgs/msg/RxSt4.l
Symlinking /home/oligay_61/zone3/devel/share/roseus/ros/tli65_can_msgs/msg/RxMaintain.l
Symlinking /home/oligay_61/zone3/devel/share/roseus/ros/tli65_can_msgs/msg/RxStLowspeed.l
Symlinking /home/oligay_61/zone3/devel/share/roseus/ros/tli65_can_msgs/msg/RxSt3.l
Symlinking /home/oligay_61/zone3/devel/share/roseus/ros/tli65_can_msgs/msg/RxSt9.l
Symlinking /home/oligay_61/zone3/devel/share/roseus/ros/tli65_can_msgs/msg/RxTyre.l
Symlinking /home/oligay_61/zone3/devel/share/roseus/ros/tli65_can_msgs/msg/RxSt7.l
Symlinking /home/oligay_61/zone3/devel/share/roseus/ros/tli65_can_msgs/msg/RxSt1.l
Symlinking /home/oligay_61/zone3/devel/share/roseus/ros/tli65_can_msgs/msg/RxHands.l
Symlinking /home/oligay_61/zone3/devel/share/roseus/ros/tli65_can_msgs/msg/RxEPB.l
Symlinking /home/oligay_61/zone3/devel/share/roseus/ros/tli65_can_msgs/msg/RxStHighspeed.l
Symlinking /home/oligay_61/zone3/devel/share/roseus/ros/tli65_can_msgs/msg/RxSt5.l
Symlinking /home/oligay_61/zone3/devel/share/roseus/ros/tli65_can_msgs/msg/RxSt6.l
Symlinking /home/oligay_61/zone3/devel/share/roseus/ros/tli65_can_msgs/msg/ContainerCalib.l
Symlinking /home/oligay_61/zone3/devel/share/tli65_can_msgs/cmake/tli65_can_msgs-msg-paths.cmake
Symlinking /home/oligay_61/zone3/devel/share/tli65_can_msgs/cmake/tli65_can_msgsConfig-version.cmake
Symlinking /home/oligay_61/zone3/devel/share/tli65_can_msgs/cmake/tli65_can_msgs-msg-extras.cmake
Symlinking /home/oligay_61/zone3/devel/share/tli65_can_msgs/cmake/tli65_can_msgsConfig.cmake
Symlinking /home/oligay_61/zone3/devel/share/common-lisp/ros/tli65_can_msgs/msg/RxHands.lisp
Symlinking /home/oligay_61/zone3/devel/share/common-lisp/ros/tli65_can_msgs/msg/RxSt4.lisp
Symlinking /home/oligay_61/zone3/devel/share/common-lisp/ros/tli65_can_msgs/msg/_package_RxSt3.lisp
Symlinking /home/oligay_61/zone3/devel/share/common-lisp/ros/tli65_can_msgs/msg/_package_RxHands.lisp
Symlinking /home/oligay_61/zone3/devel/share/common-lisp/ros/tli65_can_msgs/msg/_package_RxEPB.lisp
Symlinking /home/oligay_61/zone3/devel/share/common-lisp/ros/tli65_can_msgs/msg/RxSpeed.lisp
Symlinking /home/oligay_61/zone3/devel/share/common-lisp/ros/tli65_can_msgs/msg/_package_RxSt9.lisp
Symlinking /home/oligay_61/zone3/devel/share/common-lisp/ros/tli65_can_msgs/msg/ContainerCalib.lisp
Symlinking /home/oligay_61/zone3/devel/share/common-lisp/ros/tli65_can_msgs/msg/_package_RxSt4.lisp
Symlinking /home/oligay_61/zone3/devel/share/common-lisp/ros/tli65_can_msgs/msg/RxSt5.lisp
Symlinking /home/oligay_61/zone3/devel/share/common-lisp/ros/tli65_can_msgs/msg/_package_RxSt5.lisp
Symlinking /home/oligay_61/zone3/devel/share/common-lisp/ros/tli65_can_msgs/msg/RxSt3.lisp
Symlinking /home/oligay_61/zone3/devel/share/common-lisp/ros/tli65_can_msgs/msg/_package_RxStHighspeed.lisp
Symlinking /home/oligay_61/zone3/devel/share/common-lisp/ros/tli65_can_msgs/msg/_package_RxTyre.lisp
Symlinking /home/oligay_61/zone3/devel/share/common-lisp/ros/tli65_can_msgs/msg/_package_RxSt7.lisp
Symlinking /home/oligay_61/zone3/devel/share/common-lisp/ros/tli65_can_msgs/msg/RxSt7.lisp
Symlinking /home/oligay_61/zone3/devel/share/common-lisp/ros/tli65_can_msgs/msg/RxStLowspeed.lisp
Symlinking /home/oligay_61/zone3/devel/share/common-lisp/ros/tli65_can_msgs/msg/_package_RxStLowspeed.lisp
Symlinking /home/oligay_61/zone3/devel/share/common-lisp/ros/tli65_can_msgs/msg/RxSt6.lisp
Symlinking /home/oligay_61/zone3/devel/share/common-lisp/ros/tli65_can_msgs/msg/RxVIN.lisp
Symlinking /home/oligay_61/zone3/devel/share/common-lisp/ros/tli65_can_msgs/msg/RxFuel.lisp
Symlinking /home/oligay_61/zone3/devel/share/common-lisp/ros/tli65_can_msgs/msg/RxSt1.lisp
Symlinking /home/oligay_61/zone3/devel/share/common-lisp/ros/tli65_can_msgs/msg/_package_RxSt1.lisp
Symlinking /home/oligay_61/zone3/devel/share/common-lisp/ros/tli65_can_msgs/msg/RxMaintain.lisp
Symlinking /home/oligay_61/zone3/devel/share/common-lisp/ros/tli65_can_msgs/msg/_package_RxFt.lisp
Symlinking /home/oligay_61/zone3/devel/share/common-lisp/ros/tli65_can_msgs/msg/_package_RxFuel.lisp
Symlinking /home/oligay_61/zone3/devel/share/common-lisp/ros/tli65_can_msgs/msg/_package_RxSt2.lisp
Symlinking /home/oligay_61/zone3/devel/share/common-lisp/ros/tli65_can_msgs/msg/RxSt8.lisp
Symlinking /home/oligay_61/zone3/devel/share/common-lisp/ros/tli65_can_msgs/msg/_package_RxMaintain.lisp
Symlinking /home/oligay_61/zone3/devel/share/common-lisp/ros/tli65_can_msgs/msg/_package_RxSt8.lisp
Symlinking /home/oligay_61/zone3/devel/share/common-lisp/ros/tli65_can_msgs/msg/_package_ContainerCalib.lisp
Symlinking /home/oligay_61/zone3/devel/share/common-lisp/ros/tli65_can_msgs/msg/_package_RxVIN.lisp
Symlinking /home/oligay_61/zone3/devel/share/common-lisp/ros/tli65_can_msgs/msg/_package_RxSt6.lisp
Symlinking /home/oligay_61/zone3/devel/share/common-lisp/ros/tli65_can_msgs/msg/RxStHighspeed.lisp
Symlinking /home/oligay_61/zone3/devel/share/common-lisp/ros/tli65_can_msgs/msg/RxTyre.lisp
Symlinking /home/oligay_61/zone3/devel/share/common-lisp/ros/tli65_can_msgs/msg/RxFt.lisp
Symlinking /home/oligay_61/zone3/devel/share/common-lisp/ros/tli65_can_msgs/msg/RxSt2.lisp
Symlinking /home/oligay_61/zone3/devel/share/common-lisp/ros/tli65_can_msgs/msg/RxSt9.lisp
Symlinking /home/oligay_61/zone3/devel/share/common-lisp/ros/tli65_can_msgs/msg/RxContainer.lisp
Symlinking /home/oligay_61/zone3/devel/share/common-lisp/ros/tli65_can_msgs/msg/_package.lisp
Symlinking /home/oligay_61/zone3/devel/share/common-lisp/ros/tli65_can_msgs/msg/_package_RxContainer.lisp
Symlinking /home/oligay_61/zone3/devel/share/common-lisp/ros/tli65_can_msgs/msg/tli65_can_msgs-msg.asd
Symlinking /home/oligay_61/zone3/devel/share/common-lisp/ros/tli65_can_msgs/msg/RxEPB.lisp
Symlinking /home/oligay_61/zone3/devel/share/common-lisp/ros/tli65_can_msgs/msg/_package_RxSpeed.lisp
Symlinking /home/oligay_61/zone3/devel/include/tli65_can_msgs/RxSt9.h
Symlinking /home/oligay_61/zone3/devel/include/tli65_can_msgs/RxSt2.h
Symlinking /home/oligay_61/zone3/devel/include/tli65_can_msgs/RxSt4.h
Symlinking /home/oligay_61/zone3/devel/include/tli65_can_msgs/RxStLowspeed.h
Symlinking /home/oligay_61/zone3/devel/include/tli65_can_msgs/RxSt6.h
Symlinking /home/oligay_61/zone3/devel/include/tli65_can_msgs/RxSt3.h
Symlinking /home/oligay_61/zone3/devel/include/tli65_can_msgs/RxHands.h
Symlinking /home/oligay_61/zone3/devel/include/tli65_can_msgs/RxSt1.h
Symlinking /home/oligay_61/zone3/devel/include/tli65_can_msgs/RxTyre.h
Symlinking /home/oligay_61/zone3/devel/include/tli65_can_msgs/RxSt5.h
Symlinking /home/oligay_61/zone3/devel/include/tli65_can_msgs/RxSt7.h
Symlinking /home/oligay_61/zone3/devel/include/tli65_can_msgs/RxSpeed.h
Symlinking /home/oligay_61/zone3/devel/include/tli65_can_msgs/RxFt.h
Symlinking /home/oligay_61/zone3/devel/include/tli65_can_msgs/RxContainer.h
Symlinking /home/oligay_61/zone3/devel/include/tli65_can_msgs/RxFuel.h
Symlinking /home/oligay_61/zone3/devel/include/tli65_can_msgs/RxStHighspeed.h
Symlinking /home/oligay_61/zone3/devel/include/tli65_can_msgs/RxMaintain.h
Symlinking /home/oligay_61/zone3/devel/include/tli65_can_msgs/ContainerCalib.h
Symlinking /home/oligay_61/zone3/devel/include/tli65_can_msgs/RxSt8.h
Symlinking /home/oligay_61/zone3/devel/include/tli65_can_msgs/RxEPB.h
Symlinking /home/oligay_61/zone3/devel/include/tli65_can_msgs/RxVIN.h
Symlinking /home/oligay_61/zone3/devel/lib/pkgconfig/tli65_can_msgs.pc
Symlinking /home/oligay_61/zone3/devel/lib/python2.7/dist-packages/tli65_can_msgs/__init__.py
Symlinking /home/oligay_61/zone3/devel/lib/python2.7/dist-packages/tli65_can_msgs/msg/_RxSt8.py
Symlinking /home/oligay_61/zone3/devel/lib/python2.7/dist-packages/tli65_can_msgs/msg/_RxSt2.py
Symlinking /home/oligay_61/zone3/devel/lib/python2.7/dist-packages/tli65_can_msgs/msg/_RxEPB.py
Symlinking /home/oligay_61/zone3/devel/lib/python2.7/dist-packages/tli65_can_msgs/msg/_RxSt9.py
Symlinking /home/oligay_61/zone3/devel/lib/python2.7/dist-packages/tli65_can_msgs/msg/_RxMaintain.py
Symlinking /home/oligay_61/zone3/devel/lib/python2.7/dist-packages/tli65_can_msgs/msg/_ContainerCalib.py
Symlinking /home/oligay_61/zone3/devel/lib/python2.7/dist-packages/tli65_can_msgs/msg/_RxStHighspeed.py
Symlinking /home/oligay_61/zone3/devel/lib/python2.7/dist-packages/tli65_can_msgs/msg/_RxStLowspeed.py
Symlinking /home/oligay_61/zone3/devel/lib/python2.7/dist-packages/tli65_can_msgs/msg/_RxSt5.py
Symlinking /home/oligay_61/zone3/devel/lib/python2.7/dist-packages/tli65_can_msgs/msg/_RxSt1.py
Symlinking /home/oligay_61/zone3/devel/lib/python2.7/dist-packages/tli65_can_msgs/msg/_RxFt.py
Symlinking /home/oligay_61/zone3/devel/lib/python2.7/dist-packages/tli65_can_msgs/msg/_RxTyre.py
Symlinking /home/oligay_61/zone3/devel/lib/python2.7/dist-packages/tli65_can_msgs/msg/_RxFuel.py
Symlinking /home/oligay_61/zone3/devel/lib/python2.7/dist-packages/tli65_can_msgs/msg/__init__.py
Symlinking /home/oligay_61/zone3/devel/lib/python2.7/dist-packages/tli65_can_msgs/msg/_RxSt7.py
Symlinking /home/oligay_61/zone3/devel/lib/python2.7/dist-packages/tli65_can_msgs/msg/_RxSpeed.py
Symlinking /home/oligay_61/zone3/devel/lib/python2.7/dist-packages/tli65_can_msgs/msg/_RxHands.py
Symlinking /home/oligay_61/zone3/devel/lib/python2.7/dist-packages/tli65_can_msgs/msg/_RxSt6.py
Symlinking /home/oligay_61/zone3/devel/lib/python2.7/dist-packages/tli65_can_msgs/msg/_RxVIN.py
Symlinking /home/oligay_61/zone3/devel/lib/python2.7/dist-packages/tli65_can_msgs/msg/_RxContainer.py
Symlinking /home/oligay_61/zone3/devel/lib/python2.7/dist-packages/tli65_can_msgs/msg/_RxSt3.py
Symlinking /home/oligay_61/zone3/devel/lib/python2.7/dist-packages/tli65_can_msgs/msg/_RxSt4.py
