[35m[1mScanning dependencies of target _tli65_can_msgs_generate_messages_check_deps_RxSt1[0m
[  0%] Built target _tli65_can_msgs_generate_messages_check_deps_RxSt1
[35m[1mScanning dependencies of target can_msgs_generate_messages_eus[0m
[  0%] Built target can_msgs_generate_messages_eus
[35m[1mScanning dependencies of target _tli65_can_msgs_generate_messages_check_deps_RxContainer[0m
[  0%] Built target _tli65_can_msgs_generate_messages_check_deps_RxContainer
[35m[1mScanning dependencies of target _tli65_can_msgs_generate_messages_check_deps_RxSt2[0m
[  0%] Built target _tli65_can_msgs_generate_messages_check_deps_RxSt2
[35m[1mScanning dependencies of target _tli65_can_msgs_generate_messages_check_deps_RxStHighspeed[0m
[  0%] Built target _tli65_can_msgs_generate_messages_check_deps_RxStHighspeed
[35m[1mScanning dependencies of target _tli65_can_msgs_generate_messages_check_deps_RxHands[0m
[  0%] Built target _tli65_can_msgs_generate_messages_check_deps_RxHands
[35m[1mScanning dependencies of target _tli65_can_msgs_generate_messages_check_deps_RxEPB[0m
[  0%] Built target _tli65_can_msgs_generate_messages_check_deps_RxEPB
[35m[1mScanning dependencies of target std_msgs_generate_messages_eus[0m
[  0%] Built target std_msgs_generate_messages_eus
[35m[1mScanning dependencies of target _tli65_can_msgs_generate_messages_check_deps_RxSt3[0m
[  0%] Built target _tli65_can_msgs_generate_messages_check_deps_RxSt3
[35m[1mScanning dependencies of target _tli65_can_msgs_generate_messages_check_deps_RxFt[0m
[  0%] Built target _tli65_can_msgs_generate_messages_check_deps_RxFt
[35m[1mScanning dependencies of target _tli65_can_msgs_generate_messages_check_deps_RxMaintain[0m
[  0%] Built target _tli65_can_msgs_generate_messages_check_deps_RxMaintain
[35m[1mScanning dependencies of target _tli65_can_msgs_generate_messages_check_deps_RxSt9[0m
[  0%] Built target _tli65_can_msgs_generate_messages_check_deps_RxSt9
[35m[1mScanning dependencies of target _tli65_can_msgs_generate_messages_check_deps_RxStLowspeed[0m
[  0%] Built target _tli65_can_msgs_generate_messages_check_deps_RxStLowspeed
[35m[1mScanning dependencies of target _tli65_can_msgs_generate_messages_check_deps_RxSt6[0m
[  0%] Built target _tli65_can_msgs_generate_messages_check_deps_RxSt6
[35m[1mScanning dependencies of target _tli65_can_msgs_generate_messages_check_deps_RxSt5[0m
[  0%] Built target _tli65_can_msgs_generate_messages_check_deps_RxSt5
[35m[1mScanning dependencies of target _tli65_can_msgs_generate_messages_check_deps_RxVIN[0m
[  0%] Built target _tli65_can_msgs_generate_messages_check_deps_RxVIN
[35m[1mScanning dependencies of target _tli65_can_msgs_generate_messages_check_deps_RxSpeed[0m
[  0%] Built target _tli65_can_msgs_generate_messages_check_deps_RxSpeed
[35m[1mScanning dependencies of target _tli65_can_msgs_generate_messages_check_deps_ContainerCalib[0m
[  0%] Built target _tli65_can_msgs_generate_messages_check_deps_ContainerCalib
[35m[1mScanning dependencies of target _tli65_can_msgs_generate_messages_check_deps_RxFuel[0m
[  0%] Built target _tli65_can_msgs_generate_messages_check_deps_RxFuel
[35m[1mScanning dependencies of target _tli65_can_msgs_generate_messages_check_deps_RxSt8[0m
[  0%] Built target _tli65_can_msgs_generate_messages_check_deps_RxSt8
[35m[1mScanning dependencies of target _tli65_can_msgs_generate_messages_check_deps_RxSt7[0m
[  0%] Built target _tli65_can_msgs_generate_messages_check_deps_RxSt7
[35m[1mScanning dependencies of target _tli65_can_msgs_generate_messages_check_deps_RxSt4[0m
[  0%] Built target _tli65_can_msgs_generate_messages_check_deps_RxSt4
[35m[1mScanning dependencies of target _tli65_can_msgs_generate_messages_check_deps_RxTyre[0m
[  0%] Built target _tli65_can_msgs_generate_messages_check_deps_RxTyre
[35m[1mScanning dependencies of target can_msgs_generate_messages_py[0m
[  0%] Built target can_msgs_generate_messages_py
[35m[1mScanning dependencies of target std_msgs_generate_messages_py[0m
[  0%] Built target std_msgs_generate_messages_py
[35m[1mScanning dependencies of target std_msgs_generate_messages_nodejs[0m
[  0%] Built target std_msgs_generate_messages_nodejs
[35m[1mScanning dependencies of target can_msgs_generate_messages_nodejs[0m
[35m[1mScanning dependencies of target can_msgs_generate_messages_lisp[0m
[  0%] Built target can_msgs_generate_messages_nodejs
[  0%] Built target can_msgs_generate_messages_lisp
[35m[1mScanning dependencies of target std_msgs_generate_messages_lisp[0m
[35m[1mScanning dependencies of target can_msgs_generate_messages_cpp[0m
[  0%] Built target std_msgs_generate_messages_lisp
[  0%] Built target can_msgs_generate_messages_cpp
[35m[1mScanning dependencies of target std_msgs_generate_messages_cpp[0m
[  0%] Built target std_msgs_generate_messages_cpp
[35m[1mScanning dependencies of target tli65_can_msgs_generate_messages_eus[0m
[  0%] [34m[1mGenerating EusLisp code from tli65_can_msgs/RxSpeed.msg[0m
[  1%] [34m[1mGenerating EusLisp code from tli65_can_msgs/RxSt2.msg[0m
[  2%] [34m[1mGenerating EusLisp code from tli65_can_msgs/RxSt1.msg[0m
[  3%] [34m[1mGenerating EusLisp code from tli65_can_msgs/RxStLowspeed.msg[0m
[  4%] [34m[1mGenerating EusLisp code from tli65_can_msgs/RxTyre.msg[0m
[  5%] [34m[1mGenerating EusLisp code from tli65_can_msgs/RxContainer.msg[0m
[  6%] [34m[1mGenerating EusLisp code from tli65_can_msgs/RxFt.msg[0m
[  6%] [34m[1mGenerating EusLisp code from tli65_can_msgs/RxMaintain.msg[0m
[  7%] [34m[1mGenerating EusLisp code from tli65_can_msgs/RxSt6.msg[0m
[  8%] [34m[1mGenerating EusLisp code from tli65_can_msgs/RxSt5.msg[0m
[  9%] [34m[1mGenerating EusLisp code from tli65_can_msgs/RxHands.msg[0m
[ 10%] [34m[1mGenerating EusLisp code from tli65_can_msgs/RxSt8.msg[0m
[35m[1mScanning dependencies of target tli65_can_msgs_generate_messages_py[0m
[ 12%] [34m[1mGenerating Python from MSG tli65_can_msgs/RxSpeed[0m
[ 13%] [34m[1mGenerating EusLisp code from tli65_can_msgs/RxFuel.msg[0m
[ 13%] [34m[1mGenerating EusLisp code from tli65_can_msgs/RxStHighspeed.msg[0m
[ 14%] [34m[1mGenerating Python from MSG tli65_can_msgs/RxSt2[0m
[ 15%] [34m[1mGenerating EusLisp code from tli65_can_msgs/RxEPB.msg[0m
[ 16%] [34m[1mGenerating EusLisp code from tli65_can_msgs/RxSt7.msg[0m
[ 16%] [34m[1mGenerating Python from MSG tli65_can_msgs/RxSt1[0m
[ 17%] [34m[1mGenerating EusLisp code from tli65_can_msgs/ContainerCalib.msg[0m
[ 18%] [34m[1mGenerating EusLisp code from tli65_can_msgs/RxSt9.msg[0m
[ 19%] [34m[1mGenerating Python from MSG tli65_can_msgs/RxStLowspeed[0m
[ 20%] [34m[1mGenerating EusLisp code from tli65_can_msgs/RxSt4.msg[0m
[ 21%] [34m[1mGenerating Python from MSG tli65_can_msgs/RxTyre[0m
[ 23%] [34m[1mGenerating EusLisp code from tli65_can_msgs/RxSt3.msg[0m
[ 24%] [34m[1mGenerating Python from MSG tli65_can_msgs/RxContainer[0m
[ 24%] [34m[1mGenerating EusLisp code from tli65_can_msgs/RxVIN.msg[0m
[ 25%] [34m[1mGenerating EusLisp manifest code for tli65_can_msgs[0m
[ 26%] [34m[1mGenerating Python from MSG tli65_can_msgs/RxFt[0m
[ 27%] [34m[1mGenerating Python from MSG tli65_can_msgs/RxMaintain[0m
[ 27%] [34m[1mGenerating Python from MSG tli65_can_msgs/RxSt6[0m
[ 28%] [34m[1mGenerating Python from MSG tli65_can_msgs/RxSt5[0m
[ 29%] [34m[1mGenerating Python from MSG tli65_can_msgs/RxSt8[0m
[ 30%] [34m[1mGenerating Python from MSG tli65_can_msgs/RxHands[0m
[ 31%] [34m[1mGenerating Python from MSG tli65_can_msgs/RxFuel[0m
[ 31%] Built target tli65_can_msgs_generate_messages_eus
[35m[1mScanning dependencies of target tli65_can_msgs_generate_messages_nodejs[0m
[ 32%] [34m[1mGenerating Python from MSG tli65_can_msgs/RxStHighspeed[0m
[ 34%] [34m[1mGenerating Javascript code from tli65_can_msgs/RxSpeed.msg[0m
[ 35%] [34m[1mGenerating Javascript code from tli65_can_msgs/RxSt2.msg[0m
[ 37%] [34m[1mGenerating Python from MSG tli65_can_msgs/RxEPB[0m
[ 37%] [34m[1mGenerating Javascript code from tli65_can_msgs/RxSt1.msg[0m
[ 37%] [34m[1mGenerating Javascript code from tli65_can_msgs/RxStLowspeed.msg[0m
[35m[1mScanning dependencies of target tli65_can_msgs_generate_messages_lisp[0m
[ 37%] [34m[1mGenerating Python from MSG tli65_can_msgs/RxSt7[0m
[ 38%] [34m[1mGenerating Javascript code from tli65_can_msgs/RxTyre.msg[0m
[ 39%] [34m[1mGenerating Lisp code from tli65_can_msgs/RxSpeed.msg[0m
[ 40%] [34m[1mGenerating Javascript code from tli65_can_msgs/RxContainer.msg[0m
[ 41%] [34m[1mGenerating Lisp code from tli65_can_msgs/RxSt2.msg[0m
[ 42%] [34m[1mGenerating Python from MSG tli65_can_msgs/ContainerCalib[0m
[ 43%] [34m[1mGenerating Javascript code from tli65_can_msgs/RxFt.msg[0m
[ 45%] [34m[1mGenerating Lisp code from tli65_can_msgs/RxSt1.msg[0m
[ 46%] [34m[1mGenerating Javascript code from tli65_can_msgs/RxMaintain.msg[0m
[ 47%] [34m[1mGenerating Lisp code from tli65_can_msgs/RxStLowspeed.msg[0m
[ 48%] [34m[1mGenerating Javascript code from tli65_can_msgs/RxSt6.msg[0m
[ 49%] [34m[1mGenerating Lisp code from tli65_can_msgs/RxTyre.msg[0m
[ 50%] [34m[1mGenerating Python from MSG tli65_can_msgs/RxSt9[0m
[ 51%] [34m[1mGenerating Javascript code from tli65_can_msgs/RxSt5.msg[0m
[35m[1mScanning dependencies of target tli65_can_msgs_generate_messages_cpp[0m
[ 52%] [34m[1mGenerating C++ code from tli65_can_msgs/RxSpeed.msg[0m
[ 52%] [34m[1mGenerating Lisp code from tli65_can_msgs/RxContainer.msg[0m
[ 52%] [34m[1mGenerating Javascript code from tli65_can_msgs/RxSt8.msg[0m
[ 53%] [34m[1mGenerating Python from MSG tli65_can_msgs/RxSt4[0m
[ 54%] [34m[1mGenerating Lisp code from tli65_can_msgs/RxFt.msg[0m
[ 56%] [34m[1mGenerating Javascript code from tli65_can_msgs/RxHands.msg[0m
[ 57%] [34m[1mGenerating Lisp code from tli65_can_msgs/RxMaintain.msg[0m
[ 58%] [34m[1mGenerating Javascript code from tli65_can_msgs/RxFuel.msg[0m
[ 59%] [34m[1mGenerating Python from MSG tli65_can_msgs/RxSt3[0m
[ 60%] [34m[1mGenerating C++ code from tli65_can_msgs/RxSt2.msg[0m
[ 61%] [34m[1mGenerating Lisp code from tli65_can_msgs/RxSt6.msg[0m
[ 62%] [34m[1mGenerating Javascript code from tli65_can_msgs/RxStHighspeed.msg[0m
[ 63%] [34m[1mGenerating Lisp code from tli65_can_msgs/RxSt5.msg[0m
[ 64%] [34m[1mGenerating Javascript code from tli65_can_msgs/RxEPB.msg[0m
[ 65%] [34m[1mGenerating Python from MSG tli65_can_msgs/RxVIN[0m
[ 67%] [34m[1mGenerating Lisp code from tli65_can_msgs/RxSt8.msg[0m
[ 67%] [34m[1mGenerating C++ code from tli65_can_msgs/RxSt1.msg[0m
[ 68%] [34m[1mGenerating Javascript code from tli65_can_msgs/RxSt7.msg[0m
[ 68%] [34m[1mGenerating Lisp code from tli65_can_msgs/RxHands.msg[0m
[ 68%] [34m[1mGenerating Javascript code from tli65_can_msgs/ContainerCalib.msg[0m
[ 69%] [34m[1mGenerating Lisp code from tli65_can_msgs/RxFuel.msg[0m
[ 70%] [34m[1mGenerating Python msg __init__.py for tli65_can_msgs[0m
[ 71%] [34m[1mGenerating Lisp code from tli65_can_msgs/RxStHighspeed.msg[0m
[ 72%] [34m[1mGenerating Javascript code from tli65_can_msgs/RxSt9.msg[0m
[ 73%] [34m[1mGenerating C++ code from tli65_can_msgs/RxStLowspeed.msg[0m
[ 74%] [34m[1mGenerating Javascript code from tli65_can_msgs/RxSt4.msg[0m
[ 75%] [34m[1mGenerating Lisp code from tli65_can_msgs/RxEPB.msg[0m
[ 75%] Built target tli65_can_msgs_generate_messages_py
[ 76%] [34m[1mGenerating Javascript code from tli65_can_msgs/RxSt3.msg[0m
[ 78%] [34m[1mGenerating Lisp code from tli65_can_msgs/RxSt7.msg[0m
[ 79%] [34m[1mGenerating Lisp code from tli65_can_msgs/ContainerCalib.msg[0m
[ 80%] [34m[1mGenerating Javascript code from tli65_can_msgs/RxVIN.msg[0m
[ 81%] [34m[1mGenerating C++ code from tli65_can_msgs/RxTyre.msg[0m
[ 82%] [34m[1mGenerating Lisp code from tli65_can_msgs/RxSt9.msg[0m
[ 83%] [34m[1mGenerating C++ code from tli65_can_msgs/RxContainer.msg[0m
[ 83%] [34m[1mGenerating Lisp code from tli65_can_msgs/RxSt4.msg[0m
[ 83%] Built target tli65_can_msgs_generate_messages_nodejs
[ 84%] [34m[1mGenerating C++ code from tli65_can_msgs/RxFt.msg[0m
[ 85%] [34m[1mGenerating Lisp code from tli65_can_msgs/RxSt3.msg[0m
[ 86%] [34m[1mGenerating Lisp code from tli65_can_msgs/RxVIN.msg[0m
[ 87%] [34m[1mGenerating C++ code from tli65_can_msgs/RxMaintain.msg[0m
[ 87%] [34m[1mGenerating C++ code from tli65_can_msgs/RxSt6.msg[0m
[ 87%] Built target tli65_can_msgs_generate_messages_lisp
[ 89%] [34m[1mGenerating C++ code from tli65_can_msgs/RxSt5.msg[0m
[ 90%] [34m[1mGenerating C++ code from tli65_can_msgs/RxSt8.msg[0m
[ 91%] [34m[1mGenerating C++ code from tli65_can_msgs/RxHands.msg[0m
[ 92%] [34m[1mGenerating C++ code from tli65_can_msgs/RxFuel.msg[0m
[ 93%] [34m[1mGenerating C++ code from tli65_can_msgs/RxStHighspeed.msg[0m
[ 94%] [34m[1mGenerating C++ code from tli65_can_msgs/RxEPB.msg[0m
[ 94%] [34m[1mGenerating C++ code from tli65_can_msgs/RxSt7.msg[0m
[ 95%] [34m[1mGenerating C++ code from tli65_can_msgs/ContainerCalib.msg[0m
[ 96%] [34m[1mGenerating C++ code from tli65_can_msgs/RxSt9.msg[0m
[ 97%] [34m[1mGenerating C++ code from tli65_can_msgs/RxSt4.msg[0m
[ 98%] [34m[1mGenerating C++ code from tli65_can_msgs/RxSt3.msg[0m
[100%] [34m[1mGenerating C++ code from tli65_can_msgs/RxVIN.msg[0m
[100%] Built target tli65_can_msgs_generate_messages_cpp
[35m[1mScanning dependencies of target tli65_can_msgs_generate_messages[0m
[100%] Built target tli65_can_msgs_generate_messages
