[  0%] Built target _planner_msgs_generate_messages_check_deps_PlannerFSMTrigger
[  0%] Built target _planner_msgs_generate_messages_check_deps_PlannerFSM
[  0%] Built target std_msgs_generate_messages_eus
[  0%] Built target _planner_msgs_generate_messages_check_deps_StopGo
[  0%] Built target _planner_msgs_generate_messages_check_deps_WayPoint
[  0%] Built target std_msgs_generate_messages_py
[  0%] Built target _planner_msgs_generate_messages_check_deps_WayPoints
[  0%] Built target std_msgs_generate_messages_nodejs
[  0%] Built target std_msgs_generate_messages_cpp
[  0%] Built target std_msgs_generate_messages_lisp
[  3%] [34m[1mGenerating EusLisp code from planner_msgs/StopGo.msg[0m
[  7%] [34m[1mGenerating Python from MSG planner_msgs/StopGo[0m
[ 11%] [34m[1mGenerating EusLisp code from planner_msgs/PlannerFSM.msg[0m
[ 14%] [34m[1mGenerating Javascript code from planner_msgs/StopGo.msg[0m
[ 18%] [34m[1mGenerating C++ code from planner_msgs/StopGo.msg[0m
[ 22%] [34m[1mGenerating EusLisp code from planner_msgs/WayPoint.msg[0m
[ 25%] [34m[1mGenerating Javascript code from planner_msgs/PlannerFSM.msg[0m
[ 29%] [34m[1mGenerating EusLisp code from planner_msgs/WayPoints.msg[0m
[ 33%] [34m[1mGenerating Javascript code from planner_msgs/WayPoint.msg[0m
[ 37%] [34m[1mGenerating Python from MSG planner_msgs/PlannerFSM[0m
[ 40%] [34m[1mGenerating Lisp code from planner_msgs/StopGo.msg[0m
[ 44%] [34m[1mGenerating Javascript code from planner_msgs/WayPoints.msg[0m
[ 51%] Built target planner_msgs_generate_messages_eus
[ 55%] [34m[1mGenerating C++ code from planner_msgs/PlannerFSM.msg[0m
[ 59%] [34m[1mGenerating Python from MSG planner_msgs/WayPoint[0m
[ 62%] [34m[1mGenerating Lisp code from planner_msgs/PlannerFSM.msg[0m
[ 66%] [34m[1mGenerating Python from MSG planner_msgs/WayPoints[0m
[ 70%] Built target planner_msgs_generate_messages_nodejs
[ 74%] [34m[1mGenerating Lisp code from planner_msgs/WayPoint.msg[0m
[ 77%] [34m[1mGenerating Lisp code from planner_msgs/WayPoints.msg[0m
[ 81%] [34m[1mGenerating C++ code from planner_msgs/WayPoint.msg[0m
[ 85%] [34m[1mGenerating C++ code from planner_msgs/WayPoints.msg[0m
[ 88%] Built target planner_msgs_generate_messages_lisp
[ 92%] [34m[1mGenerating Python msg __init__.py for planner_msgs[0m
[ 96%] Built target planner_msgs_generate_messages_cpp
[100%] Built target planner_msgs_generate_messages_py
[100%] Built target planner_msgs_generate_messages
