[35m[1mScanning dependencies of target _planner_msgs_generate_messages_check_deps_PlannerFSMTrigger[0m
[35m[1mScanning dependencies of target _planner_msgs_generate_messages_check_deps_PlannerFSM[0m
[  0%] Built target _planner_msgs_generate_messages_check_deps_PlannerFSM
[35m[1mScanning dependencies of target std_msgs_generate_messages_eus[0m
[  0%] Built target _planner_msgs_generate_messages_check_deps_PlannerFSMTrigger
[  0%] Built target std_msgs_generate_messages_eus
[35m[1mScanning dependencies of target _planner_msgs_generate_messages_check_deps_StopGo[0m
[  0%] Built target _planner_msgs_generate_messages_check_deps_StopGo
[35m[1mScanning dependencies of target _planner_msgs_generate_messages_check_deps_WayPoint[0m
[35m[1mScanning dependencies of target _planner_msgs_generate_messages_check_deps_WayPoints[0m
[  0%] Built target _planner_msgs_generate_messages_check_deps_WayPoint
[  0%] Built target _planner_msgs_generate_messages_check_deps_WayPoints
[35m[1mScanning dependencies of target std_msgs_generate_messages_py[0m
[  0%] Built target std_msgs_generate_messages_py
[35m[1mScanning dependencies of target std_msgs_generate_messages_nodejs[0m
[  0%] Built target std_msgs_generate_messages_nodejs
[35m[1mScanning dependencies of target std_msgs_generate_messages_cpp[0m
[  0%] Built target std_msgs_generate_messages_cpp
[35m[1mScanning dependencies of target std_msgs_generate_messages_lisp[0m
[  0%] Built target std_msgs_generate_messages_lisp
[35m[1mScanning dependencies of target planner_msgs_generate_messages_eus[0m
[  3%] [34m[1mGenerating EusLisp code from planner_msgs/StopGo.msg[0m
[  7%] [34m[1mGenerating EusLisp code from planner_msgs/PlannerFSM.msg[0m
[ 11%] [34m[1mGenerating EusLisp code from planner_msgs/PlannerFSMTrigger.msg[0m
[ 14%] [34m[1mGenerating EusLisp code from planner_msgs/WayPoint.msg[0m
[ 18%] [34m[1mGenerating EusLisp code from planner_msgs/WayPoints.msg[0m
[ 22%] [34m[1mGenerating EusLisp manifest code for planner_msgs[0m
[35m[1mScanning dependencies of target planner_msgs_generate_messages_py[0m
[ 25%] [34m[1mGenerating Python from MSG planner_msgs/StopGo[0m
[ 29%] [34m[1mGenerating Python from MSG planner_msgs/PlannerFSM[0m
[ 33%] [34m[1mGenerating Python from MSG planner_msgs/PlannerFSMTrigger[0m
[ 33%] Built target planner_msgs_generate_messages_eus
[35m[1mScanning dependencies of target planner_msgs_generate_messages_nodejs[0m
[ 37%] [34m[1mGenerating Python from MSG planner_msgs/WayPoint[0m
[ 40%] [34m[1mGenerating Javascript code from planner_msgs/StopGo.msg[0m
[ 44%] [34m[1mGenerating Javascript code from planner_msgs/PlannerFSM.msg[0m
[ 48%] [34m[1mGenerating Python from MSG planner_msgs/WayPoints[0m
[ 51%] [34m[1mGenerating Javascript code from planner_msgs/PlannerFSMTrigger.msg[0m
[ 55%] [34m[1mGenerating Javascript code from planner_msgs/WayPoint.msg[0m
[ 62%] [34m[1mGenerating Javascript code from planner_msgs/WayPoints.msg[0m
[ 62%] [34m[1mGenerating Python msg __init__.py for planner_msgs[0m
[ 62%] Built target planner_msgs_generate_messages_nodejs
[35m[1mScanning dependencies of target planner_msgs_generate_messages_cpp[0m
[ 66%] [34m[1mGenerating C++ code from planner_msgs/StopGo.msg[0m
[ 66%] Built target planner_msgs_generate_messages_py
[35m[1mScanning dependencies of target planner_msgs_generate_messages_lisp[0m
[ 70%] [34m[1mGenerating Lisp code from planner_msgs/StopGo.msg[0m
[ 74%] [34m[1mGenerating C++ code from planner_msgs/PlannerFSM.msg[0m
[ 77%] [34m[1mGenerating Lisp code from planner_msgs/PlannerFSM.msg[0m
[ 81%] [34m[1mGenerating Lisp code from planner_msgs/PlannerFSMTrigger.msg[0m
[ 85%] [34m[1mGenerating Lisp code from planner_msgs/WayPoint.msg[0m
[ 88%] [34m[1mGenerating C++ code from planner_msgs/PlannerFSMTrigger.msg[0m
[ 92%] [34m[1mGenerating Lisp code from planner_msgs/WayPoints.msg[0m
[ 92%] Built target planner_msgs_generate_messages_lisp
[ 96%] [34m[1mGenerating C++ code from planner_msgs/WayPoint.msg[0m
[100%] [34m[1mGenerating C++ code from planner_msgs/WayPoints.msg[0m
[100%] Built target planner_msgs_generate_messages_cpp
[35m[1mScanning dependencies of target planner_msgs_generate_messages[0m
[100%] Built target planner_msgs_generate_messages
