Symlinking /home/oligay_61/zone3/devel/share/gennodejs/ros/planner_msgs/_index.js
Symlinking /home/oligay_61/zone3/devel/share/gennodejs/ros/planner_msgs/msg/WayPoints.js
Symlinking /home/oligay_61/zone3/devel/share/gennodejs/ros/planner_msgs/msg/_index.js
Symlinking /home/oligay_61/zone3/devel/share/gennodejs/ros/planner_msgs/msg/StopGo.js
Symlinking /home/oligay_61/zone3/devel/share/gennodejs/ros/planner_msgs/msg/PlannerFSM.js
Symlinking /home/oligay_61/zone3/devel/share/gennodejs/ros/planner_msgs/msg/WayPoint.js
Symlinking /home/oligay_61/zone3/devel/share/gennodejs/ros/planner_msgs/msg/PlannerFSMTrigger.js
Symlinking /home/oligay_61/zone3/devel/share/planner_msgs/cmake/planner_msgsConfig-version.cmake
Symlinking /home/oligay_61/zone3/devel/share/planner_msgs/cmake/planner_msgs-msg-extras.cmake
Symlinking /home/oligay_61/zone3/devel/share/planner_msgs/cmake/planner_msgs-msg-paths.cmake
Symlinking /home/oligay_61/zone3/devel/share/planner_msgs/cmake/planner_msgsConfig.cmake
Symlinking /home/oligay_61/zone3/devel/share/roseus/ros/planner_msgs/manifest.l
Symlinking /home/oligay_61/zone3/devel/share/roseus/ros/planner_msgs/msg/WayPoint.l
Symlinking /home/oligay_61/zone3/devel/share/roseus/ros/planner_msgs/msg/PlannerFSMTrigger.l
Symlinking /home/oligay_61/zone3/devel/share/roseus/ros/planner_msgs/msg/StopGo.l
Symlinking /home/oligay_61/zone3/devel/share/roseus/ros/planner_msgs/msg/PlannerFSM.l
Symlinking /home/oligay_61/zone3/devel/share/roseus/ros/planner_msgs/msg/WayPoints.l
Symlinking /home/oligay_61/zone3/devel/share/common-lisp/ros/planner_msgs/msg/_package_WayPoints.lisp
Symlinking /home/oligay_61/zone3/devel/share/common-lisp/ros/planner_msgs/msg/_package_StopGo.lisp
Symlinking /home/oligay_61/zone3/devel/share/common-lisp/ros/planner_msgs/msg/PlannerFSM.lisp
Symlinking /home/oligay_61/zone3/devel/share/common-lisp/ros/planner_msgs/msg/WayPoints.lisp
Symlinking /home/oligay_61/zone3/devel/share/common-lisp/ros/planner_msgs/msg/_package_WayPoint.lisp
Symlinking /home/oligay_61/zone3/devel/share/common-lisp/ros/planner_msgs/msg/_package_PlannerFSM.lisp
Symlinking /home/oligay_61/zone3/devel/share/common-lisp/ros/planner_msgs/msg/planner_msgs-msg.asd
Symlinking /home/oligay_61/zone3/devel/share/common-lisp/ros/planner_msgs/msg/_package_PlannerFSMTrigger.lisp
Symlinking /home/oligay_61/zone3/devel/share/common-lisp/ros/planner_msgs/msg/StopGo.lisp
Symlinking /home/oligay_61/zone3/devel/share/common-lisp/ros/planner_msgs/msg/WayPoint.lisp
Symlinking /home/oligay_61/zone3/devel/share/common-lisp/ros/planner_msgs/msg/PlannerFSMTrigger.lisp
Symlinking /home/oligay_61/zone3/devel/share/common-lisp/ros/planner_msgs/msg/_package.lisp
Symlinking /home/oligay_61/zone3/devel/include/planner_msgs/WayPoints.h
Symlinking /home/oligay_61/zone3/devel/include/planner_msgs/PlannerFSM.h
Symlinking /home/oligay_61/zone3/devel/include/planner_msgs/WayPoint.h
Symlinking /home/oligay_61/zone3/devel/include/planner_msgs/StopGo.h
Symlinking /home/oligay_61/zone3/devel/include/planner_msgs/PlannerFSMTrigger.h
Symlinking /home/oligay_61/zone3/devel/lib/pkgconfig/planner_msgs.pc
Symlinking /home/oligay_61/zone3/devel/lib/python2.7/dist-packages/planner_msgs/__init__.py
Symlinking /home/oligay_61/zone3/devel/lib/python2.7/dist-packages/planner_msgs/msg/_PlannerFSM.py
Symlinking /home/oligay_61/zone3/devel/lib/python2.7/dist-packages/planner_msgs/msg/_WayPoints.py
Symlinking /home/oligay_61/zone3/devel/lib/python2.7/dist-packages/planner_msgs/msg/_StopGo.py
Symlinking /home/oligay_61/zone3/devel/lib/python2.7/dist-packages/planner_msgs/msg/__init__.py
Symlinking /home/oligay_61/zone3/devel/lib/python2.7/dist-packages/planner_msgs/msg/_WayPoint.py
Symlinking /home/oligay_61/zone3/devel/lib/python2.7/dist-packages/planner_msgs/msg/_PlannerFSMTrigger.py
