Linked: (/home/oligay_61/zone3/devel/.private/planner_msgs/share/gennodejs/ros/planner_msgs/_index.js, /home/oligay_61/zone3/devel/share/gennodejs/ros/planner_msgs/_index.js)
Linked: (/home/oligay_61/zone3/devel/.private/planner_msgs/share/gennodejs/ros/planner_msgs/msg/WayPoints.js, /home/oligay_61/zone3/devel/share/gennodejs/ros/planner_msgs/msg/WayPoints.js)
Linked: (/home/oligay_61/zone3/devel/.private/planner_msgs/share/gennodejs/ros/planner_msgs/msg/_index.js, /home/oligay_61/zone3/devel/share/gennodejs/ros/planner_msgs/msg/_index.js)
Linked: (/home/oligay_61/zone3/devel/.private/planner_msgs/share/gennodejs/ros/planner_msgs/msg/StopGo.js, /home/oligay_61/zone3/devel/share/gennodejs/ros/planner_msgs/msg/StopGo.js)
Linked: (/home/oligay_61/zone3/devel/.private/planner_msgs/share/gennodejs/ros/planner_msgs/msg/PlannerFSM.js, /home/oligay_61/zone3/devel/share/gennodejs/ros/planner_msgs/msg/PlannerFSM.js)
Linked: (/home/oligay_61/zone3/devel/.private/planner_msgs/share/gennodejs/ros/planner_msgs/msg/WayPoint.js, /home/oligay_61/zone3/devel/share/gennodejs/ros/planner_msgs/msg/WayPoint.js)
Linked: (/home/oligay_61/zone3/devel/.private/planner_msgs/share/gennodejs/ros/planner_msgs/msg/PlannerFSMTrigger.js, /home/oligay_61/zone3/devel/share/gennodejs/ros/planner_msgs/msg/PlannerFSMTrigger.js)
Linked: (/home/oligay_61/zone3/devel/.private/planner_msgs/share/planner_msgs/cmake/planner_msgsConfig-version.cmake, /home/oligay_61/zone3/devel/share/planner_msgs/cmake/planner_msgsConfig-version.cmake)
Linked: (/home/oligay_61/zone3/devel/.private/planner_msgs/share/planner_msgs/cmake/planner_msgs-msg-extras.cmake, /home/oligay_61/zone3/devel/share/planner_msgs/cmake/planner_msgs-msg-extras.cmake)
Linked: (/home/oligay_61/zone3/devel/.private/planner_msgs/share/planner_msgs/cmake/planner_msgs-msg-paths.cmake, /home/oligay_61/zone3/devel/share/planner_msgs/cmake/planner_msgs-msg-paths.cmake)
Linked: (/home/oligay_61/zone3/devel/.private/planner_msgs/share/planner_msgs/cmake/planner_msgsConfig.cmake, /home/oligay_61/zone3/devel/share/planner_msgs/cmake/planner_msgsConfig.cmake)
Linked: (/home/oligay_61/zone3/devel/.private/planner_msgs/share/roseus/ros/planner_msgs/manifest.l, /home/oligay_61/zone3/devel/share/roseus/ros/planner_msgs/manifest.l)
Linked: (/home/oligay_61/zone3/devel/.private/planner_msgs/share/roseus/ros/planner_msgs/msg/WayPoint.l, /home/oligay_61/zone3/devel/share/roseus/ros/planner_msgs/msg/WayPoint.l)
Linked: (/home/oligay_61/zone3/devel/.private/planner_msgs/share/roseus/ros/planner_msgs/msg/PlannerFSMTrigger.l, /home/oligay_61/zone3/devel/share/roseus/ros/planner_msgs/msg/PlannerFSMTrigger.l)
Linked: (/home/oligay_61/zone3/devel/.private/planner_msgs/share/roseus/ros/planner_msgs/msg/StopGo.l, /home/oligay_61/zone3/devel/share/roseus/ros/planner_msgs/msg/StopGo.l)
Linked: (/home/oligay_61/zone3/devel/.private/planner_msgs/share/roseus/ros/planner_msgs/msg/PlannerFSM.l, /home/oligay_61/zone3/devel/share/roseus/ros/planner_msgs/msg/PlannerFSM.l)
Linked: (/home/oligay_61/zone3/devel/.private/planner_msgs/share/roseus/ros/planner_msgs/msg/WayPoints.l, /home/oligay_61/zone3/devel/share/roseus/ros/planner_msgs/msg/WayPoints.l)
Linked: (/home/oligay_61/zone3/devel/.private/planner_msgs/share/common-lisp/ros/planner_msgs/msg/_package_WayPoints.lisp, /home/oligay_61/zone3/devel/share/common-lisp/ros/planner_msgs/msg/_package_WayPoints.lisp)
Linked: (/home/oligay_61/zone3/devel/.private/planner_msgs/share/common-lisp/ros/planner_msgs/msg/_package_StopGo.lisp, /home/oligay_61/zone3/devel/share/common-lisp/ros/planner_msgs/msg/_package_StopGo.lisp)
Linked: (/home/oligay_61/zone3/devel/.private/planner_msgs/share/common-lisp/ros/planner_msgs/msg/PlannerFSM.lisp, /home/oligay_61/zone3/devel/share/common-lisp/ros/planner_msgs/msg/PlannerFSM.lisp)
Linked: (/home/oligay_61/zone3/devel/.private/planner_msgs/share/common-lisp/ros/planner_msgs/msg/WayPoints.lisp, /home/oligay_61/zone3/devel/share/common-lisp/ros/planner_msgs/msg/WayPoints.lisp)
Linked: (/home/oligay_61/zone3/devel/.private/planner_msgs/share/common-lisp/ros/planner_msgs/msg/_package_WayPoint.lisp, /home/oligay_61/zone3/devel/share/common-lisp/ros/planner_msgs/msg/_package_WayPoint.lisp)
Linked: (/home/oligay_61/zone3/devel/.private/planner_msgs/share/common-lisp/ros/planner_msgs/msg/_package_PlannerFSM.lisp, /home/oligay_61/zone3/devel/share/common-lisp/ros/planner_msgs/msg/_package_PlannerFSM.lisp)
Linked: (/home/oligay_61/zone3/devel/.private/planner_msgs/share/common-lisp/ros/planner_msgs/msg/planner_msgs-msg.asd, /home/oligay_61/zone3/devel/share/common-lisp/ros/planner_msgs/msg/planner_msgs-msg.asd)
Linked: (/home/oligay_61/zone3/devel/.private/planner_msgs/share/common-lisp/ros/planner_msgs/msg/_package_PlannerFSMTrigger.lisp, /home/oligay_61/zone3/devel/share/common-lisp/ros/planner_msgs/msg/_package_PlannerFSMTrigger.lisp)
Linked: (/home/oligay_61/zone3/devel/.private/planner_msgs/share/common-lisp/ros/planner_msgs/msg/StopGo.lisp, /home/oligay_61/zone3/devel/share/common-lisp/ros/planner_msgs/msg/StopGo.lisp)
Linked: (/home/oligay_61/zone3/devel/.private/planner_msgs/share/common-lisp/ros/planner_msgs/msg/WayPoint.lisp, /home/oligay_61/zone3/devel/share/common-lisp/ros/planner_msgs/msg/WayPoint.lisp)
Linked: (/home/oligay_61/zone3/devel/.private/planner_msgs/share/common-lisp/ros/planner_msgs/msg/PlannerFSMTrigger.lisp, /home/oligay_61/zone3/devel/share/common-lisp/ros/planner_msgs/msg/PlannerFSMTrigger.lisp)
Linked: (/home/oligay_61/zone3/devel/.private/planner_msgs/share/common-lisp/ros/planner_msgs/msg/_package.lisp, /home/oligay_61/zone3/devel/share/common-lisp/ros/planner_msgs/msg/_package.lisp)
Linked: (/home/oligay_61/zone3/devel/.private/planner_msgs/include/planner_msgs/WayPoints.h, /home/oligay_61/zone3/devel/include/planner_msgs/WayPoints.h)
Linked: (/home/oligay_61/zone3/devel/.private/planner_msgs/include/planner_msgs/PlannerFSM.h, /home/oligay_61/zone3/devel/include/planner_msgs/PlannerFSM.h)
Linked: (/home/oligay_61/zone3/devel/.private/planner_msgs/include/planner_msgs/WayPoint.h, /home/oligay_61/zone3/devel/include/planner_msgs/WayPoint.h)
Linked: (/home/oligay_61/zone3/devel/.private/planner_msgs/include/planner_msgs/StopGo.h, /home/oligay_61/zone3/devel/include/planner_msgs/StopGo.h)
Linked: (/home/oligay_61/zone3/devel/.private/planner_msgs/include/planner_msgs/PlannerFSMTrigger.h, /home/oligay_61/zone3/devel/include/planner_msgs/PlannerFSMTrigger.h)
Linked: (/home/oligay_61/zone3/devel/.private/planner_msgs/lib/pkgconfig/planner_msgs.pc, /home/oligay_61/zone3/devel/lib/pkgconfig/planner_msgs.pc)
Linked: (/home/oligay_61/zone3/devel/.private/planner_msgs/lib/python2.7/dist-packages/planner_msgs/__init__.py, /home/oligay_61/zone3/devel/lib/python2.7/dist-packages/planner_msgs/__init__.py)
Linked: (/home/oligay_61/zone3/devel/.private/planner_msgs/lib/python2.7/dist-packages/planner_msgs/msg/_PlannerFSM.py, /home/oligay_61/zone3/devel/lib/python2.7/dist-packages/planner_msgs/msg/_PlannerFSM.py)
Linked: (/home/oligay_61/zone3/devel/.private/planner_msgs/lib/python2.7/dist-packages/planner_msgs/msg/_WayPoints.py, /home/oligay_61/zone3/devel/lib/python2.7/dist-packages/planner_msgs/msg/_WayPoints.py)
Linked: (/home/oligay_61/zone3/devel/.private/planner_msgs/lib/python2.7/dist-packages/planner_msgs/msg/_StopGo.py, /home/oligay_61/zone3/devel/lib/python2.7/dist-packages/planner_msgs/msg/_StopGo.py)
Linked: (/home/oligay_61/zone3/devel/.private/planner_msgs/lib/python2.7/dist-packages/planner_msgs/msg/__init__.py, /home/oligay_61/zone3/devel/lib/python2.7/dist-packages/planner_msgs/msg/__init__.py)
Linked: (/home/oligay_61/zone3/devel/.private/planner_msgs/lib/python2.7/dist-packages/planner_msgs/msg/_WayPoint.py, /home/oligay_61/zone3/devel/lib/python2.7/dist-packages/planner_msgs/msg/_WayPoint.py)
Linked: (/home/oligay_61/zone3/devel/.private/planner_msgs/lib/python2.7/dist-packages/planner_msgs/msg/_PlannerFSMTrigger.py, /home/oligay_61/zone3/devel/lib/python2.7/dist-packages/planner_msgs/msg/_PlannerFSMTrigger.py)
