Determining if the pthread_create exist failed with the following output:
Change Dir: /home/oligay_61/zone3/build/rbx2_bringup/CMakeFiles/CMakeTmp

Run Build Command:"/usr/bin/make" "cmTC_a21da/fast"
/usr/bin/make -f CMakeFiles/cmTC_a21da.dir/build.make CMakeFiles/cmTC_a21da.dir/build
make[1]: Entering directory '/home/oligay_61/zone3/build/rbx2_bringup/CMakeFiles/CMakeTmp'
Building C object CMakeFiles/cmTC_a21da.dir/CheckSymbolExists.c.o
/usr/bin/cc     -o CMakeFiles/cmTC_a21da.dir/CheckSymbolExists.c.o   -c /home/oligay_61/zone3/build/rbx2_bringup/CMakeFiles/CMakeTmp/CheckSymbolExists.c
Linking C executable cmTC_a21da
/usr/bin/cmake -E cmake_link_script CMakeFiles/cmTC_a21da.dir/link.txt --verbose=1
/usr/bin/cc       CMakeFiles/cmTC_a21da.dir/CheckSymbolExists.c.o  -o cmTC_a21da -rdynamic 
CMakeFiles/cmTC_a21da.dir/CheckSymbolExists.c.o: In function `main':
CheckSymbolExists.c:(.text+0x16): undefined reference to `pthread_create'
collect2: error: ld returned 1 exit status
CMakeFiles/cmTC_a21da.dir/build.make:97: recipe for target 'cmTC_a21da' failed
make[1]: *** [cmTC_a21da] Error 1
make[1]: Leaving directory '/home/oligay_61/zone3/build/rbx2_bringup/CMakeFiles/CMakeTmp'
Makefile:126: recipe for target 'cmTC_a21da/fast' failed
make: *** [cmTC_a21da/fast] Error 2

File /home/oligay_61/zone3/build/rbx2_bringup/CMakeFiles/CMakeTmp/CheckSymbolExists.c:
/* */
#include <pthread.h>

int main(int argc, char** argv)
{
  (void)argv;
#ifndef pthread_create
  return ((int*)(&pthread_create))[argc];
#else
  (void)argc;
  return 0;
#endif
}

Determining if the function pthread_create exists in the pthreads failed with the following output:
Change Dir: /home/oligay_61/zone3/build/rbx2_bringup/CMakeFiles/CMakeTmp

Run Build Command:"/usr/bin/make" "cmTC_581aa/fast"
/usr/bin/make -f CMakeFiles/cmTC_581aa.dir/build.make CMakeFiles/cmTC_581aa.dir/build
make[1]: Entering directory '/home/oligay_61/zone3/build/rbx2_bringup/CMakeFiles/CMakeTmp'
Building C object CMakeFiles/cmTC_581aa.dir/CheckFunctionExists.c.o
/usr/bin/cc    -DCHECK_FUNCTION_EXISTS=pthread_create   -o CMakeFiles/cmTC_581aa.dir/CheckFunctionExists.c.o   -c /usr/share/cmake-3.5/Modules/CheckFunctionExists.c
Linking C executable cmTC_581aa
/usr/bin/cmake -E cmake_link_script CMakeFiles/cmTC_581aa.dir/link.txt --verbose=1
/usr/bin/cc   -DCHECK_FUNCTION_EXISTS=pthread_create    CMakeFiles/cmTC_581aa.dir/CheckFunctionExists.c.o  -o cmTC_581aa -rdynamic -lpthreads 
/usr/bin/ld: cannot find -lpthreads
collect2: error: ld returned 1 exit status
CMakeFiles/cmTC_581aa.dir/build.make:97: recipe for target 'cmTC_581aa' failed
make[1]: *** [cmTC_581aa] Error 1
make[1]: Leaving directory '/home/oligay_61/zone3/build/rbx2_bringup/CMakeFiles/CMakeTmp'
Makefile:126: recipe for target 'cmTC_581aa/fast' failed
make: *** [cmTC_581aa/fast] Error 2


