Determining if the pthread_create exist failed with the following output:
Change Dir: /home/oligay_61/zone3/build/rbx2_utils/CMakeFiles/CMakeTmp

Run Build Command:"/usr/bin/make" "cmTC_44262/fast"
/usr/bin/make -f CMakeFiles/cmTC_44262.dir/build.make CMakeFiles/cmTC_44262.dir/build
make[1]: Entering directory '/home/oligay_61/zone3/build/rbx2_utils/CMakeFiles/CMakeTmp'
Building C object CMakeFiles/cmTC_44262.dir/CheckSymbolExists.c.o
/usr/bin/cc     -o CMakeFiles/cmTC_44262.dir/CheckSymbolExists.c.o   -c /home/oligay_61/zone3/build/rbx2_utils/CMakeFiles/CMakeTmp/CheckSymbolExists.c
Linking C executable cmTC_44262
/usr/bin/cmake -E cmake_link_script CMakeFiles/cmTC_44262.dir/link.txt --verbose=1
/usr/bin/cc       CMakeFiles/cmTC_44262.dir/CheckSymbolExists.c.o  -o cmTC_44262 -rdynamic 
CMakeFiles/cmTC_44262.dir/CheckSymbolExists.c.o: In function `main':
CheckSymbolExists.c:(.text+0x16): undefined reference to `pthread_create'
collect2: error: ld returned 1 exit status
CMakeFiles/cmTC_44262.dir/build.make:97: recipe for target 'cmTC_44262' failed
make[1]: *** [cmTC_44262] Error 1
make[1]: Leaving directory '/home/oligay_61/zone3/build/rbx2_utils/CMakeFiles/CMakeTmp'
Makefile:126: recipe for target 'cmTC_44262/fast' failed
make: *** [cmTC_44262/fast] Error 2

File /home/oligay_61/zone3/build/rbx2_utils/CMakeFiles/CMakeTmp/CheckSymbolExists.c:
/* */
#include <pthread.h>

int main(int argc, char** argv)
{
  (void)argv;
#ifndef pthread_create
  return ((int*)(&pthread_create))[argc];
#else
  (void)argc;
  return 0;
#endif
}

Determining if the function pthread_create exists in the pthreads failed with the following output:
Change Dir: /home/oligay_61/zone3/build/rbx2_utils/CMakeFiles/CMakeTmp

Run Build Command:"/usr/bin/make" "cmTC_98817/fast"
/usr/bin/make -f CMakeFiles/cmTC_98817.dir/build.make CMakeFiles/cmTC_98817.dir/build
make[1]: Entering directory '/home/oligay_61/zone3/build/rbx2_utils/CMakeFiles/CMakeTmp'
Building C object CMakeFiles/cmTC_98817.dir/CheckFunctionExists.c.o
/usr/bin/cc    -DCHECK_FUNCTION_EXISTS=pthread_create   -o CMakeFiles/cmTC_98817.dir/CheckFunctionExists.c.o   -c /usr/share/cmake-3.5/Modules/CheckFunctionExists.c
Linking C executable cmTC_98817
/usr/bin/cmake -E cmake_link_script CMakeFiles/cmTC_98817.dir/link.txt --verbose=1
/usr/bin/cc   -DCHECK_FUNCTION_EXISTS=pthread_create    CMakeFiles/cmTC_98817.dir/CheckFunctionExists.c.o  -o cmTC_98817 -rdynamic -lpthreads 
/usr/bin/ld: cannot find -lpthreads
collect2: error: ld returned 1 exit status
CMakeFiles/cmTC_98817.dir/build.make:97: recipe for target 'cmTC_98817' failed
make[1]: *** [cmTC_98817] Error 1
make[1]: Leaving directory '/home/oligay_61/zone3/build/rbx2_utils/CMakeFiles/CMakeTmp'
Makefile:126: recipe for target 'cmTC_98817/fast' failed
make: *** [cmTC_98817/fast] Error 2


