[35m[1mScanning dependencies of target planner_msgs_generate_messages_py[0m
[  0%] Built target planner_msgs_generate_messages_py
[35m[1mScanning dependencies of target kalman_msgs_generate_messages_py[0m
[  0%] Built target kalman_msgs_generate_messages_py
[35m[1mScanning dependencies of target kalman_msgs_generate_messages_nodejs[0m
[  0%] Built target kalman_msgs_generate_messages_nodejs
[35m[1mScanning dependencies of target kalman_msgs_generate_messages_lisp[0m
[  0%] Built target kalman_msgs_generate_messages_lisp
[35m[1mScanning dependencies of target kalman_msgs_generate_messages_cpp[0m
[  0%] Built target kalman_msgs_generate_messages_cpp
[35m[1mScanning dependencies of target teledrive_msgs_generate_messages_py[0m
[  0%] Built target teledrive_msgs_generate_messages_py
[35m[1mScanning dependencies of target std_msgs_generate_messages_eus[0m
[  0%] Built target std_msgs_generate_messages_eus
[35m[1mScanning dependencies of target roscpp_generate_messages_lisp[0m
[  0%] Built target roscpp_generate_messages_lisp
[35m[1mScanning dependencies of target control_msgs_generate_messages_lisp[0m
[  0%] Built target control_msgs_generate_messages_lisp
[35m[1mScanning dependencies of target rosgraph_msgs_generate_messages_py[0m
[  0%] Built target rosgraph_msgs_generate_messages_py
[35m[1mScanning dependencies of target rosgraph_msgs_generate_messages_lisp[0m
[  0%] Built target rosgraph_msgs_generate_messages_lisp
[35m[1mScanning dependencies of target teledrive_msgs_generate_messages_lisp[0m
[  0%] Built target teledrive_msgs_generate_messages_lisp
[35m[1mScanning dependencies of target roscpp_generate_messages_nodejs[0m
[  0%] Built target roscpp_generate_messages_nodejs
[35m[1mScanning dependencies of target rosgraph_msgs_generate_messages_cpp[0m
[  0%] Built target rosgraph_msgs_generate_messages_cpp
[35m[1mScanning dependencies of target std_msgs_generate_messages_cpp[0m
[  0%] Built target std_msgs_generate_messages_cpp
[35m[1mScanning dependencies of target planner_msgs_generate_messages_cpp[0m
[  0%] Built target planner_msgs_generate_messages_cpp
[35m[1mScanning dependencies of target roscpp_generate_messages_eus[0m
[  0%] Built target roscpp_generate_messages_eus
[35m[1mScanning dependencies of target roscpp_generate_messages_cpp[0m
[  0%] Built target roscpp_generate_messages_cpp
[35m[1mScanning dependencies of target can_msgs_generate_messages_lisp[0m
[  0%] Built target can_msgs_generate_messages_lisp
[35m[1mScanning dependencies of target tli65_can_msgs_generate_messages_py[0m
[  0%] Built target tli65_can_msgs_generate_messages_py
[35m[1mScanning dependencies of target std_msgs_generate_messages_nodejs[0m
[  0%] Built target std_msgs_generate_messages_nodejs
[35m[1mScanning dependencies of target teledrive_msgs_generate_messages_nodejs[0m
[  0%] Built target teledrive_msgs_generate_messages_nodejs
[35m[1mScanning dependencies of target control_msgs_generate_messages_eus[0m
[  0%] Built target control_msgs_generate_messages_eus
[35m[1mScanning dependencies of target planner_msgs_generate_messages_lisp[0m
[  0%] Built target planner_msgs_generate_messages_lisp
[35m[1mScanning dependencies of target localization_msgs_generate_messages_cpp[0m
[  0%] Built target localization_msgs_generate_messages_cpp
[35m[1mScanning dependencies of target can_msgs_generate_messages_nodejs[0m
[  0%] Built target can_msgs_generate_messages_nodejs
[35m[1mScanning dependencies of target rosgraph_msgs_generate_messages_eus[0m
[  0%] Built target rosgraph_msgs_generate_messages_eus
[35m[1mScanning dependencies of target can_msgs_generate_messages_eus[0m
[  0%] Built target can_msgs_generate_messages_eus
[35m[1mScanning dependencies of target localization_msgs_generate_messages_py[0m
[  0%] Built target localization_msgs_generate_messages_py
[35m[1mScanning dependencies of target roscpp_generate_messages_py[0m
[  0%] Built target roscpp_generate_messages_py
[35m[1mScanning dependencies of target rosgraph_msgs_generate_messages_nodejs[0m
[  0%] Built target rosgraph_msgs_generate_messages_nodejs
[35m[1mScanning dependencies of target tli65_can_msgs_generate_messages_lisp[0m
[  0%] Built target tli65_can_msgs_generate_messages_lisp
[35m[1mScanning dependencies of target teledrive_msgs_generate_messages_eus[0m
[  0%] Built target teledrive_msgs_generate_messages_eus
[35m[1mScanning dependencies of target can_msgs_generate_messages_py[0m
[  0%] Built target can_msgs_generate_messages_py
[35m[1mScanning dependencies of target kalman_msgs_generate_messages_eus[0m
[  0%] Built target kalman_msgs_generate_messages_eus
[35m[1mScanning dependencies of target tli65_can_msgs_generate_messages_cpp[0m
[  0%] Built target tli65_can_msgs_generate_messages_cpp
[35m[1mScanning dependencies of target tli65_can_msgs_generate_messages_eus[0m
[  0%] Built target tli65_can_msgs_generate_messages_eus
[35m[1mScanning dependencies of target tli65_can_msgs_generate_messages_nodejs[0m
[  0%] Built target tli65_can_msgs_generate_messages_nodejs
[35m[1mScanning dependencies of target control_msgs_generate_messages_cpp[0m
[  0%] Built target control_msgs_generate_messages_cpp
[35m[1mScanning dependencies of target control_msgs_generate_messages_nodejs[0m
[  0%] Built target control_msgs_generate_messages_nodejs
[35m[1mScanning dependencies of target planner_msgs_generate_messages_eus[0m
[  0%] Built target planner_msgs_generate_messages_eus
[35m[1mScanning dependencies of target control_msgs_generate_messages_py[0m
[  0%] Built target control_msgs_generate_messages_py
[35m[1mScanning dependencies of target localization_msgs_generate_messages_eus[0m
[  0%] Built target localization_msgs_generate_messages_eus
[35m[1mScanning dependencies of target can_msgs_generate_messages_cpp[0m
[  0%] Built target can_msgs_generate_messages_cpp
[35m[1mScanning dependencies of target localization_msgs_generate_messages_nodejs[0m
[  0%] Built target localization_msgs_generate_messages_nodejs
[35m[1mScanning dependencies of target planner_msgs_generate_messages_nodejs[0m
[  0%] Built target planner_msgs_generate_messages_nodejs
[35m[1mScanning dependencies of target localization_msgs_generate_messages_lisp[0m
[  0%] Built target localization_msgs_generate_messages_lisp
[35m[1mScanning dependencies of target std_msgs_generate_messages_lisp[0m
[  0%] Built target std_msgs_generate_messages_lisp
[35m[1mScanning dependencies of target teledrive_msgs_generate_messages_cpp[0m
[  0%] Built target teledrive_msgs_generate_messages_cpp
[35m[1mScanning dependencies of target std_msgs_generate_messages_py[0m
[  0%] Built target std_msgs_generate_messages_py
[35m[1mScanning dependencies of target control_fsm[0m
[ 16%] [32mBuilding CXX object CMakeFiles/control_fsm.dir/src/control_fsm.cc.o[0m
[35m[1mScanning dependencies of target tst_fsm[0m
[ 33%] [32mBuilding CXX object CMakeFiles/tst_fsm.dir/src/fsm/tst_fsm.cc.o[0m
[ 50%] [32mBuilding CXX object CMakeFiles/control_fsm.dir/src/struct/ControlStruct.cc.o[0m
[ 66%] [32mBuilding CXX object CMakeFiles/tst_fsm.dir/src/struct/ControlStruct.cc.o[0m
[ 83%] [32m[1mLinking CXX executable /home/oligay_61/zone3/devel/.private/control_fsm/lib/control_fsm/control_fsm[0m
[100%] [32m[1mLinking CXX executable /home/oligay_61/zone3/devel/.private/control_fsm/lib/control_fsm/tst_fsm[0m
[100%] Built target control_fsm
[100%] Built target tst_fsm
