[  0%] Built target planner_msgs_generate_messages_py
[  0%] Built target kalman_msgs_generate_messages_py
[  0%] Built target kalman_msgs_generate_messages_nodejs
[  0%] Built target kalman_msgs_generate_messages_lisp
[  0%] Built target kalman_msgs_generate_messages_cpp
[  0%] Built target teledrive_msgs_generate_messages_py
[  0%] Built target std_msgs_generate_messages_eus
[  0%] Built target roscpp_generate_messages_lisp
[  0%] Built target control_msgs_generate_messages_lisp
[  0%] Built target rosgraph_msgs_generate_messages_py
[  0%] Built target rosgraph_msgs_generate_messages_lisp
[  0%] Built target teledrive_msgs_generate_messages_lisp
[  0%] Built target roscpp_generate_messages_nodejs
[  0%] Built target rosgraph_msgs_generate_messages_cpp
[  0%] Built target std_msgs_generate_messages_cpp
[  0%] Built target planner_msgs_generate_messages_cpp
[  0%] Built target roscpp_generate_messages_eus
[  0%] Built target roscpp_generate_messages_cpp
[  0%] Built target can_msgs_generate_messages_lisp
[  0%] Built target tli65_can_msgs_generate_messages_py
[  0%] Built target std_msgs_generate_messages_nodejs
[  0%] Built target teledrive_msgs_generate_messages_nodejs
[  0%] Built target control_msgs_generate_messages_eus
[  0%] Built target planner_msgs_generate_messages_lisp
[  0%] Built target localization_msgs_generate_messages_cpp
[  0%] Built target can_msgs_generate_messages_nodejs
[  0%] Built target rosgraph_msgs_generate_messages_eus
[  0%] Built target can_msgs_generate_messages_eus
[  0%] Built target localization_msgs_generate_messages_py
[  0%] Built target roscpp_generate_messages_py
[  0%] Built target rosgraph_msgs_generate_messages_nodejs
[  0%] Built target tli65_can_msgs_generate_messages_lisp
[  0%] Built target teledrive_msgs_generate_messages_eus
[  0%] Built target can_msgs_generate_messages_py
[  0%] Built target kalman_msgs_generate_messages_eus
[  0%] Built target tli65_can_msgs_generate_messages_cpp
[  0%] Built target tli65_can_msgs_generate_messages_eus
[  0%] Built target tli65_can_msgs_generate_messages_nodejs
[  0%] Built target control_msgs_generate_messages_cpp
[  0%] Built target control_msgs_generate_messages_nodejs
[  0%] Built target planner_msgs_generate_messages_eus
[  0%] Built target control_msgs_generate_messages_py
[  0%] Built target localization_msgs_generate_messages_eus
[  0%] Built target can_msgs_generate_messages_cpp
[  0%] Built target localization_msgs_generate_messages_nodejs
[  0%] Built target planner_msgs_generate_messages_nodejs
[  0%] Built target localization_msgs_generate_messages_lisp
[  0%] Built target std_msgs_generate_messages_lisp
[  0%] Built target teledrive_msgs_generate_messages_cpp
[  0%] Built target std_msgs_generate_messages_py
[35m[1mScanning dependencies of target control_fsm[0m
[ 16%] [32mBuilding CXX object CMakeFiles/control_fsm.dir/src/control_fsm.cc.o[0m
[ 66%] Built target tst_fsm
[01m[K/home/oligay_61/zone3/src/control/control_fsm/src/control_fsm.cc:[m[K In function ‘[01m[Kvoid zone3::control::ProcPlannerStopGo(const StopGo&)[m[K’:
[01m[K/home/oligay_61/zone3/src/control/control_fsm/src/control_fsm.cc:48:13:[m[K [01;31m[Kerror: [m[K‘[01m[Kconst StopGo {aka const struct planner_msgs::StopGo_<std::allocator<void> >}[m[K’ has no member named ‘[01m[Kstop_or_go[m[K’
     if (msg.stop_or_go == "go") {
[01;32m[K             ^[m[K
CMakeFiles/control_fsm.dir/build.make:62: recipe for target 'CMakeFiles/control_fsm.dir/src/control_fsm.cc.o' failed
CMakeFiles/Makefile2:116: recipe for target 'CMakeFiles/control_fsm.dir/all' failed
make[2]: *** [CMakeFiles/control_fsm.dir/src/control_fsm.cc.o] Error 1
make[1]: *** [CMakeFiles/control_fsm.dir/all] Error 2
make: *** [all] Error 2
Makefile:138: recipe for target 'all' failed
