[35m[1mScanning dependencies of target tst_fsm[0m
[ 16%] [32mBuilding CXX object CMakeFiles/tst_fsm.dir/src/fsm/tst_fsm.cc.o[0m
[35m[1mScanning dependencies of target planner_msgs_generate_messages_py[0m
[ 16%] Built target planner_msgs_generate_messages_py
[ 33%] [32mBuilding CXX object CMakeFiles/tst_fsm.dir/src/struct/PlannerStruct.cc.o[0m
[35m[1mScanning dependencies of target tli65_can_msgs_generate_messages_eus[0m
[ 33%] Built target tli65_can_msgs_generate_messages_eus
[35m[1mScanning dependencies of target std_msgs_generate_messages_eus[0m
[35m[1mScanning dependencies of target tli65_can_msgs_generate_messages_cpp[0m
[ 33%] Built target std_msgs_generate_messages_eus
[ 33%] Built target tli65_can_msgs_generate_messages_cpp
[35m[1mScanning dependencies of target rosgraph_msgs_generate_messages_py[0m
[35m[1mScanning dependencies of target roscpp_generate_messages_lisp[0m
[ 33%] Built target roscpp_generate_messages_lisp
[ 33%] Built target rosgraph_msgs_generate_messages_py
[35m[1mScanning dependencies of target rosgraph_msgs_generate_messages_lisp[0m
[35m[1mScanning dependencies of target roscpp_generate_messages_nodejs[0m
[ 33%] Built target roscpp_generate_messages_nodejs
[ 33%] Built target rosgraph_msgs_generate_messages_lisp
[35m[1mScanning dependencies of target std_msgs_generate_messages_cpp[0m
[35m[1mScanning dependencies of target rosgraph_msgs_generate_messages_cpp[0m
[ 33%] Built target rosgraph_msgs_generate_messages_cpp
[ 33%] Built target std_msgs_generate_messages_cpp
[35m[1mScanning dependencies of target std_msgs_generate_messages_lisp[0m
[35m[1mScanning dependencies of target planner_msgs_generate_messages_cpp[0m
[ 33%] Built target std_msgs_generate_messages_lisp
[ 33%] Built target planner_msgs_generate_messages_cpp
[35m[1mScanning dependencies of target roscpp_generate_messages_eus[0m
[35m[1mScanning dependencies of target roscpp_generate_messages_cpp[0m
[ 33%] Built target roscpp_generate_messages_eus
[ 33%] Built target roscpp_generate_messages_cpp
[35m[1mScanning dependencies of target tli65_can_msgs_generate_messages_py[0m
[ 33%] Built target tli65_can_msgs_generate_messages_py
[35m[1mScanning dependencies of target can_msgs_generate_messages_lisp[0m
[35m[1mScanning dependencies of target std_msgs_generate_messages_nodejs[0m
[ 33%] Built target std_msgs_generate_messages_nodejs
[ 33%] Built target can_msgs_generate_messages_lisp
[35m[1mScanning dependencies of target can_msgs_generate_messages_nodejs[0m
[ 33%] Built target can_msgs_generate_messages_nodejs
[35m[1mScanning dependencies of target roscpp_generate_messages_py[0m
[35m[1mScanning dependencies of target rosgraph_msgs_generate_messages_eus[0m
[ 33%] Built target roscpp_generate_messages_py
[ 33%] Built target rosgraph_msgs_generate_messages_eus
[35m[1mScanning dependencies of target rosgraph_msgs_generate_messages_nodejs[0m
[35m[1mScanning dependencies of target tli65_can_msgs_generate_messages_lisp[0m
[ 33%] Built target rosgraph_msgs_generate_messages_nodejs
[ 33%] Built target tli65_can_msgs_generate_messages_lisp
[35m[1mScanning dependencies of target tli65_can_msgs_generate_messages_nodejs[0m
[35m[1mScanning dependencies of target localization_msgs_generate_messages_py[0m
[ 33%] Built target localization_msgs_generate_messages_py
[ 33%] Built target tli65_can_msgs_generate_messages_nodejs
[35m[1mScanning dependencies of target can_msgs_generate_messages_eus[0m
[35m[1mScanning dependencies of target can_msgs_generate_messages_py[0m
[ 33%] Built target can_msgs_generate_messages_py
[ 33%] Built target can_msgs_generate_messages_eus
[35m[1mScanning dependencies of target can_msgs_generate_messages_cpp[0m
[35m[1mScanning dependencies of target localization_msgs_generate_messages_eus[0m
[ 33%] Built target can_msgs_generate_messages_cpp
[ 33%] Built target localization_msgs_generate_messages_eus
[35m[1mScanning dependencies of target localization_msgs_generate_messages_nodejs[0m
[35m[1mScanning dependencies of target planner_msgs_generate_messages_nodejs[0m
[35m[1mScanning dependencies of target localization_msgs_generate_messages_lisp[0m
[ 33%] Built target localization_msgs_generate_messages_nodejs
[ 33%] Built target planner_msgs_generate_messages_nodejs
[ 33%] Built target localization_msgs_generate_messages_lisp
[35m[1mScanning dependencies of target planner_msgs_generate_messages_lisp[0m
[ 33%] Built target planner_msgs_generate_messages_lisp
[35m[1mScanning dependencies of target localization_msgs_generate_messages_cpp[0m
[35m[1mScanning dependencies of target planner_msgs_generate_messages_eus[0m
[ 33%] Built target planner_msgs_generate_messages_eus
[ 33%] Built target localization_msgs_generate_messages_cpp
[35m[1mScanning dependencies of target std_msgs_generate_messages_py[0m
[ 33%] Built target std_msgs_generate_messages_py
[35m[1mScanning dependencies of target planner_fsm[0m
[ 50%] [32mBuilding CXX object CMakeFiles/planner_fsm.dir/src/planner_fsm.cc.o[0m
[ 66%] [32mBuilding CXX object CMakeFiles/planner_fsm.dir/src/struct/PlannerStruct.cc.o[0m
[ 83%] [32m[1mLinking CXX executable /home/oligay_61/zone3/devel/.private/planner_fsm/lib/planner_fsm/tst_fsm[0m
[ 83%] Built target tst_fsm
[100%] [32m[1mLinking CXX executable /home/oligay_61/zone3/devel/.private/planner_fsm/lib/planner_fsm/planner_fsm[0m
[100%] Built target planner_fsm
