[ 50%] Built target tst_fsm
[ 50%] Built target planner_msgs_generate_messages_py
[ 50%] Built target tli65_can_msgs_generate_messages_eus
[ 50%] Built target tli65_can_msgs_generate_messages_cpp
[ 50%] Built target std_msgs_generate_messages_eus
[ 50%] Built target roscpp_generate_messages_lisp
[ 50%] Built target rosgraph_msgs_generate_messages_py
[ 50%] Built target rosgraph_msgs_generate_messages_lisp
[ 50%] Built target roscpp_generate_messages_nodejs
[ 50%] Built target rosgraph_msgs_generate_messages_cpp
[ 50%] Built target std_msgs_generate_messages_cpp
[ 50%] Built target std_msgs_generate_messages_lisp
[ 50%] Built target planner_msgs_generate_messages_cpp
[ 50%] Built target roscpp_generate_messages_eus
[ 50%] Built target roscpp_generate_messages_cpp
[ 50%] Built target tli65_can_msgs_generate_messages_py
[ 50%] Built target can_msgs_generate_messages_lisp
[ 50%] Built target std_msgs_generate_messages_nodejs
[ 50%] Built target can_msgs_generate_messages_nodejs
[ 50%] Built target rosgraph_msgs_generate_messages_eus
[ 50%] Built target roscpp_generate_messages_py
[ 50%] Built target rosgraph_msgs_generate_messages_nodejs
[ 50%] Built target tli65_can_msgs_generate_messages_lisp
[ 50%] Built target tli65_can_msgs_generate_messages_nodejs
[ 50%] Built target localization_msgs_generate_messages_py
[ 50%] Built target can_msgs_generate_messages_eus
[ 50%] Built target can_msgs_generate_messages_py
[ 50%] Built target localization_msgs_generate_messages_eus
[ 50%] Built target can_msgs_generate_messages_cpp
[ 50%] Built target localization_msgs_generate_messages_nodejs
[ 50%] Built target planner_msgs_generate_messages_nodejs
[ 50%] Built target localization_msgs_generate_messages_lisp
[ 50%] Built target planner_msgs_generate_messages_eus
[ 50%] Built target planner_msgs_generate_messages_lisp
[ 50%] Built target localization_msgs_generate_messages_cpp
[ 50%] Built target std_msgs_generate_messages_py
[35m[1mScanning dependencies of target planner_fsm[0m
[ 66%] [32mBuilding CXX object CMakeFiles/planner_fsm.dir/src/planner_fsm.cc.o[0m
[ 83%] [32m[1mLinking CXX executable /home/oligay_61/zone3/devel/.private/planner_fsm/lib/planner_fsm/planner_fsm[0m
[100%] Built target planner_fsm
