Determining if the pthread_create exist failed with the following output:
Change Dir: /home/oligay_61/zone3/build/g29_teledrive_msgs/CMakeFiles/CMakeTmp

Run Build Command:"/usr/bin/make" "cmTC_4340b/fast"
/usr/bin/make -f CMakeFiles/cmTC_4340b.dir/build.make CMakeFiles/cmTC_4340b.dir/build
make[1]: Entering directory '/home/oligay_61/zone3/build/g29_teledrive_msgs/CMakeFiles/CMakeTmp'
Building C object CMakeFiles/cmTC_4340b.dir/CheckSymbolExists.c.o
/usr/bin/cc     -o CMakeFiles/cmTC_4340b.dir/CheckSymbolExists.c.o   -c /home/oligay_61/zone3/build/g29_teledrive_msgs/CMakeFiles/CMakeTmp/CheckSymbolExists.c
Linking C executable cmTC_4340b
/usr/bin/cmake -E cmake_link_script CMakeFiles/cmTC_4340b.dir/link.txt --verbose=1
/usr/bin/cc       CMakeFiles/cmTC_4340b.dir/CheckSymbolExists.c.o  -o cmTC_4340b -rdynamic 
CMakeFiles/cmTC_4340b.dir/CheckSymbolExists.c.o: In function `main':
CheckSymbolExists.c:(.text+0x16): undefined reference to `pthread_create'
collect2: error: ld returned 1 exit status
CMakeFiles/cmTC_4340b.dir/build.make:97: recipe for target 'cmTC_4340b' failed
make[1]: *** [cmTC_4340b] Error 1
make[1]: Leaving directory '/home/oligay_61/zone3/build/g29_teledrive_msgs/CMakeFiles/CMakeTmp'
Makefile:126: recipe for target 'cmTC_4340b/fast' failed
make: *** [cmTC_4340b/fast] Error 2

File /home/oligay_61/zone3/build/g29_teledrive_msgs/CMakeFiles/CMakeTmp/CheckSymbolExists.c:
/* */
#include <pthread.h>

int main(int argc, char** argv)
{
  (void)argv;
#ifndef pthread_create
  return ((int*)(&pthread_create))[argc];
#else
  (void)argc;
  return 0;
#endif
}

Determining if the function pthread_create exists in the pthreads failed with the following output:
Change Dir: /home/oligay_61/zone3/build/g29_teledrive_msgs/CMakeFiles/CMakeTmp

Run Build Command:"/usr/bin/make" "cmTC_184cb/fast"
/usr/bin/make -f CMakeFiles/cmTC_184cb.dir/build.make CMakeFiles/cmTC_184cb.dir/build
make[1]: Entering directory '/home/oligay_61/zone3/build/g29_teledrive_msgs/CMakeFiles/CMakeTmp'
Building C object CMakeFiles/cmTC_184cb.dir/CheckFunctionExists.c.o
/usr/bin/cc    -DCHECK_FUNCTION_EXISTS=pthread_create   -o CMakeFiles/cmTC_184cb.dir/CheckFunctionExists.c.o   -c /usr/share/cmake-3.5/Modules/CheckFunctionExists.c
Linking C executable cmTC_184cb
/usr/bin/cmake -E cmake_link_script CMakeFiles/cmTC_184cb.dir/link.txt --verbose=1
/usr/bin/cc   -DCHECK_FUNCTION_EXISTS=pthread_create    CMakeFiles/cmTC_184cb.dir/CheckFunctionExists.c.o  -o cmTC_184cb -rdynamic -lpthreads 
/usr/bin/ld: cannot find -lpthreads
collect2: error: ld returned 1 exit status
CMakeFiles/cmTC_184cb.dir/build.make:97: recipe for target 'cmTC_184cb' failed
make[1]: *** [cmTC_184cb] Error 1
make[1]: Leaving directory '/home/oligay_61/zone3/build/g29_teledrive_msgs/CMakeFiles/CMakeTmp'
Makefile:126: recipe for target 'cmTC_184cb/fast' failed
make: *** [cmTC_184cb/fast] Error 2


