Symlinking /home/oligay_61/zone3/devel/share/gennodejs/ros/rbx2_utils/_index.js
Symlinking /home/oligay_61/zone3/devel/share/gennodejs/ros/rbx2_utils/srv/_index.js
Symlinking /home/oligay_61/zone3/devel/share/gennodejs/ros/rbx2_utils/srv/LaunchProcess.js
Symlinking /home/oligay_61/zone3/devel/share/gennodejs/ros/rbx2_utils/srv/KillProcess.js
Symlinking /home/oligay_61/zone3/devel/share/roseus/ros/rbx2_utils/manifest.l
Symlinking /home/oligay_61/zone3/devel/share/roseus/ros/rbx2_utils/srv/KillProcess.l
Symlinking /home/oligay_61/zone3/devel/share/roseus/ros/rbx2_utils/srv/LaunchProcess.l
Symlinking /home/oligay_61/zone3/devel/share/common-lisp/ros/rbx2_utils/srv/_package_KillProcess.lisp
Symlinking /home/oligay_61/zone3/devel/share/common-lisp/ros/rbx2_utils/srv/rbx2_utils-srv.asd
Symlinking /home/oligay_61/zone3/devel/share/common-lisp/ros/rbx2_utils/srv/KillProcess.lisp
Symlinking /home/oligay_61/zone3/devel/share/common-lisp/ros/rbx2_utils/srv/LaunchProcess.lisp
Symlinking /home/oligay_61/zone3/devel/share/common-lisp/ros/rbx2_utils/srv/_package_LaunchProcess.lisp
Symlinking /home/oligay_61/zone3/devel/share/common-lisp/ros/rbx2_utils/srv/_package.lisp
Symlinking /home/oligay_61/zone3/devel/share/rbx2_utils/docs/BatterySimulatorConfig-usage.dox
Symlinking /home/oligay_61/zone3/devel/share/rbx2_utils/docs/Pub3DTargetConfig-usage.dox
Symlinking /home/oligay_61/zone3/devel/share/rbx2_utils/docs/Pub3DTargetConfig.wikidoc
Symlinking /home/oligay_61/zone3/devel/share/rbx2_utils/docs/Pub3DTargetConfig.dox
Symlinking /home/oligay_61/zone3/devel/share/rbx2_utils/docs/BatterySimulatorConfig.dox
Symlinking /home/oligay_61/zone3/devel/share/rbx2_utils/docs/BatterySimulatorConfig.wikidoc
Symlinking /home/oligay_61/zone3/devel/share/rbx2_utils/cmake/rbx2_utils-msg-paths.cmake
Symlinking /home/oligay_61/zone3/devel/share/rbx2_utils/cmake/rbx2_utils-msg-extras.cmake
Symlinking /home/oligay_61/zone3/devel/share/rbx2_utils/cmake/rbx2_utilsConfig-version.cmake
Symlinking /home/oligay_61/zone3/devel/share/rbx2_utils/cmake/rbx2_utilsConfig.cmake
Symlinking /home/oligay_61/zone3/devel/include/rbx2_utils/KillProcess.h
Symlinking /home/oligay_61/zone3/devel/include/rbx2_utils/Pub3DTargetConfig.h
Symlinking /home/oligay_61/zone3/devel/include/rbx2_utils/KillProcessRequest.h
Symlinking /home/oligay_61/zone3/devel/include/rbx2_utils/LaunchProcess.h
Symlinking /home/oligay_61/zone3/devel/include/rbx2_utils/BatterySimulatorConfig.h
Symlinking /home/oligay_61/zone3/devel/include/rbx2_utils/LaunchProcessRequest.h
Symlinking /home/oligay_61/zone3/devel/include/rbx2_utils/KillProcessResponse.h
Symlinking /home/oligay_61/zone3/devel/include/rbx2_utils/LaunchProcessResponse.h
Symlinking /home/oligay_61/zone3/devel/lib/pkgconfig/rbx2_utils.pc
Symlinking /home/oligay_61/zone3/devel/lib/python2.7/dist-packages/rbx2_utils/__init__.py
Symlinking /home/oligay_61/zone3/devel/lib/python2.7/dist-packages/rbx2_utils/srv/_LaunchProcess.py
Symlinking /home/oligay_61/zone3/devel/lib/python2.7/dist-packages/rbx2_utils/srv/__init__.py
Symlinking /home/oligay_61/zone3/devel/lib/python2.7/dist-packages/rbx2_utils/srv/_KillProcess.py
Symlinking /home/oligay_61/zone3/devel/lib/python2.7/dist-packages/rbx2_utils/cfg/BatterySimulatorConfig.py
Symlinking /home/oligay_61/zone3/devel/lib/python2.7/dist-packages/rbx2_utils/cfg/Pub3DTargetConfig.py
Symlinking /home/oligay_61/zone3/devel/lib/python2.7/dist-packages/rbx2_utils/cfg/__init__.py
