Linked: (/home/oligay_61/zone3/devel/.private/rbx2_utils/share/gennodejs/ros/rbx2_utils/_index.js, /home/oligay_61/zone3/devel/share/gennodejs/ros/rbx2_utils/_index.js)
Linked: (/home/oligay_61/zone3/devel/.private/rbx2_utils/share/gennodejs/ros/rbx2_utils/srv/_index.js, /home/oligay_61/zone3/devel/share/gennodejs/ros/rbx2_utils/srv/_index.js)
Linked: (/home/oligay_61/zone3/devel/.private/rbx2_utils/share/gennodejs/ros/rbx2_utils/srv/LaunchProcess.js, /home/oligay_61/zone3/devel/share/gennodejs/ros/rbx2_utils/srv/LaunchProcess.js)
Linked: (/home/oligay_61/zone3/devel/.private/rbx2_utils/share/gennodejs/ros/rbx2_utils/srv/KillProcess.js, /home/oligay_61/zone3/devel/share/gennodejs/ros/rbx2_utils/srv/KillProcess.js)
Linked: (/home/oligay_61/zone3/devel/.private/rbx2_utils/share/roseus/ros/rbx2_utils/manifest.l, /home/oligay_61/zone3/devel/share/roseus/ros/rbx2_utils/manifest.l)
Linked: (/home/oligay_61/zone3/devel/.private/rbx2_utils/share/roseus/ros/rbx2_utils/srv/KillProcess.l, /home/oligay_61/zone3/devel/share/roseus/ros/rbx2_utils/srv/KillProcess.l)
Linked: (/home/oligay_61/zone3/devel/.private/rbx2_utils/share/roseus/ros/rbx2_utils/srv/LaunchProcess.l, /home/oligay_61/zone3/devel/share/roseus/ros/rbx2_utils/srv/LaunchProcess.l)
Linked: (/home/oligay_61/zone3/devel/.private/rbx2_utils/share/common-lisp/ros/rbx2_utils/srv/_package_KillProcess.lisp, /home/oligay_61/zone3/devel/share/common-lisp/ros/rbx2_utils/srv/_package_KillProcess.lisp)
Linked: (/home/oligay_61/zone3/devel/.private/rbx2_utils/share/common-lisp/ros/rbx2_utils/srv/rbx2_utils-srv.asd, /home/oligay_61/zone3/devel/share/common-lisp/ros/rbx2_utils/srv/rbx2_utils-srv.asd)
Linked: (/home/oligay_61/zone3/devel/.private/rbx2_utils/share/common-lisp/ros/rbx2_utils/srv/KillProcess.lisp, /home/oligay_61/zone3/devel/share/common-lisp/ros/rbx2_utils/srv/KillProcess.lisp)
Linked: (/home/oligay_61/zone3/devel/.private/rbx2_utils/share/common-lisp/ros/rbx2_utils/srv/LaunchProcess.lisp, /home/oligay_61/zone3/devel/share/common-lisp/ros/rbx2_utils/srv/LaunchProcess.lisp)
Linked: (/home/oligay_61/zone3/devel/.private/rbx2_utils/share/common-lisp/ros/rbx2_utils/srv/_package_LaunchProcess.lisp, /home/oligay_61/zone3/devel/share/common-lisp/ros/rbx2_utils/srv/_package_LaunchProcess.lisp)
Linked: (/home/oligay_61/zone3/devel/.private/rbx2_utils/share/common-lisp/ros/rbx2_utils/srv/_package.lisp, /home/oligay_61/zone3/devel/share/common-lisp/ros/rbx2_utils/srv/_package.lisp)
Linked: (/home/oligay_61/zone3/devel/.private/rbx2_utils/share/rbx2_utils/docs/BatterySimulatorConfig-usage.dox, /home/oligay_61/zone3/devel/share/rbx2_utils/docs/BatterySimulatorConfig-usage.dox)
Linked: (/home/oligay_61/zone3/devel/.private/rbx2_utils/share/rbx2_utils/docs/Pub3DTargetConfig-usage.dox, /home/oligay_61/zone3/devel/share/rbx2_utils/docs/Pub3DTargetConfig-usage.dox)
Linked: (/home/oligay_61/zone3/devel/.private/rbx2_utils/share/rbx2_utils/docs/Pub3DTargetConfig.wikidoc, /home/oligay_61/zone3/devel/share/rbx2_utils/docs/Pub3DTargetConfig.wikidoc)
Linked: (/home/oligay_61/zone3/devel/.private/rbx2_utils/share/rbx2_utils/docs/Pub3DTargetConfig.dox, /home/oligay_61/zone3/devel/share/rbx2_utils/docs/Pub3DTargetConfig.dox)
Linked: (/home/oligay_61/zone3/devel/.private/rbx2_utils/share/rbx2_utils/docs/BatterySimulatorConfig.dox, /home/oligay_61/zone3/devel/share/rbx2_utils/docs/BatterySimulatorConfig.dox)
Linked: (/home/oligay_61/zone3/devel/.private/rbx2_utils/share/rbx2_utils/docs/BatterySimulatorConfig.wikidoc, /home/oligay_61/zone3/devel/share/rbx2_utils/docs/BatterySimulatorConfig.wikidoc)
Linked: (/home/oligay_61/zone3/devel/.private/rbx2_utils/share/rbx2_utils/cmake/rbx2_utils-msg-paths.cmake, /home/oligay_61/zone3/devel/share/rbx2_utils/cmake/rbx2_utils-msg-paths.cmake)
Linked: (/home/oligay_61/zone3/devel/.private/rbx2_utils/share/rbx2_utils/cmake/rbx2_utils-msg-extras.cmake, /home/oligay_61/zone3/devel/share/rbx2_utils/cmake/rbx2_utils-msg-extras.cmake)
Linked: (/home/oligay_61/zone3/devel/.private/rbx2_utils/share/rbx2_utils/cmake/rbx2_utilsConfig-version.cmake, /home/oligay_61/zone3/devel/share/rbx2_utils/cmake/rbx2_utilsConfig-version.cmake)
Linked: (/home/oligay_61/zone3/devel/.private/rbx2_utils/share/rbx2_utils/cmake/rbx2_utilsConfig.cmake, /home/oligay_61/zone3/devel/share/rbx2_utils/cmake/rbx2_utilsConfig.cmake)
Linked: (/home/oligay_61/zone3/devel/.private/rbx2_utils/include/rbx2_utils/KillProcess.h, /home/oligay_61/zone3/devel/include/rbx2_utils/KillProcess.h)
Linked: (/home/oligay_61/zone3/devel/.private/rbx2_utils/include/rbx2_utils/Pub3DTargetConfig.h, /home/oligay_61/zone3/devel/include/rbx2_utils/Pub3DTargetConfig.h)
Linked: (/home/oligay_61/zone3/devel/.private/rbx2_utils/include/rbx2_utils/KillProcessRequest.h, /home/oligay_61/zone3/devel/include/rbx2_utils/KillProcessRequest.h)
Linked: (/home/oligay_61/zone3/devel/.private/rbx2_utils/include/rbx2_utils/LaunchProcess.h, /home/oligay_61/zone3/devel/include/rbx2_utils/LaunchProcess.h)
Linked: (/home/oligay_61/zone3/devel/.private/rbx2_utils/include/rbx2_utils/BatterySimulatorConfig.h, /home/oligay_61/zone3/devel/include/rbx2_utils/BatterySimulatorConfig.h)
Linked: (/home/oligay_61/zone3/devel/.private/rbx2_utils/include/rbx2_utils/LaunchProcessRequest.h, /home/oligay_61/zone3/devel/include/rbx2_utils/LaunchProcessRequest.h)
Linked: (/home/oligay_61/zone3/devel/.private/rbx2_utils/include/rbx2_utils/KillProcessResponse.h, /home/oligay_61/zone3/devel/include/rbx2_utils/KillProcessResponse.h)
Linked: (/home/oligay_61/zone3/devel/.private/rbx2_utils/include/rbx2_utils/LaunchProcessResponse.h, /home/oligay_61/zone3/devel/include/rbx2_utils/LaunchProcessResponse.h)
Linked: (/home/oligay_61/zone3/devel/.private/rbx2_utils/lib/pkgconfig/rbx2_utils.pc, /home/oligay_61/zone3/devel/lib/pkgconfig/rbx2_utils.pc)
Linked: (/home/oligay_61/zone3/devel/.private/rbx2_utils/lib/python2.7/dist-packages/rbx2_utils/__init__.py, /home/oligay_61/zone3/devel/lib/python2.7/dist-packages/rbx2_utils/__init__.py)
Linked: (/home/oligay_61/zone3/devel/.private/rbx2_utils/lib/python2.7/dist-packages/rbx2_utils/srv/_LaunchProcess.py, /home/oligay_61/zone3/devel/lib/python2.7/dist-packages/rbx2_utils/srv/_LaunchProcess.py)
Linked: (/home/oligay_61/zone3/devel/.private/rbx2_utils/lib/python2.7/dist-packages/rbx2_utils/srv/__init__.py, /home/oligay_61/zone3/devel/lib/python2.7/dist-packages/rbx2_utils/srv/__init__.py)
Linked: (/home/oligay_61/zone3/devel/.private/rbx2_utils/lib/python2.7/dist-packages/rbx2_utils/srv/_KillProcess.py, /home/oligay_61/zone3/devel/lib/python2.7/dist-packages/rbx2_utils/srv/_KillProcess.py)
Linked: (/home/oligay_61/zone3/devel/.private/rbx2_utils/lib/python2.7/dist-packages/rbx2_utils/cfg/BatterySimulatorConfig.py, /home/oligay_61/zone3/devel/lib/python2.7/dist-packages/rbx2_utils/cfg/BatterySimulatorConfig.py)
Linked: (/home/oligay_61/zone3/devel/.private/rbx2_utils/lib/python2.7/dist-packages/rbx2_utils/cfg/Pub3DTargetConfig.py, /home/oligay_61/zone3/devel/lib/python2.7/dist-packages/rbx2_utils/cfg/Pub3DTargetConfig.py)
Linked: (/home/oligay_61/zone3/devel/.private/rbx2_utils/lib/python2.7/dist-packages/rbx2_utils/cfg/__init__.py, /home/oligay_61/zone3/devel/lib/python2.7/dist-packages/rbx2_utils/cfg/__init__.py)
