[35m[1mScanning dependencies of target _rbx2_utils_generate_messages_check_deps_LaunchProcess[0m
[35m[1mScanning dependencies of target std_msgs_generate_messages_lisp[0m
[35m[1mScanning dependencies of target std_msgs_generate_messages_cpp[0m
[35m[1mScanning dependencies of target _rbx2_utils_generate_messages_check_deps_KillProcess[0m
[35m[1mScanning dependencies of target std_msgs_generate_messages_eus[0m
[35m[1mScanning dependencies of target std_msgs_generate_messages_py[0m
[35m[1mScanning dependencies of target rbx2_utils_gencfg[0m
[35m[1mScanning dependencies of target std_msgs_generate_messages_nodejs[0m
[  0%] Built target std_msgs_generate_messages_lisp
[  0%] Built target std_msgs_generate_messages_py
[  7%] [34m[1mGenerating dynamic reconfigure files from cfg/Pub3DTarget.cfg: /home/oligay_61/zone3/devel/.private/rbx2_utils/include/rbx2_utils/Pub3DTargetConfig.h /home/oligay_61/zone3/devel/.private/rbx2_utils/lib/python2.7/dist-packages/rbx2_utils/cfg/Pub3DTargetConfig.py[0m
[  7%] Built target std_msgs_generate_messages_cpp
[ 14%] [34m[1mGenerating dynamic reconfigure files from cfg/BatterySimulator.cfg: /home/oligay_61/zone3/devel/.private/rbx2_utils/include/rbx2_utils/BatterySimulatorConfig.h /home/oligay_61/zone3/devel/.private/rbx2_utils/lib/python2.7/dist-packages/rbx2_utils/cfg/BatterySimulatorConfig.py[0m
[ 14%] Built target std_msgs_generate_messages_nodejs
[ 14%] Built target std_msgs_generate_messages_eus
[ 14%] Built target _rbx2_utils_generate_messages_check_deps_KillProcess
[ 14%] Built target _rbx2_utils_generate_messages_check_deps_LaunchProcess
[35m[1mScanning dependencies of target rbx2_utils_generate_messages_py[0m
[35m[1mScanning dependencies of target rbx2_utils_generate_messages_cpp[0m
[35m[1mScanning dependencies of target rbx2_utils_generate_messages_nodejs[0m
Generating reconfiguration files for BatterySimulator in rbx2_utils
Generating reconfiguration files for Pub3DTarget in rbx2_utils
Wrote header file in /home/oligay_61/zone3/devel/.private/rbx2_utils/include/rbx2_utils/BatterySimulatorConfig.h
Wrote header file in /home/oligay_61/zone3/devel/.private/rbx2_utils/include/rbx2_utils/Pub3DTargetConfig.h
[35m[1mScanning dependencies of target rbx2_utils_generate_messages_eus[0m
[35m[1mScanning dependencies of target rbx2_utils_generate_messages_lisp[0m
[ 21%] [34m[1mGenerating Python code from SRV rbx2_utils/KillProcess[0m
[ 28%] [34m[1mGenerating Javascript code from rbx2_utils/KillProcess.srv[0m
[ 35%] [34m[1mGenerating C++ code from rbx2_utils/KillProcess.srv[0m
[ 50%] [34m[1mGenerating C++ code from rbx2_utils/LaunchProcess.srv[0m
[ 50%] [34m[1mGenerating Lisp code from rbx2_utils/KillProcess.srv[0m
[ 57%] [34m[1mGenerating Python code from SRV rbx2_utils/LaunchProcess[0m
[ 64%] [34m[1mGenerating EusLisp code from rbx2_utils/KillProcess.srv[0m
[ 71%] [34m[1mGenerating Javascript code from rbx2_utils/LaunchProcess.srv[0m
[ 78%] [34m[1mGenerating Lisp code from rbx2_utils/LaunchProcess.srv[0m
[ 85%] [34m[1mGenerating EusLisp code from rbx2_utils/LaunchProcess.srv[0m
[ 92%] [34m[1mGenerating EusLisp manifest code for rbx2_utils[0m
[ 92%] Built target rbx2_utils_gencfg
[ 92%] Built target rbx2_utils_generate_messages_nodejs
[ 92%] Built target rbx2_utils_generate_messages_lisp
[100%] [34m[1mGenerating Python srv __init__.py for rbx2_utils[0m
[100%] Built target rbx2_utils_generate_messages_py
[100%] Built target rbx2_utils_generate_messages_cpp
[100%] Built target rbx2_utils_generate_messages_eus
[35m[1mScanning dependencies of target rbx2_utils_generate_messages[0m
[100%] Built target rbx2_utils_generate_messages
