[  0%] Built target teledrive_msgs_generate_messages_lisp
[  0%] Built target std_msgs_generate_messages_eus
[  0%] Built target roscpp_generate_messages_lisp
[  0%] Built target control_msgs_generate_messages_lisp
[  0%] Built target rosgraph_msgs_generate_messages_py
[  0%] Built target rosgraph_msgs_generate_messages_lisp
[  0%] Built target roscpp_generate_messages_nodejs
[  0%] Built target kalman_msgs_generate_messages_eus
[  0%] Built target rosgraph_msgs_generate_messages_nodejs
[  0%] Built target rosgraph_msgs_generate_messages_cpp
[  0%] Built target std_msgs_generate_messages_cpp
[  0%] Built target can_msgs_generate_messages_cpp
[  0%] Built target planner_msgs_generate_messages_cpp
[  0%] Built target roscpp_generate_messages_eus
[  0%] Built target planner_msgs_generate_messages_lisp
[  0%] Built target roscpp_generate_messages_cpp
[  0%] Built target can_msgs_generate_messages_lisp
[  0%] Built target can_msgs_generate_messages_eus
[  0%] Built target std_msgs_generate_messages_nodejs
[  0%] Built target teledrive_msgs_generate_messages_nodejs
[  0%] Built target control_msgs_generate_messages_eus
[  0%] Built target can_msgs_generate_messages_nodejs
[  0%] Built target rosgraph_msgs_generate_messages_eus
[  0%] Built target roscpp_generate_messages_py
[  0%] Built target control_msgs_generate_messages_cpp
[  0%] Built target control_msgs_generate_messages_nodejs
[  0%] Built target planner_msgs_generate_messages_eus
[  0%] Built target control_msgs_generate_messages_py
[  0%] Built target planner_msgs_generate_messages_nodejs
[  0%] Built target kalman_msgs_generate_messages_cpp
[  0%] Built target kalman_msgs_generate_messages_nodejs
[  0%] Built target kalman_msgs_generate_messages_lisp
[  0%] Built target kalman_msgs_generate_messages_py
[  0%] Built target std_msgs_generate_messages_py
[  0%] Built target planner_msgs_generate_messages_py
[  0%] Built target teledrive_msgs_generate_messages_cpp
[  0%] Built target std_msgs_generate_messages_lisp
[  0%] Built target can_msgs_generate_messages_py
[  0%] Built target teledrive_msgs_generate_messages_eus
[  0%] Built target teledrive_msgs_generate_messages_py
[35m[1mScanning dependencies of target control_action[0m
[ 11%] [32mBuilding CXX object CMakeFiles/control_action.dir/src/control_action.cc.o[0m
[ 22%] [32mBuilding CXX object CMakeFiles/control_action.dir/src/safe_logic/SafeLogic.cc.o[0m
[ 33%] [32m[1mLinking CXX executable /home/oligay_61/zone3/devel/.private/control_action/lib/control_action/control_action[0m
[100%] Built target control_action
