[35m[1mScanning dependencies of target teledrive_msgs_generate_messages_lisp[0m
[  0%] Built target teledrive_msgs_generate_messages_lisp
[35m[1mScanning dependencies of target std_msgs_generate_messages_eus[0m
[  0%] Built target std_msgs_generate_messages_eus
[35m[1mScanning dependencies of target roscpp_generate_messages_lisp[0m
[  0%] Built target roscpp_generate_messages_lisp
[35m[1mScanning dependencies of target control_msgs_generate_messages_lisp[0m
[  0%] Built target control_msgs_generate_messages_lisp
[35m[1mScanning dependencies of target rosgraph_msgs_generate_messages_py[0m
[  0%] Built target rosgraph_msgs_generate_messages_py
[35m[1mScanning dependencies of target rosgraph_msgs_generate_messages_lisp[0m
[  0%] Built target rosgraph_msgs_generate_messages_lisp
[35m[1mScanning dependencies of target roscpp_generate_messages_nodejs[0m
[  0%] Built target roscpp_generate_messages_nodejs
[35m[1mScanning dependencies of target kalman_msgs_generate_messages_eus[0m
[  0%] Built target kalman_msgs_generate_messages_eus
[35m[1mScanning dependencies of target rosgraph_msgs_generate_messages_nodejs[0m
[  0%] Built target rosgraph_msgs_generate_messages_nodejs
[35m[1mScanning dependencies of target rosgraph_msgs_generate_messages_cpp[0m
[  0%] Built target rosgraph_msgs_generate_messages_cpp
[35m[1mScanning dependencies of target std_msgs_generate_messages_cpp[0m
[  0%] Built target std_msgs_generate_messages_cpp
[35m[1mScanning dependencies of target can_msgs_generate_messages_cpp[0m
[  0%] Built target can_msgs_generate_messages_cpp
[35m[1mScanning dependencies of target planner_msgs_generate_messages_cpp[0m
[  0%] Built target planner_msgs_generate_messages_cpp
[35m[1mScanning dependencies of target roscpp_generate_messages_eus[0m
[  0%] Built target roscpp_generate_messages_eus
[35m[1mScanning dependencies of target planner_msgs_generate_messages_lisp[0m
[  0%] Built target planner_msgs_generate_messages_lisp
[35m[1mScanning dependencies of target roscpp_generate_messages_cpp[0m
[  0%] Built target roscpp_generate_messages_cpp
[35m[1mScanning dependencies of target can_msgs_generate_messages_lisp[0m
[  0%] Built target can_msgs_generate_messages_lisp
[35m[1mScanning dependencies of target can_msgs_generate_messages_eus[0m
[  0%] Built target can_msgs_generate_messages_eus
[35m[1mScanning dependencies of target std_msgs_generate_messages_nodejs[0m
[  0%] Built target std_msgs_generate_messages_nodejs
[35m[1mScanning dependencies of target teledrive_msgs_generate_messages_nodejs[0m
[  0%] Built target teledrive_msgs_generate_messages_nodejs
[35m[1mScanning dependencies of target control_msgs_generate_messages_eus[0m
[  0%] Built target control_msgs_generate_messages_eus
[35m[1mScanning dependencies of target can_msgs_generate_messages_nodejs[0m
[35m[1mScanning dependencies of target rosgraph_msgs_generate_messages_eus[0m
[  0%] Built target can_msgs_generate_messages_nodejs
[  0%] Built target rosgraph_msgs_generate_messages_eus
[35m[1mScanning dependencies of target control_msgs_generate_messages_cpp[0m
[35m[1mScanning dependencies of target roscpp_generate_messages_py[0m
[  0%] Built target control_msgs_generate_messages_cpp
[35m[1mScanning dependencies of target control_msgs_generate_messages_nodejs[0m
[  0%] Built target control_msgs_generate_messages_nodejs
[35m[1mScanning dependencies of target planner_msgs_generate_messages_eus[0m
[  0%] Built target roscpp_generate_messages_py
[  0%] Built target planner_msgs_generate_messages_eus
[35m[1mScanning dependencies of target planner_msgs_generate_messages_nodejs[0m
[35m[1mScanning dependencies of target control_msgs_generate_messages_py[0m
[  0%] Built target control_msgs_generate_messages_py
[  0%] Built target planner_msgs_generate_messages_nodejs
[35m[1mScanning dependencies of target kalman_msgs_generate_messages_lisp[0m
[35m[1mScanning dependencies of target kalman_msgs_generate_messages_cpp[0m
[  0%] Built target kalman_msgs_generate_messages_cpp
[35m[1mScanning dependencies of target kalman_msgs_generate_messages_nodejs[0m
[  0%] Built target kalman_msgs_generate_messages_lisp
[  0%] Built target kalman_msgs_generate_messages_nodejs
[35m[1mScanning dependencies of target kalman_msgs_generate_messages_py[0m
[  0%] Built target kalman_msgs_generate_messages_py
[35m[1mScanning dependencies of target std_msgs_generate_messages_py[0m
[  0%] Built target std_msgs_generate_messages_py
[35m[1mScanning dependencies of target planner_msgs_generate_messages_py[0m
[  0%] Built target planner_msgs_generate_messages_py
[35m[1mScanning dependencies of target teledrive_msgs_generate_messages_cpp[0m
[35m[1mScanning dependencies of target std_msgs_generate_messages_lisp[0m
[  0%] Built target teledrive_msgs_generate_messages_cpp
[  0%] Built target std_msgs_generate_messages_lisp
[35m[1mScanning dependencies of target can_msgs_generate_messages_py[0m
[  0%] Built target can_msgs_generate_messages_py
[35m[1mScanning dependencies of target teledrive_msgs_generate_messages_eus[0m
[  0%] Built target teledrive_msgs_generate_messages_eus
[35m[1mScanning dependencies of target teledrive_msgs_generate_messages_py[0m
[  0%] Built target teledrive_msgs_generate_messages_py
[35m[1mScanning dependencies of target control_action[0m
[ 11%] [32mBuilding CXX object CMakeFiles/control_action.dir/src/control_action.cc.o[0m
[ 22%] [32mBuilding CXX object CMakeFiles/control_action.dir/src/lat_controller1/LatController1.cc.o[0m
[ 33%] [32mBuilding CXX object CMakeFiles/control_action.dir/src/lng_controller1/LngController1.cc.o[0m
[ 44%] [32mBuilding CXX object CMakeFiles/control_action.dir/src/pid/Pid.cc.o[0m
[ 55%] [32mBuilding CXX object CMakeFiles/control_action.dir/src/pure_pursuit/PurePursuit.cc.o[0m
[ 66%] [32mBuilding CXX object CMakeFiles/control_action.dir/src/safe_logic/SafeLogic.cc.o[0m
[ 77%] [32mBuilding CXX object CMakeFiles/control_action.dir/src/slip_window_filter/SlipWindowFilter.cc.o[0m
[ 88%] [32mBuilding CXX object CMakeFiles/control_action.dir/src/low_pass_filter/LowPassFilter.cc.o[0m
[100%] [32m[1mLinking CXX executable /home/oligay_61/zone3/devel/.private/control_action/lib/control_action/control_action[0m
[100%] Built target control_action
