Determining if the pthread_create exist failed with the following output:
Change Dir: /home/oligay_61/zone3/build/bt_decider/CMakeFiles/CMakeTmp

Run Build Command:"/usr/bin/make" "cmTC_ec31c/fast"
/usr/bin/make -f CMakeFiles/cmTC_ec31c.dir/build.make CMakeFiles/cmTC_ec31c.dir/build
make[1]: Entering directory '/home/oligay_61/zone3/build/bt_decider/CMakeFiles/CMakeTmp'
Building C object CMakeFiles/cmTC_ec31c.dir/CheckSymbolExists.c.o
/usr/bin/cc     -o CMakeFiles/cmTC_ec31c.dir/CheckSymbolExists.c.o   -c /home/oligay_61/zone3/build/bt_decider/CMakeFiles/CMakeTmp/CheckSymbolExists.c
Linking C executable cmTC_ec31c
/usr/bin/cmake -E cmake_link_script CMakeFiles/cmTC_ec31c.dir/link.txt --verbose=1
/usr/bin/cc       CMakeFiles/cmTC_ec31c.dir/CheckSymbolExists.c.o  -o cmTC_ec31c -rdynamic 
CMakeFiles/cmTC_ec31c.dir/CheckSymbolExists.c.o: In function `main':
CheckSymbolExists.c:(.text+0x16): undefined reference to `pthread_create'
collect2: error: ld returned 1 exit status
CMakeFiles/cmTC_ec31c.dir/build.make:97: recipe for target 'cmTC_ec31c' failed
make[1]: *** [cmTC_ec31c] Error 1
make[1]: Leaving directory '/home/oligay_61/zone3/build/bt_decider/CMakeFiles/CMakeTmp'
Makefile:126: recipe for target 'cmTC_ec31c/fast' failed
make: *** [cmTC_ec31c/fast] Error 2

File /home/oligay_61/zone3/build/bt_decider/CMakeFiles/CMakeTmp/CheckSymbolExists.c:
/* */
#include <pthread.h>

int main(int argc, char** argv)
{
  (void)argv;
#ifndef pthread_create
  return ((int*)(&pthread_create))[argc];
#else
  (void)argc;
  return 0;
#endif
}

Determining if the function pthread_create exists in the pthreads failed with the following output:
Change Dir: /home/oligay_61/zone3/build/bt_decider/CMakeFiles/CMakeTmp

Run Build Command:"/usr/bin/make" "cmTC_20dfa/fast"
/usr/bin/make -f CMakeFiles/cmTC_20dfa.dir/build.make CMakeFiles/cmTC_20dfa.dir/build
make[1]: Entering directory '/home/oligay_61/zone3/build/bt_decider/CMakeFiles/CMakeTmp'
Building C object CMakeFiles/cmTC_20dfa.dir/CheckFunctionExists.c.o
/usr/bin/cc    -DCHECK_FUNCTION_EXISTS=pthread_create   -o CMakeFiles/cmTC_20dfa.dir/CheckFunctionExists.c.o   -c /usr/share/cmake-3.5/Modules/CheckFunctionExists.c
Linking C executable cmTC_20dfa
/usr/bin/cmake -E cmake_link_script CMakeFiles/cmTC_20dfa.dir/link.txt --verbose=1
/usr/bin/cc   -DCHECK_FUNCTION_EXISTS=pthread_create    CMakeFiles/cmTC_20dfa.dir/CheckFunctionExists.c.o  -o cmTC_20dfa -rdynamic -lpthreads 
/usr/bin/ld: cannot find -lpthreads
collect2: error: ld returned 1 exit status
CMakeFiles/cmTC_20dfa.dir/build.make:97: recipe for target 'cmTC_20dfa' failed
make[1]: *** [cmTC_20dfa] Error 1
make[1]: Leaving directory '/home/oligay_61/zone3/build/bt_decider/CMakeFiles/CMakeTmp'
Makefile:126: recipe for target 'cmTC_20dfa/fast' failed
make: *** [cmTC_20dfa/fast] Error 2


