Determining if the pthread_create exist failed with the following output:
Change Dir: /home/oligay_61/zone3/build/pi_robot_moveit_config/CMakeFiles/CMakeTmp

Run Build Command:"/usr/bin/make" "cmTC_f07dd/fast"
/usr/bin/make -f CMakeFiles/cmTC_f07dd.dir/build.make CMakeFiles/cmTC_f07dd.dir/build
make[1]: Entering directory '/home/oligay_61/zone3/build/pi_robot_moveit_config/CMakeFiles/CMakeTmp'
Building C object CMakeFiles/cmTC_f07dd.dir/CheckSymbolExists.c.o
/usr/bin/cc     -o CMakeFiles/cmTC_f07dd.dir/CheckSymbolExists.c.o   -c /home/oligay_61/zone3/build/pi_robot_moveit_config/CMakeFiles/CMakeTmp/CheckSymbolExists.c
Linking C executable cmTC_f07dd
/usr/bin/cmake -E cmake_link_script CMakeFiles/cmTC_f07dd.dir/link.txt --verbose=1
/usr/bin/cc       CMakeFiles/cmTC_f07dd.dir/CheckSymbolExists.c.o  -o cmTC_f07dd -rdynamic 
CMakeFiles/cmTC_f07dd.dir/CheckSymbolExists.c.o: In function `main':
CheckSymbolExists.c:(.text+0x16): undefined reference to `pthread_create'
collect2: error: ld returned 1 exit status
CMakeFiles/cmTC_f07dd.dir/build.make:97: recipe for target 'cmTC_f07dd' failed
make[1]: *** [cmTC_f07dd] Error 1
make[1]: Leaving directory '/home/oligay_61/zone3/build/pi_robot_moveit_config/CMakeFiles/CMakeTmp'
Makefile:126: recipe for target 'cmTC_f07dd/fast' failed
make: *** [cmTC_f07dd/fast] Error 2

File /home/oligay_61/zone3/build/pi_robot_moveit_config/CMakeFiles/CMakeTmp/CheckSymbolExists.c:
/* */
#include <pthread.h>

int main(int argc, char** argv)
{
  (void)argv;
#ifndef pthread_create
  return ((int*)(&pthread_create))[argc];
#else
  (void)argc;
  return 0;
#endif
}

Determining if the function pthread_create exists in the pthreads failed with the following output:
Change Dir: /home/oligay_61/zone3/build/pi_robot_moveit_config/CMakeFiles/CMakeTmp

Run Build Command:"/usr/bin/make" "cmTC_8a82a/fast"
/usr/bin/make -f CMakeFiles/cmTC_8a82a.dir/build.make CMakeFiles/cmTC_8a82a.dir/build
make[1]: Entering directory '/home/oligay_61/zone3/build/pi_robot_moveit_config/CMakeFiles/CMakeTmp'
Building C object CMakeFiles/cmTC_8a82a.dir/CheckFunctionExists.c.o
/usr/bin/cc    -DCHECK_FUNCTION_EXISTS=pthread_create   -o CMakeFiles/cmTC_8a82a.dir/CheckFunctionExists.c.o   -c /usr/share/cmake-3.5/Modules/CheckFunctionExists.c
Linking C executable cmTC_8a82a
/usr/bin/cmake -E cmake_link_script CMakeFiles/cmTC_8a82a.dir/link.txt --verbose=1
/usr/bin/cc   -DCHECK_FUNCTION_EXISTS=pthread_create    CMakeFiles/cmTC_8a82a.dir/CheckFunctionExists.c.o  -o cmTC_8a82a -rdynamic -lpthreads 
/usr/bin/ld: cannot find -lpthreads
collect2: error: ld returned 1 exit status
CMakeFiles/cmTC_8a82a.dir/build.make:97: recipe for target 'cmTC_8a82a' failed
make[1]: *** [cmTC_8a82a] Error 1
make[1]: Leaving directory '/home/oligay_61/zone3/build/pi_robot_moveit_config/CMakeFiles/CMakeTmp'
Makefile:126: recipe for target 'cmTC_8a82a/fast' failed
make: *** [cmTC_8a82a/fast] Error 2


