[35m[1mScanning dependencies of target std_msgs_generate_messages_nodejs[0m
[35m[1mScanning dependencies of target _kalman_msgs_generate_messages_check_deps_Kinematics[0m
[35m[1mScanning dependencies of target std_msgs_generate_messages_lisp[0m
[  0%] Built target std_msgs_generate_messages_lisp
[  0%] Built target std_msgs_generate_messages_nodejs
[35m[1mScanning dependencies of target std_msgs_generate_messages_py[0m
[35m[1mScanning dependencies of target std_msgs_generate_messages_cpp[0m
[  0%] Built target std_msgs_generate_messages_py
[  0%] Built target std_msgs_generate_messages_cpp
[  0%] Built target _kalman_msgs_generate_messages_check_deps_Kinematics
[35m[1mScanning dependencies of target kalman_msgs_generate_messages_lisp[0m
[35m[1mScanning dependencies of target kalman_msgs_generate_messages_nodejs[0m
[ 14%] [34m[1mGenerating Lisp code from kalman_msgs/Kinematics.msg[0m
[35m[1mScanning dependencies of target std_msgs_generate_messages_eus[0m
[ 28%] [34m[1mGenerating Javascript code from kalman_msgs/Kinematics.msg[0m
[ 28%] Built target std_msgs_generate_messages_eus
[35m[1mScanning dependencies of target kalman_msgs_generate_messages_py[0m
[ 28%] Built target kalman_msgs_generate_messages_lisp
[ 28%] Built target kalman_msgs_generate_messages_nodejs
[ 42%] [34m[1mGenerating Python from MSG kalman_msgs/Kinematics[0m
[35m[1mScanning dependencies of target kalman_msgs_generate_messages_cpp[0m
[35m[1mScanning dependencies of target kalman_msgs_generate_messages_eus[0m
[ 57%] [34m[1mGenerating C++ code from kalman_msgs/Kinematics.msg[0m
[ 71%] [34m[1mGenerating EusLisp code from kalman_msgs/Kinematics.msg[0m
[ 85%] [34m[1mGenerating EusLisp manifest code for kalman_msgs[0m
[100%] [34m[1mGenerating Python msg __init__.py for kalman_msgs[0m
[100%] Built target kalman_msgs_generate_messages_cpp
[100%] Built target kalman_msgs_generate_messages_py
[100%] Built target kalman_msgs_generate_messages_eus
[35m[1mScanning dependencies of target kalman_msgs_generate_messages[0m
[100%] Built target kalman_msgs_generate_messages
