Symlinking /home/oligay_61/zone3/devel/share/gennodejs/ros/livox_ros_driver/_index.js
Symlinking /home/oligay_61/zone3/devel/share/gennodejs/ros/livox_ros_driver/msg/_index.js
Symlinking /home/oligay_61/zone3/devel/share/gennodejs/ros/livox_ros_driver/msg/CustomPoint.js
Symlinking /home/oligay_61/zone3/devel/share/gennodejs/ros/livox_ros_driver/msg/CustomMsg.js
Symlinking /home/oligay_61/zone3/devel/share/livox_ros_driver/cmake/livox_ros_driver-msg-paths.cmake
Symlinking /home/oligay_61/zone3/devel/share/livox_ros_driver/cmake/livox_ros_driverConfig.cmake
Symlinking /home/oligay_61/zone3/devel/share/livox_ros_driver/cmake/livox_ros_driverConfig-version.cmake
Symlinking /home/oligay_61/zone3/devel/share/livox_ros_driver/cmake/livox_ros_driver-msg-extras.cmake
Symlinking /home/oligay_61/zone3/devel/share/roseus/ros/livox_ros_driver/manifest.l
Symlinking /home/oligay_61/zone3/devel/share/roseus/ros/livox_ros_driver/msg/CustomMsg.l
Symlinking /home/oligay_61/zone3/devel/share/roseus/ros/livox_ros_driver/msg/CustomPoint.l
Symlinking /home/oligay_61/zone3/devel/share/common-lisp/ros/livox_ros_driver/msg/CustomMsg.lisp
Symlinking /home/oligay_61/zone3/devel/share/common-lisp/ros/livox_ros_driver/msg/CustomPoint.lisp
Symlinking /home/oligay_61/zone3/devel/share/common-lisp/ros/livox_ros_driver/msg/_package_CustomPoint.lisp
Symlinking /home/oligay_61/zone3/devel/share/common-lisp/ros/livox_ros_driver/msg/_package_CustomMsg.lisp
Symlinking /home/oligay_61/zone3/devel/share/common-lisp/ros/livox_ros_driver/msg/livox_ros_driver-msg.asd
Symlinking /home/oligay_61/zone3/devel/share/common-lisp/ros/livox_ros_driver/msg/_package.lisp
Symlinking /home/oligay_61/zone3/devel/include/livox_ros_driver/CustomMsg.h
Symlinking /home/oligay_61/zone3/devel/include/livox_ros_driver/CustomPoint.h
Symlinking /home/oligay_61/zone3/devel/lib/livox_ros_driver/livox_ros_driver_node
Symlinking /home/oligay_61/zone3/devel/lib/pkgconfig/livox_ros_driver.pc
Symlinking /home/oligay_61/zone3/devel/lib/python2.7/dist-packages/livox_ros_driver/__init__.py
Symlinking /home/oligay_61/zone3/devel/lib/python2.7/dist-packages/livox_ros_driver/msg/_CustomPoint.py
Symlinking /home/oligay_61/zone3/devel/lib/python2.7/dist-packages/livox_ros_driver/msg/_CustomMsg.py
Symlinking /home/oligay_61/zone3/devel/lib/python2.7/dist-packages/livox_ros_driver/msg/__init__.py
