[35m[1mScanning dependencies of target _livox_ros_driver_generate_messages_check_deps_CustomMsg[0m
[  0%] Built target _livox_ros_driver_generate_messages_check_deps_CustomMsg
[35m[1mScanning dependencies of target _livox_ros_driver_generate_messages_check_deps_CustomPoint[0m
[  0%] Built target _livox_ros_driver_generate_messages_check_deps_CustomPoint
[35m[1mScanning dependencies of target std_msgs_generate_messages_cpp[0m
[  0%] Built target std_msgs_generate_messages_cpp
[35m[1mScanning dependencies of target std_msgs_generate_messages_nodejs[0m
[  0%] Built target std_msgs_generate_messages_nodejs
[35m[1mScanning dependencies of target std_msgs_generate_messages_py[0m
[  0%] Built target std_msgs_generate_messages_py
[35m[1mScanning dependencies of target std_msgs_generate_messages_eus[0m
[  0%] Built target std_msgs_generate_messages_eus
[35m[1mScanning dependencies of target std_msgs_generate_messages_lisp[0m
[  0%] Built target std_msgs_generate_messages_lisp
[35m[1mScanning dependencies of target livox_ros_driver_generate_messages_cpp[0m
[  3%] [34m[1mGenerating C++ code from livox_ros_driver/CustomPoint.msg[0m
[  7%] [34m[1mGenerating C++ code from livox_ros_driver/CustomMsg.msg[0m
[  7%] Built target livox_ros_driver_generate_messages_cpp
[35m[1mScanning dependencies of target livox_ros_driver_generate_messages_nodejs[0m
[ 11%] [34m[1mGenerating Javascript code from livox_ros_driver/CustomPoint.msg[0m
[ 15%] [34m[1mGenerating Javascript code from livox_ros_driver/CustomMsg.msg[0m
[ 15%] Built target livox_ros_driver_generate_messages_nodejs
[35m[1mScanning dependencies of target livox_ros_driver_generate_messages_py[0m
[ 19%] [34m[1mGenerating Python from MSG livox_ros_driver/CustomPoint[0m
[ 23%] [34m[1mGenerating Python from MSG livox_ros_driver/CustomMsg[0m
[ 26%] [34m[1mGenerating Python msg __init__.py for livox_ros_driver[0m
[ 26%] Built target livox_ros_driver_generate_messages_py
[35m[1mScanning dependencies of target livox_ros_driver_generate_messages_eus[0m
[ 30%] [34m[1mGenerating EusLisp code from livox_ros_driver/CustomPoint.msg[0m
[ 34%] [34m[1mGenerating EusLisp code from livox_ros_driver/CustomMsg.msg[0m
[ 38%] [34m[1mGenerating EusLisp manifest code for livox_ros_driver[0m
[ 38%] Built target livox_ros_driver_generate_messages_eus
[35m[1mScanning dependencies of target livox_ros_driver_generate_messages_lisp[0m
[ 42%] [34m[1mGenerating Lisp code from livox_ros_driver/CustomPoint.msg[0m
[ 46%] [34m[1mGenerating Lisp code from livox_ros_driver/CustomMsg.msg[0m
[ 46%] Built target livox_ros_driver_generate_messages_lisp
[35m[1mScanning dependencies of target livox_ros_driver_node[0m
[ 50%] [32mBuilding CXX object CMakeFiles/livox_ros_driver_node.dir/livox_ros_driver/lvx_file.cpp.o[0m
[ 53%] [32mBuilding CXX object CMakeFiles/livox_ros_driver_node.dir/livox_ros_driver/ldq.cpp.o[0m
[ 57%] [32mBuilding CXX object CMakeFiles/livox_ros_driver_node.dir/livox_ros_driver/lds.cpp.o[0m
[ 61%] [32mBuilding CXX object CMakeFiles/livox_ros_driver_node.dir/livox_ros_driver/lds_lvx.cpp.o[0m
[35m[1mScanning dependencies of target livox_ros_driver_generate_messages[0m
[ 61%] Built target livox_ros_driver_generate_messages
[ 65%] [32mBuilding CXX object CMakeFiles/livox_ros_driver_node.dir/livox_ros_driver/lds_lidar.cpp.o[0m
[ 69%] [32mBuilding CXX object CMakeFiles/livox_ros_driver_node.dir/livox_ros_driver/lds_hub.cpp.o[0m
[ 73%] [32mBuilding CXX object CMakeFiles/livox_ros_driver_node.dir/livox_ros_driver/lddc.cpp.o[0m
[ 76%] [32mBuilding CXX object CMakeFiles/livox_ros_driver_node.dir/livox_ros_driver/livox_ros_driver.cpp.o[0m
[ 80%] [32mBuilding CXX object CMakeFiles/livox_ros_driver_node.dir/timesync/timesync.cpp.o[0m
[ 84%] [32mBuilding CXX object CMakeFiles/livox_ros_driver_node.dir/timesync/user_uart/user_uart.cpp.o[0m
[ 88%] [32mBuilding CXX object CMakeFiles/livox_ros_driver_node.dir/common/comm/comm_protocol.cpp.o[0m
[ 92%] [32mBuilding CXX object CMakeFiles/livox_ros_driver_node.dir/common/comm/gps_protocol.cpp.o[0m
[ 96%] [32mBuilding CXX object CMakeFiles/livox_ros_driver_node.dir/common/comm/sdk_protocol.cpp.o[0m
[100%] [32m[1mLinking CXX executable /home/oligay_61/zone3/devel/.private/livox_ros_driver/lib/livox_ros_driver/livox_ros_driver_node[0m
[100%] Built target livox_ros_driver_node
