Determining if the pthread_create exist failed with the following output:
Change Dir: /home/oligay_61/zone3/build/rbx2_gui/CMakeFiles/CMakeTmp

Run Build Command:"/usr/bin/make" "cmTC_41545/fast"
/usr/bin/make -f CMakeFiles/cmTC_41545.dir/build.make CMakeFiles/cmTC_41545.dir/build
make[1]: Entering directory '/home/oligay_61/zone3/build/rbx2_gui/CMakeFiles/CMakeTmp'
Building C object CMakeFiles/cmTC_41545.dir/CheckSymbolExists.c.o
/usr/bin/cc     -o CMakeFiles/cmTC_41545.dir/CheckSymbolExists.c.o   -c /home/oligay_61/zone3/build/rbx2_gui/CMakeFiles/CMakeTmp/CheckSymbolExists.c
Linking C executable cmTC_41545
/usr/bin/cmake -E cmake_link_script CMakeFiles/cmTC_41545.dir/link.txt --verbose=1
/usr/bin/cc       CMakeFiles/cmTC_41545.dir/CheckSymbolExists.c.o  -o cmTC_41545 -rdynamic 
CMakeFiles/cmTC_41545.dir/CheckSymbolExists.c.o: In function `main':
CheckSymbolExists.c:(.text+0x16): undefined reference to `pthread_create'
collect2: error: ld returned 1 exit status
CMakeFiles/cmTC_41545.dir/build.make:97: recipe for target 'cmTC_41545' failed
make[1]: *** [cmTC_41545] Error 1
make[1]: Leaving directory '/home/oligay_61/zone3/build/rbx2_gui/CMakeFiles/CMakeTmp'
Makefile:126: recipe for target 'cmTC_41545/fast' failed
make: *** [cmTC_41545/fast] Error 2

File /home/oligay_61/zone3/build/rbx2_gui/CMakeFiles/CMakeTmp/CheckSymbolExists.c:
/* */
#include <pthread.h>

int main(int argc, char** argv)
{
  (void)argv;
#ifndef pthread_create
  return ((int*)(&pthread_create))[argc];
#else
  (void)argc;
  return 0;
#endif
}

Determining if the function pthread_create exists in the pthreads failed with the following output:
Change Dir: /home/oligay_61/zone3/build/rbx2_gui/CMakeFiles/CMakeTmp

Run Build Command:"/usr/bin/make" "cmTC_3eda4/fast"
/usr/bin/make -f CMakeFiles/cmTC_3eda4.dir/build.make CMakeFiles/cmTC_3eda4.dir/build
make[1]: Entering directory '/home/oligay_61/zone3/build/rbx2_gui/CMakeFiles/CMakeTmp'
Building C object CMakeFiles/cmTC_3eda4.dir/CheckFunctionExists.c.o
/usr/bin/cc    -DCHECK_FUNCTION_EXISTS=pthread_create   -o CMakeFiles/cmTC_3eda4.dir/CheckFunctionExists.c.o   -c /usr/share/cmake-3.5/Modules/CheckFunctionExists.c
Linking C executable cmTC_3eda4
/usr/bin/cmake -E cmake_link_script CMakeFiles/cmTC_3eda4.dir/link.txt --verbose=1
/usr/bin/cc   -DCHECK_FUNCTION_EXISTS=pthread_create    CMakeFiles/cmTC_3eda4.dir/CheckFunctionExists.c.o  -o cmTC_3eda4 -rdynamic -lpthreads 
/usr/bin/ld: cannot find -lpthreads
collect2: error: ld returned 1 exit status
CMakeFiles/cmTC_3eda4.dir/build.make:97: recipe for target 'cmTC_3eda4' failed
make[1]: *** [cmTC_3eda4] Error 1
make[1]: Leaving directory '/home/oligay_61/zone3/build/rbx2_gui/CMakeFiles/CMakeTmp'
Makefile:126: recipe for target 'cmTC_3eda4/fast' failed
make: *** [cmTC_3eda4/fast] Error 2


