[35m[1mScanning dependencies of target std_msgs_generate_messages_cpp[0m
[35m[1mScanning dependencies of target _g29_force_feedback_generate_messages_check_deps_ForceFeedback[0m
[35m[1mScanning dependencies of target tx_ff[0m
[  0%] Built target std_msgs_generate_messages_cpp
[  9%] [32mBuilding CXX object CMakeFiles/tx_ff.dir/src/tx_ff.cc.o[0m
[  9%] Built target _g29_force_feedback_generate_messages_check_deps_ForceFeedback
[35m[1mScanning dependencies of target std_msgs_generate_messages_eus[0m
[35m[1mScanning dependencies of target std_msgs_generate_messages_py[0m
[  9%] Built target std_msgs_generate_messages_py
[  9%] Built target std_msgs_generate_messages_eus
[35m[1mScanning dependencies of target std_msgs_generate_messages_lisp[0m
[35m[1mScanning dependencies of target std_msgs_generate_messages_nodejs[0m
[  9%] Built target std_msgs_generate_messages_lisp
[  9%] Built target std_msgs_generate_messages_nodejs
[35m[1mScanning dependencies of target g29_force_feedback_generate_messages_eus[0m
[ 18%] [34m[1mGenerating EusLisp code from g29_force_feedback/ForceFeedback.msg[0m
[35m[1mScanning dependencies of target g29_force_feedback_generate_messages_cpp[0m
[ 27%] [34m[1mGenerating C++ code from g29_force_feedback/ForceFeedback.msg[0m
[ 36%] [34m[1mGenerating EusLisp manifest code for g29_force_feedback[0m
[ 36%] Built target g29_force_feedback_generate_messages_cpp
[35m[1mScanning dependencies of target g29_force_feedback_generate_messages_py[0m
[ 45%] [34m[1mGenerating Python from MSG g29_force_feedback/ForceFeedback[0m
[ 54%] [34m[1mGenerating Python msg __init__.py for g29_force_feedback[0m
[ 54%] Built target g29_force_feedback_generate_messages_py
[35m[1mScanning dependencies of target g29_force_feedback_generate_messages_lisp[0m
[ 63%] [34m[1mGenerating Lisp code from g29_force_feedback/ForceFeedback.msg[0m
[ 63%] Built target g29_force_feedback_generate_messages_lisp
[35m[1mScanning dependencies of target g29_force_feedback_generate_messages_nodejs[0m
[ 72%] [34m[1mGenerating Javascript code from g29_force_feedback/ForceFeedback.msg[0m
[ 72%] Built target g29_force_feedback_generate_messages_nodejs
[35m[1mScanning dependencies of target g29_force_feedback_node[0m
[ 81%] [32mBuilding CXX object CMakeFiles/g29_force_feedback_node.dir/src/g29_force_feedback.cpp.o[0m
[ 81%] Built target g29_force_feedback_generate_messages_eus
[35m[1mScanning dependencies of target g29_force_feedback_generate_messages[0m
[ 81%] Built target g29_force_feedback_generate_messages
[ 90%] [32m[1mLinking CXX executable /home/oligay_61/zone3/devel/.private/g29_force_feedback/lib/g29_force_feedback/tx_ff[0m
[ 90%] Built target tx_ff
[100%] [32m[1mLinking CXX executable /home/oligay_61/zone3/devel/.private/g29_force_feedback/lib/g29_force_feedback/g29_force_feedback_node[0m
[100%] Built target g29_force_feedback_node
