[35m[1mScanning dependencies of target tx_ff[0m
[  6%] [32mBuilding CXX object CMakeFiles/tx_ff.dir/src/tx_ff.cc.o[0m
[  6%] Built target _g29_force_feedback_generate_messages_check_deps_TuneForceFeedback
[  6%] Built target std_msgs_generate_messages_cpp
[  6%] Built target _g29_force_feedback_generate_messages_check_deps_ForceFeedback
[  6%] Built target std_msgs_generate_messages_eus
[  6%] Built target std_msgs_generate_messages_lisp
[  6%] Built target std_msgs_generate_messages_py
[ 12%] [34m[1mGenerating C++ code from g29_force_feedback/TuneForceFeedback.msg[0m
[ 12%] Built target std_msgs_generate_messages_nodejs
[ 18%] [34m[1mGenerating EusLisp code from g29_force_feedback/TuneForceFeedback.msg[0m
[ 31%] Built target g29_force_feedback_generate_messages_eus
[ 37%] Built target g29_force_feedback_generate_messages_cpp
[ 43%] [34m[1mGenerating Lisp code from g29_force_feedback/TuneForceFeedback.msg[0m
[ 50%] [34m[1mGenerating Python from MSG g29_force_feedback/TuneForceFeedback[0m
[ 56%] Built target g29_force_feedback_generate_messages_lisp
[ 62%] [34m[1mGenerating Javascript code from g29_force_feedback/TuneForceFeedback.msg[0m
[ 68%] [34m[1mGenerating Python msg __init__.py for g29_force_feedback[0m
[ 75%] Built target g29_force_feedback_generate_messages_nodejs
[35m[1mScanning dependencies of target g29_force_feedback_node[0m
[ 81%] [32mBuilding CXX object CMakeFiles/g29_force_feedback_node.dir/src/g29_force_feedback.cpp.o[0m
[ 87%] Built target g29_force_feedback_generate_messages_py
[ 87%] Built target g29_force_feedback_generate_messages
[ 93%] [32m[1mLinking CXX executable /home/oligay_61/zone3/devel/.private/g29_force_feedback/lib/g29_force_feedback/tx_ff[0m
[ 93%] Built target tx_ff
[100%] [32m[1mLinking CXX executable /home/oligay_61/zone3/devel/.private/g29_force_feedback/lib/g29_force_feedback/g29_force_feedback_node[0m
[100%] Built target g29_force_feedback_node
