Symlinking /home/oligay_61/zone3/devel/share/gennodejs/ros/g29_force_feedback/_index.js
Symlinking /home/oligay_61/zone3/devel/share/gennodejs/ros/g29_force_feedback/msg/_index.js
Symlinking /home/oligay_61/zone3/devel/share/gennodejs/ros/g29_force_feedback/msg/ForceFeedback.js
Symlinking /home/oligay_61/zone3/devel/share/g29_force_feedback/cmake/g29_force_feedback-msg-paths.cmake
Symlinking /home/oligay_61/zone3/devel/share/g29_force_feedback/cmake/g29_force_feedbackConfig.cmake
Symlinking /home/oligay_61/zone3/devel/share/g29_force_feedback/cmake/g29_force_feedbackConfig-version.cmake
Symlinking /home/oligay_61/zone3/devel/share/g29_force_feedback/cmake/g29_force_feedback-msg-extras.cmake
Symlinking /home/oligay_61/zone3/devel/share/roseus/ros/g29_force_feedback/manifest.l
Symlinking /home/oligay_61/zone3/devel/share/roseus/ros/g29_force_feedback/msg/ForceFeedback.l
Symlinking /home/oligay_61/zone3/devel/share/common-lisp/ros/g29_force_feedback/msg/g29_force_feedback-msg.asd
Symlinking /home/oligay_61/zone3/devel/share/common-lisp/ros/g29_force_feedback/msg/_package_ForceFeedback.lisp
Symlinking /home/oligay_61/zone3/devel/share/common-lisp/ros/g29_force_feedback/msg/_package.lisp
Symlinking /home/oligay_61/zone3/devel/share/common-lisp/ros/g29_force_feedback/msg/ForceFeedback.lisp
Symlinking /home/oligay_61/zone3/devel/include/g29_force_feedback/ForceFeedback.h
Symlinking /home/oligay_61/zone3/devel/lib/g29_force_feedback/tx_ff
Symlinking /home/oligay_61/zone3/devel/lib/g29_force_feedback/g29_force_feedback_node
Symlinking /home/oligay_61/zone3/devel/lib/pkgconfig/g29_force_feedback.pc
Symlinking /home/oligay_61/zone3/devel/lib/python2.7/dist-packages/g29_force_feedback/__init__.py
Symlinking /home/oligay_61/zone3/devel/lib/python2.7/dist-packages/g29_force_feedback/msg/__init__.py
Symlinking /home/oligay_61/zone3/devel/lib/python2.7/dist-packages/g29_force_feedback/msg/_ForceFeedback.py
