[ 12%] Built target tx_ff
[ 12%] Built target _g29_force_feedback_generate_messages_check_deps_TuneForceFeedback
[ 12%] Built target _g29_force_feedback_generate_messages_check_deps_ForceFeedback
[ 12%] Built target std_msgs_generate_messages_cpp
[ 12%] Built target std_msgs_generate_messages_eus
[ 12%] Built target std_msgs_generate_messages_py
[ 12%] Built target std_msgs_generate_messages_lisp
[ 12%] Built target std_msgs_generate_messages_nodejs
[ 18%] [34m[1mGenerating C++ code from g29_force_feedback/TuneForceFeedback.msg[0m
[ 25%] [34m[1mGenerating EusLisp code from g29_force_feedback/TuneForceFeedback.msg[0m
[ 37%] Built target g29_force_feedback_generate_messages_eus
[ 43%] [34m[1mGenerating Python from MSG g29_force_feedback/TuneForceFeedback[0m
[ 50%] Built target g29_force_feedback_generate_messages_cpp
[ 56%] [34m[1mGenerating Lisp code from g29_force_feedback/TuneForceFeedback.msg[0m
[ 62%] Built target g29_force_feedback_generate_messages_lisp
[ 68%] [34m[1mGenerating Javascript code from g29_force_feedback/TuneForceFeedback.msg[0m
[ 75%] [34m[1mGenerating Python msg __init__.py for g29_force_feedback[0m
[ 81%] Built target g29_force_feedback_generate_messages_nodejs
[ 87%] Built target g29_force_feedback_generate_messages_py
[35m[1mScanning dependencies of target g29_force_feedback_node[0m
[ 93%] [32mBuilding CXX object CMakeFiles/g29_force_feedback_node.dir/src/g29_force_feedback.cpp.o[0m
[ 93%] Built target g29_force_feedback_generate_messages
[100%] [32m[1mLinking CXX executable /home/oligay_61/zone3/devel/.private/g29_force_feedback/lib/g29_force_feedback/g29_force_feedback_node[0m
[100%] Built target g29_force_feedback_node
