Linked: (/home/oligay_61/zone3/devel/.private/g29_force_feedback/share/gennodejs/ros/g29_force_feedback/_index.js, /home/oligay_61/zone3/devel/share/gennodejs/ros/g29_force_feedback/_index.js)
Linked: (/home/oligay_61/zone3/devel/.private/g29_force_feedback/share/gennodejs/ros/g29_force_feedback/msg/_index.js, /home/oligay_61/zone3/devel/share/gennodejs/ros/g29_force_feedback/msg/_index.js)
Linked: (/home/oligay_61/zone3/devel/.private/g29_force_feedback/share/gennodejs/ros/g29_force_feedback/msg/ForceFeedback.js, /home/oligay_61/zone3/devel/share/gennodejs/ros/g29_force_feedback/msg/ForceFeedback.js)
Linked: (/home/oligay_61/zone3/devel/.private/g29_force_feedback/share/g29_force_feedback/cmake/g29_force_feedback-msg-paths.cmake, /home/oligay_61/zone3/devel/share/g29_force_feedback/cmake/g29_force_feedback-msg-paths.cmake)
Linked: (/home/oligay_61/zone3/devel/.private/g29_force_feedback/share/g29_force_feedback/cmake/g29_force_feedbackConfig.cmake, /home/oligay_61/zone3/devel/share/g29_force_feedback/cmake/g29_force_feedbackConfig.cmake)
Linked: (/home/oligay_61/zone3/devel/.private/g29_force_feedback/share/g29_force_feedback/cmake/g29_force_feedbackConfig-version.cmake, /home/oligay_61/zone3/devel/share/g29_force_feedback/cmake/g29_force_feedbackConfig-version.cmake)
Linked: (/home/oligay_61/zone3/devel/.private/g29_force_feedback/share/g29_force_feedback/cmake/g29_force_feedback-msg-extras.cmake, /home/oligay_61/zone3/devel/share/g29_force_feedback/cmake/g29_force_feedback-msg-extras.cmake)
Linked: (/home/oligay_61/zone3/devel/.private/g29_force_feedback/share/roseus/ros/g29_force_feedback/manifest.l, /home/oligay_61/zone3/devel/share/roseus/ros/g29_force_feedback/manifest.l)
Linked: (/home/oligay_61/zone3/devel/.private/g29_force_feedback/share/roseus/ros/g29_force_feedback/msg/ForceFeedback.l, /home/oligay_61/zone3/devel/share/roseus/ros/g29_force_feedback/msg/ForceFeedback.l)
Linked: (/home/oligay_61/zone3/devel/.private/g29_force_feedback/share/common-lisp/ros/g29_force_feedback/msg/g29_force_feedback-msg.asd, /home/oligay_61/zone3/devel/share/common-lisp/ros/g29_force_feedback/msg/g29_force_feedback-msg.asd)
Linked: (/home/oligay_61/zone3/devel/.private/g29_force_feedback/share/common-lisp/ros/g29_force_feedback/msg/_package_ForceFeedback.lisp, /home/oligay_61/zone3/devel/share/common-lisp/ros/g29_force_feedback/msg/_package_ForceFeedback.lisp)
Linked: (/home/oligay_61/zone3/devel/.private/g29_force_feedback/share/common-lisp/ros/g29_force_feedback/msg/_package.lisp, /home/oligay_61/zone3/devel/share/common-lisp/ros/g29_force_feedback/msg/_package.lisp)
Linked: (/home/oligay_61/zone3/devel/.private/g29_force_feedback/share/common-lisp/ros/g29_force_feedback/msg/ForceFeedback.lisp, /home/oligay_61/zone3/devel/share/common-lisp/ros/g29_force_feedback/msg/ForceFeedback.lisp)
Linked: (/home/oligay_61/zone3/devel/.private/g29_force_feedback/include/g29_force_feedback/ForceFeedback.h, /home/oligay_61/zone3/devel/include/g29_force_feedback/ForceFeedback.h)
Linked: (/home/oligay_61/zone3/devel/.private/g29_force_feedback/lib/g29_force_feedback/tx_ff, /home/oligay_61/zone3/devel/lib/g29_force_feedback/tx_ff)
Linked: (/home/oligay_61/zone3/devel/.private/g29_force_feedback/lib/g29_force_feedback/g29_force_feedback_node, /home/oligay_61/zone3/devel/lib/g29_force_feedback/g29_force_feedback_node)
Linked: (/home/oligay_61/zone3/devel/.private/g29_force_feedback/lib/pkgconfig/g29_force_feedback.pc, /home/oligay_61/zone3/devel/lib/pkgconfig/g29_force_feedback.pc)
Linked: (/home/oligay_61/zone3/devel/.private/g29_force_feedback/lib/python2.7/dist-packages/g29_force_feedback/__init__.py, /home/oligay_61/zone3/devel/lib/python2.7/dist-packages/g29_force_feedback/__init__.py)
Linked: (/home/oligay_61/zone3/devel/.private/g29_force_feedback/lib/python2.7/dist-packages/g29_force_feedback/msg/__init__.py, /home/oligay_61/zone3/devel/lib/python2.7/dist-packages/g29_force_feedback/msg/__init__.py)
Linked: (/home/oligay_61/zone3/devel/.private/g29_force_feedback/lib/python2.7/dist-packages/g29_force_feedback/msg/_ForceFeedback.py, /home/oligay_61/zone3/devel/lib/python2.7/dist-packages/g29_force_feedback/msg/_ForceFeedback.py)
