[35m[1mScanning dependencies of target _teledrive_msgs_generate_messages_check_deps_Tli65Teledrive[0m
[  0%] Built target _teledrive_msgs_generate_messages_check_deps_Tli65Teledrive
[35m[1mScanning dependencies of target std_msgs_generate_messages_py[0m
[  0%] Built target std_msgs_generate_messages_py
[35m[1mScanning dependencies of target std_msgs_generate_messages_cpp[0m
[  0%] Built target std_msgs_generate_messages_cpp
[35m[1mScanning dependencies of target std_msgs_generate_messages_lisp[0m
[  0%] Built target std_msgs_generate_messages_lisp
[35m[1mScanning dependencies of target std_msgs_generate_messages_nodejs[0m
[  0%] Built target std_msgs_generate_messages_nodejs
[35m[1mScanning dependencies of target std_msgs_generate_messages_eus[0m
[  0%] Built target std_msgs_generate_messages_eus
[35m[1mScanning dependencies of target teledrive_msgs_generate_messages_py[0m
[ 14%] [34m[1mGenerating Python from MSG teledrive_msgs/Tli65Teledrive[0m
[ 28%] [34m[1mGenerating Python msg __init__.py for teledrive_msgs[0m
[ 28%] Built target teledrive_msgs_generate_messages_py
[35m[1mScanning dependencies of target teledrive_msgs_generate_messages_cpp[0m
[ 42%] [34m[1mGenerating C++ code from teledrive_msgs/Tli65Teledrive.msg[0m
[ 42%] Built target teledrive_msgs_generate_messages_cpp
[35m[1mScanning dependencies of target teledrive_msgs_generate_messages_lisp[0m
[ 57%] [34m[1mGenerating Lisp code from teledrive_msgs/Tli65Teledrive.msg[0m
[ 57%] Built target teledrive_msgs_generate_messages_lisp
[35m[1mScanning dependencies of target teledrive_msgs_generate_messages_nodejs[0m
[ 71%] [34m[1mGenerating Javascript code from teledrive_msgs/Tli65Teledrive.msg[0m
[ 71%] Built target teledrive_msgs_generate_messages_nodejs
[35m[1mScanning dependencies of target teledrive_msgs_generate_messages_eus[0m
[ 85%] [34m[1mGenerating EusLisp code from teledrive_msgs/Tli65Teledrive.msg[0m
[100%] [34m[1mGenerating EusLisp manifest code for teledrive_msgs[0m
[100%] Built target teledrive_msgs_generate_messages_eus
[35m[1mScanning dependencies of target teledrive_msgs_generate_messages[0m
[100%] Built target teledrive_msgs_generate_messages
