[35m[1mScanning dependencies of target std_msgs_generate_messages_nodejs[0m
[  0%] Built target std_msgs_generate_messages_nodejs
[35m[1mScanning dependencies of target _g29_socket_msgs_generate_messages_check_deps_G29Socket[0m
[  0%] Built target _g29_socket_msgs_generate_messages_check_deps_G29Socket
[35m[1mScanning dependencies of target std_msgs_generate_messages_lisp[0m
[  0%] Built target std_msgs_generate_messages_lisp
[35m[1mScanning dependencies of target std_msgs_generate_messages_py[0m
[  0%] Built target std_msgs_generate_messages_py
[35m[1mScanning dependencies of target std_msgs_generate_messages_cpp[0m
[  0%] Built target std_msgs_generate_messages_cpp
[35m[1mScanning dependencies of target std_msgs_generate_messages_eus[0m
[  0%] Built target std_msgs_generate_messages_eus
[35m[1mScanning dependencies of target g29_socket_msgs_generate_messages_nodejs[0m
[ 14%] [34m[1mGenerating Javascript code from g29_socket_msgs/G29Socket.msg[0m
[ 14%] Built target g29_socket_msgs_generate_messages_nodejs
[35m[1mScanning dependencies of target g29_socket_msgs_generate_messages_lisp[0m
[ 28%] [34m[1mGenerating Lisp code from g29_socket_msgs/G29Socket.msg[0m
[ 28%] Built target g29_socket_msgs_generate_messages_lisp
[35m[1mScanning dependencies of target g29_socket_msgs_generate_messages_py[0m
[ 42%] [34m[1mGenerating Python from MSG g29_socket_msgs/G29Socket[0m
[ 57%] [34m[1mGenerating Python msg __init__.py for g29_socket_msgs[0m
[ 57%] Built target g29_socket_msgs_generate_messages_py
[35m[1mScanning dependencies of target g29_socket_msgs_generate_messages_cpp[0m
[ 71%] [34m[1mGenerating C++ code from g29_socket_msgs/G29Socket.msg[0m
[ 71%] Built target g29_socket_msgs_generate_messages_cpp
[35m[1mScanning dependencies of target g29_socket_msgs_generate_messages_eus[0m
[ 85%] [34m[1mGenerating EusLisp code from g29_socket_msgs/G29Socket.msg[0m
[100%] [34m[1mGenerating EusLisp manifest code for g29_socket_msgs[0m
[100%] Built target g29_socket_msgs_generate_messages_eus
[35m[1mScanning dependencies of target g29_socket_msgs_generate_messages[0m
[100%] Built target g29_socket_msgs_generate_messages
