Determining if the pthread_create exist failed with the following output:
Change Dir: /home/oligay_61/zone3/build/rbx2_ar_tags/CMakeFiles/CMakeTmp

Run Build Command:"/usr/bin/make" "cmTC_12485/fast"
/usr/bin/make -f CMakeFiles/cmTC_12485.dir/build.make CMakeFiles/cmTC_12485.dir/build
make[1]: Entering directory '/home/oligay_61/zone3/build/rbx2_ar_tags/CMakeFiles/CMakeTmp'
Building C object CMakeFiles/cmTC_12485.dir/CheckSymbolExists.c.o
/usr/bin/cc     -o CMakeFiles/cmTC_12485.dir/CheckSymbolExists.c.o   -c /home/oligay_61/zone3/build/rbx2_ar_tags/CMakeFiles/CMakeTmp/CheckSymbolExists.c
Linking C executable cmTC_12485
/usr/bin/cmake -E cmake_link_script CMakeFiles/cmTC_12485.dir/link.txt --verbose=1
/usr/bin/cc       CMakeFiles/cmTC_12485.dir/CheckSymbolExists.c.o  -o cmTC_12485 -rdynamic 
CMakeFiles/cmTC_12485.dir/CheckSymbolExists.c.o: In function `main':
CheckSymbolExists.c:(.text+0x16): undefined reference to `pthread_create'
collect2: error: ld returned 1 exit status
CMakeFiles/cmTC_12485.dir/build.make:97: recipe for target 'cmTC_12485' failed
make[1]: *** [cmTC_12485] Error 1
make[1]: Leaving directory '/home/oligay_61/zone3/build/rbx2_ar_tags/CMakeFiles/CMakeTmp'
Makefile:126: recipe for target 'cmTC_12485/fast' failed
make: *** [cmTC_12485/fast] Error 2

File /home/oligay_61/zone3/build/rbx2_ar_tags/CMakeFiles/CMakeTmp/CheckSymbolExists.c:
/* */
#include <pthread.h>

int main(int argc, char** argv)
{
  (void)argv;
#ifndef pthread_create
  return ((int*)(&pthread_create))[argc];
#else
  (void)argc;
  return 0;
#endif
}

Determining if the function pthread_create exists in the pthreads failed with the following output:
Change Dir: /home/oligay_61/zone3/build/rbx2_ar_tags/CMakeFiles/CMakeTmp

Run Build Command:"/usr/bin/make" "cmTC_6f738/fast"
/usr/bin/make -f CMakeFiles/cmTC_6f738.dir/build.make CMakeFiles/cmTC_6f738.dir/build
make[1]: Entering directory '/home/oligay_61/zone3/build/rbx2_ar_tags/CMakeFiles/CMakeTmp'
Building C object CMakeFiles/cmTC_6f738.dir/CheckFunctionExists.c.o
/usr/bin/cc    -DCHECK_FUNCTION_EXISTS=pthread_create   -o CMakeFiles/cmTC_6f738.dir/CheckFunctionExists.c.o   -c /usr/share/cmake-3.5/Modules/CheckFunctionExists.c
Linking C executable cmTC_6f738
/usr/bin/cmake -E cmake_link_script CMakeFiles/cmTC_6f738.dir/link.txt --verbose=1
/usr/bin/cc   -DCHECK_FUNCTION_EXISTS=pthread_create    CMakeFiles/cmTC_6f738.dir/CheckFunctionExists.c.o  -o cmTC_6f738 -rdynamic -lpthreads 
/usr/bin/ld: cannot find -lpthreads
collect2: error: ld returned 1 exit status
CMakeFiles/cmTC_6f738.dir/build.make:97: recipe for target 'cmTC_6f738' failed
make[1]: *** [cmTC_6f738] Error 1
make[1]: Leaving directory '/home/oligay_61/zone3/build/rbx2_ar_tags/CMakeFiles/CMakeTmp'
Makefile:126: recipe for target 'cmTC_6f738/fast' failed
make: *** [cmTC_6f738/fast] Error 2


