[35m[1mScanning dependencies of target std_msgs_generate_messages_eus[0m
[  0%] Built target std_msgs_generate_messages_eus
[35m[1mScanning dependencies of target can_msgs_generate_messages_py[0m
[  0%] Built target can_msgs_generate_messages_py
[35m[1mScanning dependencies of target can_msgs_generate_messages_eus[0m
[  0%] Built target can_msgs_generate_messages_eus
[35m[1mScanning dependencies of target can_msgs_generate_messages_cpp[0m
[  0%] Built target can_msgs_generate_messages_cpp
[35m[1mScanning dependencies of target tli65_can_msgs_generate_messages_nodejs[0m
[  0%] Built target tli65_can_msgs_generate_messages_nodejs
[35m[1mScanning dependencies of target tli65_can_msgs_generate_messages_eus[0m
[  0%] Built target tli65_can_msgs_generate_messages_eus
[35m[1mScanning dependencies of target tli65_can_msgs_generate_messages_cpp[0m
[  0%] Built target tli65_can_msgs_generate_messages_cpp
[35m[1mScanning dependencies of target localization_msgs_generate_messages_lisp[0m
[  0%] Built target localization_msgs_generate_messages_lisp
[35m[1mScanning dependencies of target tli65_can_msgs_generate_messages_lisp[0m
[  0%] Built target tli65_can_msgs_generate_messages_lisp
[35m[1mScanning dependencies of target roscpp_generate_messages_py[0m
[  0%] Built target roscpp_generate_messages_py
[35m[1mScanning dependencies of target localization_msgs_generate_messages_py[0m
[  0%] Built target localization_msgs_generate_messages_py
[35m[1mScanning dependencies of target rosgraph_msgs_generate_messages_eus[0m
[  0%] Built target rosgraph_msgs_generate_messages_eus
[35m[1mScanning dependencies of target std_msgs_generate_messages_nodejs[0m
[  0%] Built target std_msgs_generate_messages_nodejs
[35m[1mScanning dependencies of target localization_msgs_generate_messages_cpp[0m
[  0%] Built target localization_msgs_generate_messages_cpp
[35m[1mScanning dependencies of target can_msgs_generate_messages_lisp[0m
[  0%] Built target can_msgs_generate_messages_lisp
[35m[1mScanning dependencies of target tli65_can_msgs_generate_messages_py[0m
[  0%] Built target tli65_can_msgs_generate_messages_py
[35m[1mScanning dependencies of target roscpp_generate_messages_cpp[0m
[  0%] Built target roscpp_generate_messages_cpp
[35m[1mScanning dependencies of target roscpp_generate_messages_eus[0m
[  0%] Built target roscpp_generate_messages_eus
[35m[1mScanning dependencies of target localization_msgs_generate_messages_nodejs[0m
[  0%] Built target localization_msgs_generate_messages_nodejs
[35m[1mScanning dependencies of target localization_msgs_generate_messages_eus[0m
[  0%] Built target localization_msgs_generate_messages_eus
[35m[1mScanning dependencies of target can_msgs_generate_messages_nodejs[0m
[  0%] Built target can_msgs_generate_messages_nodejs
[35m[1mScanning dependencies of target std_msgs_generate_messages_lisp[0m
[  0%] Built target std_msgs_generate_messages_lisp
[35m[1mScanning dependencies of target std_msgs_generate_messages_cpp[0m
[  0%] Built target std_msgs_generate_messages_cpp
[35m[1mScanning dependencies of target rosgraph_msgs_generate_messages_cpp[0m
[  0%] Built target rosgraph_msgs_generate_messages_cpp
[35m[1mScanning dependencies of target rosgraph_msgs_generate_messages_nodejs[0m
[  0%] Built target rosgraph_msgs_generate_messages_nodejs
[35m[1mScanning dependencies of target roscpp_generate_messages_nodejs[0m
[  0%] Built target roscpp_generate_messages_nodejs
[35m[1mScanning dependencies of target rosgraph_msgs_generate_messages_lisp[0m
[  0%] Built target rosgraph_msgs_generate_messages_lisp
[35m[1mScanning dependencies of target rosgraph_msgs_generate_messages_py[0m
[  0%] Built target rosgraph_msgs_generate_messages_py
[35m[1mScanning dependencies of target std_msgs_generate_messages_py[0m
[  0%] Built target std_msgs_generate_messages_py
[35m[1mScanning dependencies of target roscpp_generate_messages_lisp[0m
[  0%] Built target roscpp_generate_messages_lisp
[35m[1mScanning dependencies of target container_angle_calibration[0m
[ 50%] [32mBuilding CXX object CMakeFiles/container_angle_calibration.dir/src/ContainerCalib.cc.o[0m
In file included from [01m[K/home/oligay_61/zone3/src/chassis/container_angle_calibration/src/ContainerCalib.cc:7:0[m[K:
[01m[K/home/oligay_61/zone3/src/chassis/container_angle_calibration/src/kalman.h:[m[K In function ‘[01m[Kdouble KalmanFilter(KalmanInfo*, double)[m[K’:
[01m[K/home/oligay_61/zone3/src/chassis/container_angle_calibration/src/kalman.h:73:12:[m[K [01;35m[Kwarning: [m[Kunused variable ‘[01m[KpreValue[m[K’ [-Wunused-variable]
     double preValue = kalmanInfo->filterValue;
[01;32m[K            ^[m[K
[100%] [32m[1mLinking CXX executable /home/oligay_61/zone3/devel/.private/container_angle_calibration/lib/container_angle_calibration/container_angle_calibration[0m
[100%] Built target container_angle_calibration
