Determining if the pthread_create exist failed with the following output:
Change Dir: /home/oligay_61/zone3/build/can_tx_tli65/CMakeFiles/CMakeTmp

Run Build Command:"/usr/bin/make" "cmTC_001a6/fast"
/usr/bin/make -f CMakeFiles/cmTC_001a6.dir/build.make CMakeFiles/cmTC_001a6.dir/build
make[1]: Entering directory '/home/oligay_61/zone3/build/can_tx_tli65/CMakeFiles/CMakeTmp'
Building C object CMakeFiles/cmTC_001a6.dir/CheckSymbolExists.c.o
/usr/bin/cc     -o CMakeFiles/cmTC_001a6.dir/CheckSymbolExists.c.o   -c /home/oligay_61/zone3/build/can_tx_tli65/CMakeFiles/CMakeTmp/CheckSymbolExists.c
Linking C executable cmTC_001a6
/usr/bin/cmake -E cmake_link_script CMakeFiles/cmTC_001a6.dir/link.txt --verbose=1
/usr/bin/cc       CMakeFiles/cmTC_001a6.dir/CheckSymbolExists.c.o  -o cmTC_001a6 -rdynamic 
CMakeFiles/cmTC_001a6.dir/CheckSymbolExists.c.o: In function `main':
CheckSymbolExists.c:(.text+0x16): undefined reference to `pthread_create'
collect2: error: ld returned 1 exit status
CMakeFiles/cmTC_001a6.dir/build.make:97: recipe for target 'cmTC_001a6' failed
make[1]: *** [cmTC_001a6] Error 1
make[1]: Leaving directory '/home/oligay_61/zone3/build/can_tx_tli65/CMakeFiles/CMakeTmp'
Makefile:126: recipe for target 'cmTC_001a6/fast' failed
make: *** [cmTC_001a6/fast] Error 2

File /home/oligay_61/zone3/build/can_tx_tli65/CMakeFiles/CMakeTmp/CheckSymbolExists.c:
/* */
#include <pthread.h>

int main(int argc, char** argv)
{
  (void)argv;
#ifndef pthread_create
  return ((int*)(&pthread_create))[argc];
#else
  (void)argc;
  return 0;
#endif
}

Determining if the function pthread_create exists in the pthreads failed with the following output:
Change Dir: /home/oligay_61/zone3/build/can_tx_tli65/CMakeFiles/CMakeTmp

Run Build Command:"/usr/bin/make" "cmTC_aa7be/fast"
/usr/bin/make -f CMakeFiles/cmTC_aa7be.dir/build.make CMakeFiles/cmTC_aa7be.dir/build
make[1]: Entering directory '/home/oligay_61/zone3/build/can_tx_tli65/CMakeFiles/CMakeTmp'
Building C object CMakeFiles/cmTC_aa7be.dir/CheckFunctionExists.c.o
/usr/bin/cc    -DCHECK_FUNCTION_EXISTS=pthread_create   -o CMakeFiles/cmTC_aa7be.dir/CheckFunctionExists.c.o   -c /usr/share/cmake-3.5/Modules/CheckFunctionExists.c
Linking C executable cmTC_aa7be
/usr/bin/cmake -E cmake_link_script CMakeFiles/cmTC_aa7be.dir/link.txt --verbose=1
/usr/bin/cc   -DCHECK_FUNCTION_EXISTS=pthread_create    CMakeFiles/cmTC_aa7be.dir/CheckFunctionExists.c.o  -o cmTC_aa7be -rdynamic -lpthreads 
/usr/bin/ld: cannot find -lpthreads
collect2: error: ld returned 1 exit status
CMakeFiles/cmTC_aa7be.dir/build.make:97: recipe for target 'cmTC_aa7be' failed
make[1]: *** [cmTC_aa7be] Error 1
make[1]: Leaving directory '/home/oligay_61/zone3/build/can_tx_tli65/CMakeFiles/CMakeTmp'
Makefile:126: recipe for target 'cmTC_aa7be/fast' failed
make: *** [cmTC_aa7be/fast] Error 2


