Determining if the pthread_create exist failed with the following output:
Change Dir: /home/oligay_61/zone3/build/livox_ros_driver/CMakeFiles/CMakeTmp

Run Build Command:"/usr/bin/make" "cmTC_be6b1/fast"
/usr/bin/make -f CMakeFiles/cmTC_be6b1.dir/build.make CMakeFiles/cmTC_be6b1.dir/build
make[1]: Entering directory '/home/oligay_61/zone3/build/livox_ros_driver/CMakeFiles/CMakeTmp'
Building CXX object CMakeFiles/cmTC_be6b1.dir/CheckSymbolExists.cxx.o
/usr/bin/c++      -o CMakeFiles/cmTC_be6b1.dir/CheckSymbolExists.cxx.o -c /home/oligay_61/zone3/build/livox_ros_driver/CMakeFiles/CMakeTmp/CheckSymbolExists.cxx
Linking CXX executable cmTC_be6b1
/usr/bin/cmake -E cmake_link_script CMakeFiles/cmTC_be6b1.dir/link.txt --verbose=1
/usr/bin/c++        CMakeFiles/cmTC_be6b1.dir/CheckSymbolExists.cxx.o  -o cmTC_be6b1 -rdynamic 
CMakeFiles/cmTC_be6b1.dir/CheckSymbolExists.cxx.o: In function `main':
CheckSymbolExists.cxx:(.text+0x16): undefined reference to `pthread_create'
collect2: error: ld returned 1 exit status
CMakeFiles/cmTC_be6b1.dir/build.make:97: recipe for target 'cmTC_be6b1' failed
make[1]: *** [cmTC_be6b1] Error 1
make[1]: Leaving directory '/home/oligay_61/zone3/build/livox_ros_driver/CMakeFiles/CMakeTmp'
Makefile:126: recipe for target 'cmTC_be6b1/fast' failed
make: *** [cmTC_be6b1/fast] Error 2

File /home/oligay_61/zone3/build/livox_ros_driver/CMakeFiles/CMakeTmp/CheckSymbolExists.cxx:
/* */
#include <pthread.h>

int main(int argc, char** argv)
{
  (void)argv;
#ifndef pthread_create
  return ((int*)(&pthread_create))[argc];
#else
  (void)argc;
  return 0;
#endif
}

Determining if the function pthread_create exists in the pthreads failed with the following output:
Change Dir: /home/oligay_61/zone3/build/livox_ros_driver/CMakeFiles/CMakeTmp

Run Build Command:"/usr/bin/make" "cmTC_f99af/fast"
/usr/bin/make -f CMakeFiles/cmTC_f99af.dir/build.make CMakeFiles/cmTC_f99af.dir/build
make[1]: Entering directory '/home/oligay_61/zone3/build/livox_ros_driver/CMakeFiles/CMakeTmp'
Building CXX object CMakeFiles/cmTC_f99af.dir/CheckFunctionExists.cxx.o
/usr/bin/c++     -DCHECK_FUNCTION_EXISTS=pthread_create   -o CMakeFiles/cmTC_f99af.dir/CheckFunctionExists.cxx.o -c /home/oligay_61/zone3/build/livox_ros_driver/CMakeFiles/CheckLibraryExists/CheckFunctionExists.cxx
Linking CXX executable cmTC_f99af
/usr/bin/cmake -E cmake_link_script CMakeFiles/cmTC_f99af.dir/link.txt --verbose=1
/usr/bin/c++    -DCHECK_FUNCTION_EXISTS=pthread_create    CMakeFiles/cmTC_f99af.dir/CheckFunctionExists.cxx.o  -o cmTC_f99af -rdynamic -lpthreads 
/usr/bin/ld: cannot find -lpthreads
collect2: error: ld returned 1 exit status
CMakeFiles/cmTC_f99af.dir/build.make:97: recipe for target 'cmTC_f99af' failed
make[1]: *** [cmTC_f99af] Error 1
make[1]: Leaving directory '/home/oligay_61/zone3/build/livox_ros_driver/CMakeFiles/CMakeTmp'
Makefile:126: recipe for target 'cmTC_f99af/fast' failed
make: *** [cmTC_f99af/fast] Error 2


