[35m[1mScanning dependencies of target hybrid_astar[0m
[  3%] [32mBuilding CXX object CMakeFiles/hybrid_astar.dir/src/main.cpp.o[0m
[35m[1mScanning dependencies of target tst_lookup[0m
[  6%] [32mBuilding CXX object CMakeFiles/tst_lookup.dir/src/tst_lookup.cpp.o[0m
[  9%] [32mBuilding CXX object CMakeFiles/hybrid_astar.dir/src/algorithm.cpp.o[0m
[35m[1mScanning dependencies of target HYAS[0m
[ 12%] [32mBuilding CXX object CMakeFiles/HYAS.dir/src/algorithm.cpp.o[0m
[ 15%] [32mBuilding CXX object CMakeFiles/tst_lookup.dir/src/lookup.cpp.o[0m
[ 18%] [32mBuilding CXX object CMakeFiles/hybrid_astar.dir/src/lookup.cpp.o[0m
[ 21%] [32m[1mLinking CXX executable /home/oligay_61/zone3/devel/.private/hybrid_astar/lib/hybrid_astar/tst_lookup[0m
[ 21%] Built target tst_lookup
[ 25%] [32mBuilding CXX object CMakeFiles/HYAS.dir/src/lookup.cpp.o[0m
[ 28%] [32mBuilding CXX object CMakeFiles/hybrid_astar.dir/src/node2d.cpp.o[0m
[ 31%] [32mBuilding CXX object CMakeFiles/hybrid_astar.dir/src/node3d.cpp.o[0m
[ 34%] [32mBuilding CXX object CMakeFiles/hybrid_astar.dir/src/collisiondetection.cpp.o[0m
[ 37%] [32mBuilding CXX object CMakeFiles/HYAS.dir/src/node2d.cpp.o[0m
[ 40%] [32mBuilding CXX object CMakeFiles/HYAS.dir/src/node3d.cpp.o[0m
[ 43%] [32mBuilding CXX object CMakeFiles/hybrid_astar.dir/src/planner.cpp.o[0m
[ 46%] [32mBuilding CXX object CMakeFiles/HYAS.dir/src/collisiondetection.cpp.o[0m
[01m[K/home/oligay_61/zone3/src/hybrid_astar/src/collisiondetection.cpp:[m[K In member function ‘[01m[Kbool HybridAStar::CollisionDetection::configurationTest(float, float, float) const[m[K’:
[01m[K/home/oligay_61/zone3/src/hybrid_astar/src/collisiondetection.cpp:31:27:[m[K [01;35m[Kwarning: [m[Kcomparison between signed and unsigned integer expressions [-Wsign-compare]
         if (cX >= 0 && cX < grid->info.width && cY >= 0 &&
[01;32m[K                           ^[m[K
[01m[K/home/oligay_61/zone3/src/hybrid_astar/src/collisiondetection.cpp:32:16:[m[K [01;35m[Kwarning: [m[Kcomparison between signed and unsigned integer expressions [-Wsign-compare]
             cY < grid->info.height) {
[01;32m[K                ^[m[K
[ 50%] [32mBuilding CXX object CMakeFiles/hybrid_astar.dir/src/path.cpp.o[0m
[ 53%] [32mBuilding CXX object CMakeFiles/HYAS.dir/src/planner.cpp.o[0m
[01m[K/home/oligay_61/zone3/src/hybrid_astar/src/collisiondetection.cpp:[m[K In member function ‘[01m[Kbool HybridAStar::CollisionDetection::configurationTest(float, float, float) const[m[K’:
[01m[K/home/oligay_61/zone3/src/hybrid_astar/src/collisiondetection.cpp:31:27:[m[K [01;35m[Kwarning: [m[Kcomparison between signed and unsigned integer expressions [-Wsign-compare]
         if (cX >= 0 && cX < grid->info.width && cY >= 0 &&
[01;32m[K                           ^[m[K
[01m[K/home/oligay_61/zone3/src/hybrid_astar/src/collisiondetection.cpp:32:16:[m[K [01;35m[Kwarning: [m[Kcomparison between signed and unsigned integer expressions [-Wsign-compare]
             cY < grid->info.height) {
[01;32m[K                ^[m[K
[35m[1mScanning dependencies of target tf_broadcaster[0m
[ 56%] [32mBuilding CXX object CMakeFiles/tf_broadcaster.dir/src/tf_broadcaster.cpp.o[0m
[ 59%] [32mBuilding CXX object CMakeFiles/hybrid_astar.dir/src/smoother.cpp.o[0m
[ 62%] [32mBuilding CXX object CMakeFiles/HYAS.dir/src/path.cpp.o[0m
[ 65%] [32mBuilding CXX object CMakeFiles/hybrid_astar.dir/src/visualize.cpp.o[0m
[ 68%] [32mBuilding CXX object CMakeFiles/hybrid_astar.dir/src/dubins.cpp.o[0m
[ 71%] [32mBuilding CXX object CMakeFiles/HYAS.dir/src/smoother.cpp.o[0m
[ 75%] [32m[1mLinking CXX executable /home/oligay_61/zone3/devel/.private/hybrid_astar/lib/hybrid_astar/tf_broadcaster[0m
[ 75%] Built target tf_broadcaster
[ 78%] [32mBuilding CXX object CMakeFiles/hybrid_astar.dir/src/dynamicvoronoi.cpp.o[0m
[ 81%] [32mBuilding CXX object CMakeFiles/HYAS.dir/src/visualize.cpp.o[0m
[ 84%] [32mBuilding CXX object CMakeFiles/HYAS.dir/src/dubins.cpp.o[0m
[ 87%] [32mBuilding CXX object CMakeFiles/hybrid_astar.dir/src/bucketedqueue.cpp.o[0m
[ 90%] [32mBuilding CXX object CMakeFiles/HYAS.dir/src/dynamicvoronoi.cpp.o[0m
[ 93%] [32mBuilding CXX object CMakeFiles/HYAS.dir/src/bucketedqueue.cpp.o[0m
[ 96%] [32m[1mLinking CXX executable /home/oligay_61/zone3/devel/.private/hybrid_astar/lib/hybrid_astar/hybrid_astar[0m
[ 96%] Built target hybrid_astar
[100%] [32m[1mLinking CXX shared library libHYAS.so[0m
[100%] Built target HYAS
