Determining if the pthread_create exist failed with the following output:
Change Dir: /home/oligay_61/zone3/build/g29_driver/CMakeFiles/CMakeTmp

Run Build Command:"/usr/bin/make" "cmTC_23508/fast"
/usr/bin/make -f CMakeFiles/cmTC_23508.dir/build.make CMakeFiles/cmTC_23508.dir/build
make[1]: Entering directory '/home/oligay_61/zone3/build/g29_driver/CMakeFiles/CMakeTmp'
Building C object CMakeFiles/cmTC_23508.dir/CheckSymbolExists.c.o
/usr/bin/cc     -o CMakeFiles/cmTC_23508.dir/CheckSymbolExists.c.o   -c /home/oligay_61/zone3/build/g29_driver/CMakeFiles/CMakeTmp/CheckSymbolExists.c
Linking C executable cmTC_23508
/usr/bin/cmake -E cmake_link_script CMakeFiles/cmTC_23508.dir/link.txt --verbose=1
/usr/bin/cc       CMakeFiles/cmTC_23508.dir/CheckSymbolExists.c.o  -o cmTC_23508 -rdynamic 
CMakeFiles/cmTC_23508.dir/CheckSymbolExists.c.o: In function `main':
CheckSymbolExists.c:(.text+0x16): undefined reference to `pthread_create'
collect2: error: ld returned 1 exit status
CMakeFiles/cmTC_23508.dir/build.make:97: recipe for target 'cmTC_23508' failed
make[1]: *** [cmTC_23508] Error 1
make[1]: Leaving directory '/home/oligay_61/zone3/build/g29_driver/CMakeFiles/CMakeTmp'
Makefile:126: recipe for target 'cmTC_23508/fast' failed
make: *** [cmTC_23508/fast] Error 2

File /home/oligay_61/zone3/build/g29_driver/CMakeFiles/CMakeTmp/CheckSymbolExists.c:
/* */
#include <pthread.h>

int main(int argc, char** argv)
{
  (void)argv;
#ifndef pthread_create
  return ((int*)(&pthread_create))[argc];
#else
  (void)argc;
  return 0;
#endif
}

Determining if the function pthread_create exists in the pthreads failed with the following output:
Change Dir: /home/oligay_61/zone3/build/g29_driver/CMakeFiles/CMakeTmp

Run Build Command:"/usr/bin/make" "cmTC_319bb/fast"
/usr/bin/make -f CMakeFiles/cmTC_319bb.dir/build.make CMakeFiles/cmTC_319bb.dir/build
make[1]: Entering directory '/home/oligay_61/zone3/build/g29_driver/CMakeFiles/CMakeTmp'
Building C object CMakeFiles/cmTC_319bb.dir/CheckFunctionExists.c.o
/usr/bin/cc    -DCHECK_FUNCTION_EXISTS=pthread_create   -o CMakeFiles/cmTC_319bb.dir/CheckFunctionExists.c.o   -c /usr/share/cmake-3.5/Modules/CheckFunctionExists.c
Linking C executable cmTC_319bb
/usr/bin/cmake -E cmake_link_script CMakeFiles/cmTC_319bb.dir/link.txt --verbose=1
/usr/bin/cc   -DCHECK_FUNCTION_EXISTS=pthread_create    CMakeFiles/cmTC_319bb.dir/CheckFunctionExists.c.o  -o cmTC_319bb -rdynamic -lpthreads 
/usr/bin/ld: cannot find -lpthreads
collect2: error: ld returned 1 exit status
CMakeFiles/cmTC_319bb.dir/build.make:97: recipe for target 'cmTC_319bb' failed
make[1]: *** [cmTC_319bb] Error 1
make[1]: Leaving directory '/home/oligay_61/zone3/build/g29_driver/CMakeFiles/CMakeTmp'
Makefile:126: recipe for target 'cmTC_319bb/fast' failed
make: *** [cmTC_319bb/fast] Error 2


