Linked: (/home/oligay_61/zone3/devel/.private/frontend_msgs/share/gennodejs/ros/frontend_msgs/_index.js, /home/oligay_61/zone3/devel/share/gennodejs/ros/frontend_msgs/_index.js)
Linked: (/home/oligay_61/zone3/devel/.private/frontend_msgs/share/gennodejs/ros/frontend_msgs/msg/Frontend.js, /home/oligay_61/zone3/devel/share/gennodejs/ros/frontend_msgs/msg/Frontend.js)
Linked: (/home/oligay_61/zone3/devel/.private/frontend_msgs/share/gennodejs/ros/frontend_msgs/msg/_index.js, /home/oligay_61/zone3/devel/share/gennodejs/ros/frontend_msgs/msg/_index.js)
Symlinking /home/oligay_61/zone3/devel/share/gennodejs/ros/frontend_msgs/msg/Frontend_TLdisplay.js
Symlinking /home/oligay_61/zone3/devel/share/gennodejs/ros/frontend_msgs/msg/Frontend_control.js
Linked: (/home/oligay_61/zone3/devel/.private/frontend_msgs/share/roseus/ros/frontend_msgs/manifest.l, /home/oligay_61/zone3/devel/share/roseus/ros/frontend_msgs/manifest.l)
Symlinking /home/oligay_61/zone3/devel/share/roseus/ros/frontend_msgs/msg/Frontend_TLdisplay.l
Symlinking /home/oligay_61/zone3/devel/share/roseus/ros/frontend_msgs/msg/Frontend_control.l
Linked: (/home/oligay_61/zone3/devel/.private/frontend_msgs/share/roseus/ros/frontend_msgs/msg/Frontend.l, /home/oligay_61/zone3/devel/share/roseus/ros/frontend_msgs/msg/Frontend.l)
Linked: (/home/oligay_61/zone3/devel/.private/frontend_msgs/share/frontend_msgs/cmake/frontend_msgs-msg-paths.cmake, /home/oligay_61/zone3/devel/share/frontend_msgs/cmake/frontend_msgs-msg-paths.cmake)
Linked: (/home/oligay_61/zone3/devel/.private/frontend_msgs/share/frontend_msgs/cmake/frontend_msgsConfig-version.cmake, /home/oligay_61/zone3/devel/share/frontend_msgs/cmake/frontend_msgsConfig-version.cmake)
Linked: (/home/oligay_61/zone3/devel/.private/frontend_msgs/share/frontend_msgs/cmake/frontend_msgsConfig.cmake, /home/oligay_61/zone3/devel/share/frontend_msgs/cmake/frontend_msgsConfig.cmake)
Linked: (/home/oligay_61/zone3/devel/.private/frontend_msgs/share/frontend_msgs/cmake/frontend_msgs-msg-extras.cmake, /home/oligay_61/zone3/devel/share/frontend_msgs/cmake/frontend_msgs-msg-extras.cmake)
Symlinking /home/oligay_61/zone3/devel/share/common-lisp/ros/frontend_msgs/msg/Frontend_control.lisp
Symlinking /home/oligay_61/zone3/devel/share/common-lisp/ros/frontend_msgs/msg/_package_Frontend_control.lisp
Linked: (/home/oligay_61/zone3/devel/.private/frontend_msgs/share/common-lisp/ros/frontend_msgs/msg/Frontend.lisp, /home/oligay_61/zone3/devel/share/common-lisp/ros/frontend_msgs/msg/Frontend.lisp)
Symlinking /home/oligay_61/zone3/devel/share/common-lisp/ros/frontend_msgs/msg/Frontend_TLdisplay.lisp
Linked: (/home/oligay_61/zone3/devel/.private/frontend_msgs/share/common-lisp/ros/frontend_msgs/msg/frontend_msgs-msg.asd, /home/oligay_61/zone3/devel/share/common-lisp/ros/frontend_msgs/msg/frontend_msgs-msg.asd)
Linked: (/home/oligay_61/zone3/devel/.private/frontend_msgs/share/common-lisp/ros/frontend_msgs/msg/_package_Frontend.lisp, /home/oligay_61/zone3/devel/share/common-lisp/ros/frontend_msgs/msg/_package_Frontend.lisp)
Symlinking /home/oligay_61/zone3/devel/share/common-lisp/ros/frontend_msgs/msg/_package_Frontend_TLdisplay.lisp
Linked: (/home/oligay_61/zone3/devel/.private/frontend_msgs/share/common-lisp/ros/frontend_msgs/msg/_package.lisp, /home/oligay_61/zone3/devel/share/common-lisp/ros/frontend_msgs/msg/_package.lisp)
Symlinking /home/oligay_61/zone3/devel/include/frontend_msgs/Frontend_TLdisplay.h
Symlinking /home/oligay_61/zone3/devel/include/frontend_msgs/Frontend_control.h
Linked: (/home/oligay_61/zone3/devel/.private/frontend_msgs/include/frontend_msgs/Frontend.h, /home/oligay_61/zone3/devel/include/frontend_msgs/Frontend.h)
Linked: (/home/oligay_61/zone3/devel/.private/frontend_msgs/lib/pkgconfig/frontend_msgs.pc, /home/oligay_61/zone3/devel/lib/pkgconfig/frontend_msgs.pc)
Linked: (/home/oligay_61/zone3/devel/.private/frontend_msgs/lib/python2.7/dist-packages/frontend_msgs/__init__.py, /home/oligay_61/zone3/devel/lib/python2.7/dist-packages/frontend_msgs/__init__.py)
Linked: (/home/oligay_61/zone3/devel/.private/frontend_msgs/lib/python2.7/dist-packages/frontend_msgs/msg/_Frontend.py, /home/oligay_61/zone3/devel/lib/python2.7/dist-packages/frontend_msgs/msg/_Frontend.py)
Symlinking /home/oligay_61/zone3/devel/lib/python2.7/dist-packages/frontend_msgs/msg/_Frontend_TLdisplay.py
Linked: (/home/oligay_61/zone3/devel/.private/frontend_msgs/lib/python2.7/dist-packages/frontend_msgs/msg/__init__.py, /home/oligay_61/zone3/devel/lib/python2.7/dist-packages/frontend_msgs/msg/__init__.py)
Symlinking /home/oligay_61/zone3/devel/lib/python2.7/dist-packages/frontend_msgs/msg/_Frontend_control.py
