[  0%] Built target can_msgs_generate_messages_cpp
[  0%] Built target control_msgs_generate_messages_py
[  0%] Built target control_msgs_generate_messages_nodejs
[  0%] Built target control_msgs_generate_messages_cpp
[  0%] Built target tli65_can_msgs_generate_messages_nodejs
[  0%] Built target tli65_can_msgs_generate_messages_eus
[  0%] Built target tli65_can_msgs_generate_messages_cpp
[  0%] Built target can_msgs_generate_messages_py
[  0%] Built target tli65_can_msgs_generate_messages_lisp
[  0%] Built target roscpp_generate_messages_py
[  0%] Built target rosgraph_msgs_generate_messages_eus
[  0%] Built target control_msgs_generate_messages_eus
[  0%] Built target std_msgs_generate_messages_nodejs
[  0%] Built target can_msgs_generate_messages_eus
[  0%] Built target tli65_can_msgs_generate_messages_py
[  0%] Built target can_msgs_generate_messages_lisp
[  0%] Built target roscpp_generate_messages_cpp
[  0%] Built target roscpp_generate_messages_eus
[  0%] Built target can_msgs_generate_messages_nodejs
[  0%] Built target std_msgs_generate_messages_lisp
[  0%] Built target std_msgs_generate_messages_cpp
[  0%] Built target rosgraph_msgs_generate_messages_nodejs
[  0%] Built target rosgraph_msgs_generate_messages_cpp
[  0%] Built target roscpp_generate_messages_nodejs
[  0%] Built target rosgraph_msgs_generate_messages_lisp
[  0%] Built target rosgraph_msgs_generate_messages_py
[  0%] Built target std_msgs_generate_messages_py
[  0%] Built target control_msgs_generate_messages_lisp
[  0%] Built target roscpp_generate_messages_lisp
[  0%] Built target std_msgs_generate_messages_eus
[35m[1mScanning dependencies of target shake_hands[0m
[35m[1mScanning dependencies of target test_can_tx[0m
[ 14%] [32mBuilding CXX object CMakeFiles/test_can_tx.dir/src/test_can_tx.cc.o[0m
[ 28%] [32mBuilding CXX object CMakeFiles/shake_hands.dir/src/shake_hands.cc.o[0m
[ 42%] [32m[1mLinking CXX executable /home/oligay_61/zone3/devel/.private/can_tx_tli65/lib/can_tx_tli65/shake_hands[0m
[ 42%] Built target shake_hands
[35m[1mScanning dependencies of target can_tx_tli65[0m
[ 57%] [32mBuilding CXX object CMakeFiles/can_tx_tli65.dir/src/node.cc.o[0m
[ 71%] [32m[1mLinking CXX executable /home/oligay_61/zone3/devel/.private/can_tx_tli65/lib/can_tx_tli65/test_can_tx[0m
[ 71%] Built target test_can_tx
[ 85%] [32mBuilding CXX object CMakeFiles/can_tx_tli65.dir/src/CanTxTli65.cc.o[0m
[100%] [32m[1mLinking CXX executable /home/oligay_61/zone3/devel/.private/can_tx_tli65/lib/can_tx_tli65/can_tx_tli65[0m
[100%] Built target can_tx_tli65
