Determining if the pthread_create exist failed with the following output:
Change Dir: /home/oligay_61/zone3/build/track_points_proto/CMakeFiles/CMakeTmp

Run Build Command:"/usr/bin/make" "cmTC_58582/fast"
/usr/bin/make -f CMakeFiles/cmTC_58582.dir/build.make CMakeFiles/cmTC_58582.dir/build
make[1]: Entering directory '/home/oligay_61/zone3/build/track_points_proto/CMakeFiles/CMakeTmp'
Building C object CMakeFiles/cmTC_58582.dir/CheckSymbolExists.c.o
/usr/bin/cc     -o CMakeFiles/cmTC_58582.dir/CheckSymbolExists.c.o   -c /home/oligay_61/zone3/build/track_points_proto/CMakeFiles/CMakeTmp/CheckSymbolExists.c
Linking C executable cmTC_58582
/usr/bin/cmake -E cmake_link_script CMakeFiles/cmTC_58582.dir/link.txt --verbose=1
/usr/bin/cc       CMakeFiles/cmTC_58582.dir/CheckSymbolExists.c.o  -o cmTC_58582 -rdynamic 
CMakeFiles/cmTC_58582.dir/CheckSymbolExists.c.o: In function `main':
CheckSymbolExists.c:(.text+0x16): undefined reference to `pthread_create'
collect2: error: ld returned 1 exit status
CMakeFiles/cmTC_58582.dir/build.make:97: recipe for target 'cmTC_58582' failed
make[1]: *** [cmTC_58582] Error 1
make[1]: Leaving directory '/home/oligay_61/zone3/build/track_points_proto/CMakeFiles/CMakeTmp'
Makefile:126: recipe for target 'cmTC_58582/fast' failed
make: *** [cmTC_58582/fast] Error 2

File /home/oligay_61/zone3/build/track_points_proto/CMakeFiles/CMakeTmp/CheckSymbolExists.c:
/* */
#include <pthread.h>

int main(int argc, char** argv)
{
  (void)argv;
#ifndef pthread_create
  return ((int*)(&pthread_create))[argc];
#else
  (void)argc;
  return 0;
#endif
}

Determining if the function pthread_create exists in the pthreads failed with the following output:
Change Dir: /home/oligay_61/zone3/build/track_points_proto/CMakeFiles/CMakeTmp

Run Build Command:"/usr/bin/make" "cmTC_feb33/fast"
/usr/bin/make -f CMakeFiles/cmTC_feb33.dir/build.make CMakeFiles/cmTC_feb33.dir/build
make[1]: Entering directory '/home/oligay_61/zone3/build/track_points_proto/CMakeFiles/CMakeTmp'
Building C object CMakeFiles/cmTC_feb33.dir/CheckFunctionExists.c.o
/usr/bin/cc    -DCHECK_FUNCTION_EXISTS=pthread_create   -o CMakeFiles/cmTC_feb33.dir/CheckFunctionExists.c.o   -c /usr/share/cmake-3.5/Modules/CheckFunctionExists.c
Linking C executable cmTC_feb33
/usr/bin/cmake -E cmake_link_script CMakeFiles/cmTC_feb33.dir/link.txt --verbose=1
/usr/bin/cc   -DCHECK_FUNCTION_EXISTS=pthread_create    CMakeFiles/cmTC_feb33.dir/CheckFunctionExists.c.o  -o cmTC_feb33 -rdynamic -lpthreads 
/usr/bin/ld: cannot find -lpthreads
collect2: error: ld returned 1 exit status
CMakeFiles/cmTC_feb33.dir/build.make:97: recipe for target 'cmTC_feb33' failed
make[1]: *** [cmTC_feb33] Error 1
make[1]: Leaving directory '/home/oligay_61/zone3/build/track_points_proto/CMakeFiles/CMakeTmp'
Makefile:126: recipe for target 'cmTC_feb33/fast' failed
make: *** [cmTC_feb33/fast] Error 2


