Symlinking /home/oligay_61/zone3/devel/share/gennodejs/ros/g29_msgs/_index.js
Symlinking /home/oligay_61/zone3/devel/share/gennodejs/ros/g29_msgs/msg/_index.js
Symlinking /home/oligay_61/zone3/devel/share/gennodejs/ros/g29_msgs/msg/ForceFeedback.js
Symlinking /home/oligay_61/zone3/devel/share/gennodejs/ros/g29_msgs/msg/TuneForceFeedback.js
Symlinking /home/oligay_61/zone3/devel/share/roseus/ros/g29_msgs/manifest.l
Symlinking /home/oligay_61/zone3/devel/share/roseus/ros/g29_msgs/msg/TuneForceFeedback.l
Symlinking /home/oligay_61/zone3/devel/share/roseus/ros/g29_msgs/msg/ForceFeedback.l
Symlinking /home/oligay_61/zone3/devel/share/common-lisp/ros/g29_msgs/msg/g29_msgs-msg.asd
Symlinking /home/oligay_61/zone3/devel/share/common-lisp/ros/g29_msgs/msg/_package_ForceFeedback.lisp
Symlinking /home/oligay_61/zone3/devel/share/common-lisp/ros/g29_msgs/msg/TuneForceFeedback.lisp
Symlinking /home/oligay_61/zone3/devel/share/common-lisp/ros/g29_msgs/msg/_package_TuneForceFeedback.lisp
Symlinking /home/oligay_61/zone3/devel/share/common-lisp/ros/g29_msgs/msg/_package.lisp
Symlinking /home/oligay_61/zone3/devel/share/common-lisp/ros/g29_msgs/msg/ForceFeedback.lisp
Symlinking /home/oligay_61/zone3/devel/share/g29_msgs/cmake/g29_msgsConfig.cmake
Symlinking /home/oligay_61/zone3/devel/share/g29_msgs/cmake/g29_msgs-msg-paths.cmake
Symlinking /home/oligay_61/zone3/devel/share/g29_msgs/cmake/g29_msgsConfig-version.cmake
Symlinking /home/oligay_61/zone3/devel/share/g29_msgs/cmake/g29_msgs-msg-extras.cmake
Symlinking /home/oligay_61/zone3/devel/include/g29_msgs/ForceFeedback.h
Symlinking /home/oligay_61/zone3/devel/include/g29_msgs/TuneForceFeedback.h
Symlinking /home/oligay_61/zone3/devel/lib/pkgconfig/g29_msgs.pc
Symlinking /home/oligay_61/zone3/devel/lib/python2.7/dist-packages/g29_msgs/__init__.py
Symlinking /home/oligay_61/zone3/devel/lib/python2.7/dist-packages/g29_msgs/msg/_TuneForceFeedback.py
Symlinking /home/oligay_61/zone3/devel/lib/python2.7/dist-packages/g29_msgs/msg/__init__.py
Symlinking /home/oligay_61/zone3/devel/lib/python2.7/dist-packages/g29_msgs/msg/_ForceFeedback.py
