Symlinking /home/oligay_61/zone3/devel/share/gennodejs/ros/rbx2_msgs/_index.js
Symlinking /home/oligay_61/zone3/devel/share/gennodejs/ros/rbx2_msgs/srv/SetBatteryLevel.js
Symlinking /home/oligay_61/zone3/devel/share/gennodejs/ros/rbx2_msgs/srv/_index.js
Symlinking /home/oligay_61/zone3/devel/share/roseus/ros/rbx2_msgs/manifest.l
Symlinking /home/oligay_61/zone3/devel/share/roseus/ros/rbx2_msgs/srv/SetBatteryLevel.l
Symlinking /home/oligay_61/zone3/devel/share/rbx2_msgs/cmake/rbx2_msgsConfig.cmake
Symlinking /home/oligay_61/zone3/devel/share/rbx2_msgs/cmake/rbx2_msgs-msg-paths.cmake
Symlinking /home/oligay_61/zone3/devel/share/rbx2_msgs/cmake/rbx2_msgsConfig-version.cmake
Symlinking /home/oligay_61/zone3/devel/share/rbx2_msgs/cmake/rbx2_msgs-msg-extras.cmake
Symlinking /home/oligay_61/zone3/devel/share/common-lisp/ros/rbx2_msgs/srv/SetBatteryLevel.lisp
Symlinking /home/oligay_61/zone3/devel/share/common-lisp/ros/rbx2_msgs/srv/_package_SetBatteryLevel.lisp
Symlinking /home/oligay_61/zone3/devel/share/common-lisp/ros/rbx2_msgs/srv/rbx2_msgs-srv.asd
Symlinking /home/oligay_61/zone3/devel/share/common-lisp/ros/rbx2_msgs/srv/_package.lisp
Symlinking /home/oligay_61/zone3/devel/include/rbx2_msgs/SetBatteryLevelResponse.h
Symlinking /home/oligay_61/zone3/devel/include/rbx2_msgs/SetBatteryLevelRequest.h
Symlinking /home/oligay_61/zone3/devel/include/rbx2_msgs/SetBatteryLevel.h
Symlinking /home/oligay_61/zone3/devel/lib/pkgconfig/rbx2_msgs.pc
Symlinking /home/oligay_61/zone3/devel/lib/python2.7/dist-packages/rbx2_msgs/__init__.py
Symlinking /home/oligay_61/zone3/devel/lib/python2.7/dist-packages/rbx2_msgs/srv/_SetBatteryLevel.py
Symlinking /home/oligay_61/zone3/devel/lib/python2.7/dist-packages/rbx2_msgs/srv/__init__.py
