Determining if the pthread_create exist failed with the following output:
Change Dir: /home/oligay_61/zone3/build/rbx2_tasks/CMakeFiles/CMakeTmp

Run Build Command:"/usr/bin/make" "cmTC_fc37e/fast"
/usr/bin/make -f CMakeFiles/cmTC_fc37e.dir/build.make CMakeFiles/cmTC_fc37e.dir/build
make[1]: Entering directory '/home/oligay_61/zone3/build/rbx2_tasks/CMakeFiles/CMakeTmp'
Building C object CMakeFiles/cmTC_fc37e.dir/CheckSymbolExists.c.o
/usr/bin/cc     -o CMakeFiles/cmTC_fc37e.dir/CheckSymbolExists.c.o   -c /home/oligay_61/zone3/build/rbx2_tasks/CMakeFiles/CMakeTmp/CheckSymbolExists.c
Linking C executable cmTC_fc37e
/usr/bin/cmake -E cmake_link_script CMakeFiles/cmTC_fc37e.dir/link.txt --verbose=1
/usr/bin/cc       CMakeFiles/cmTC_fc37e.dir/CheckSymbolExists.c.o  -o cmTC_fc37e -rdynamic 
CMakeFiles/cmTC_fc37e.dir/CheckSymbolExists.c.o: In function `main':
CheckSymbolExists.c:(.text+0x16): undefined reference to `pthread_create'
collect2: error: ld returned 1 exit status
CMakeFiles/cmTC_fc37e.dir/build.make:97: recipe for target 'cmTC_fc37e' failed
make[1]: *** [cmTC_fc37e] Error 1
make[1]: Leaving directory '/home/oligay_61/zone3/build/rbx2_tasks/CMakeFiles/CMakeTmp'
Makefile:126: recipe for target 'cmTC_fc37e/fast' failed
make: *** [cmTC_fc37e/fast] Error 2

File /home/oligay_61/zone3/build/rbx2_tasks/CMakeFiles/CMakeTmp/CheckSymbolExists.c:
/* */
#include <pthread.h>

int main(int argc, char** argv)
{
  (void)argv;
#ifndef pthread_create
  return ((int*)(&pthread_create))[argc];
#else
  (void)argc;
  return 0;
#endif
}

Determining if the function pthread_create exists in the pthreads failed with the following output:
Change Dir: /home/oligay_61/zone3/build/rbx2_tasks/CMakeFiles/CMakeTmp

Run Build Command:"/usr/bin/make" "cmTC_a595d/fast"
/usr/bin/make -f CMakeFiles/cmTC_a595d.dir/build.make CMakeFiles/cmTC_a595d.dir/build
make[1]: Entering directory '/home/oligay_61/zone3/build/rbx2_tasks/CMakeFiles/CMakeTmp'
Building C object CMakeFiles/cmTC_a595d.dir/CheckFunctionExists.c.o
/usr/bin/cc    -DCHECK_FUNCTION_EXISTS=pthread_create   -o CMakeFiles/cmTC_a595d.dir/CheckFunctionExists.c.o   -c /usr/share/cmake-3.5/Modules/CheckFunctionExists.c
Linking C executable cmTC_a595d
/usr/bin/cmake -E cmake_link_script CMakeFiles/cmTC_a595d.dir/link.txt --verbose=1
/usr/bin/cc   -DCHECK_FUNCTION_EXISTS=pthread_create    CMakeFiles/cmTC_a595d.dir/CheckFunctionExists.c.o  -o cmTC_a595d -rdynamic -lpthreads 
/usr/bin/ld: cannot find -lpthreads
collect2: error: ld returned 1 exit status
CMakeFiles/cmTC_a595d.dir/build.make:97: recipe for target 'cmTC_a595d' failed
make[1]: *** [cmTC_a595d] Error 1
make[1]: Leaving directory '/home/oligay_61/zone3/build/rbx2_tasks/CMakeFiles/CMakeTmp'
Makefile:126: recipe for target 'cmTC_a595d/fast' failed
make: *** [cmTC_a595d/fast] Error 2


