[  0%] Built target planner_msgs_generate_messages_py
[  0%] Built target tli65_can_msgs_generate_messages_eus
[  0%] Built target tli65_can_msgs_generate_messages_cpp
[  0%] Built target std_msgs_generate_messages_eus
[  0%] Built target roscpp_generate_messages_lisp
[  0%] Built target control_msgs_generate_messages_lisp
[  0%] Built target rosgraph_msgs_generate_messages_py
[  0%] Built target rosgraph_msgs_generate_messages_lisp
[  0%] Built target roscpp_generate_messages_nodejs
[  0%] Built target rosgraph_msgs_generate_messages_cpp
[  0%] Built target std_msgs_generate_messages_cpp
[  0%] Built target std_msgs_generate_messages_lisp
[  0%] Built target planner_msgs_generate_messages_cpp
[  0%] Built target roscpp_generate_messages_eus
[  0%] Built target roscpp_generate_messages_cpp
[  0%] Built target tli65_can_msgs_generate_messages_py
[  0%] Built target can_msgs_generate_messages_lisp
[  0%] Built target std_msgs_generate_messages_nodejs
[  0%] Built target planner_msgs_generate_messages_lisp
[  0%] Built target localization_msgs_generate_messages_cpp
[  0%] Built target control_msgs_generate_messages_eus
[  0%] Built target can_msgs_generate_messages_nodejs
[  0%] Built target rosgraph_msgs_generate_messages_eus
[  0%] Built target roscpp_generate_messages_py
[  0%] Built target rosgraph_msgs_generate_messages_nodejs
[  0%] Built target tli65_can_msgs_generate_messages_lisp
[  0%] Built target tli65_can_msgs_generate_messages_nodejs
[  0%] Built target localization_msgs_generate_messages_py
[  0%] Built target can_msgs_generate_messages_eus
[  0%] Built target can_msgs_generate_messages_py
[  0%] Built target localization_msgs_generate_messages_eus
[  0%] Built target can_msgs_generate_messages_cpp
[  0%] Built target localization_msgs_generate_messages_nodejs
[  0%] Built target control_msgs_generate_messages_py
[  0%] Built target planner_msgs_generate_messages_nodejs
[  0%] Built target localization_msgs_generate_messages_lisp
[  0%] Built target control_msgs_generate_messages_cpp
[  0%] Built target control_msgs_generate_messages_nodejs
[  0%] Built target planner_msgs_generate_messages_eus
[  0%] Built target std_msgs_generate_messages_py
[35m[1mScanning dependencies of target follow_tracks[0m
[ 33%] [32mBuilding CXX object CMakeFiles/follow_tracks.dir/src/follow_tracks.cc.o[0m
[ 66%] [32m[1mLinking CXX executable /home/oligay_61/zone3/devel/.private/follow_tracks/lib/follow_tracks/follow_tracks[0m
[100%] Built target follow_tracks
