[  0%] Built target can_msgs_generate_messages_py
[  0%] Built target std_msgs_generate_messages_eus
[  0%] Built target roscpp_generate_messages_lisp
[  0%] Built target std_msgs_generate_messages_py
[  0%] Built target rosgraph_msgs_generate_messages_py
[  0%] Built target rosgraph_msgs_generate_messages_lisp
[  0%] Built target roscpp_generate_messages_nodejs
[  0%] Built target rosgraph_msgs_generate_messages_cpp
[  0%] Built target std_msgs_generate_messages_cpp
[  0%] Built target std_msgs_generate_messages_lisp
[  0%] Built target localization_msgs_generate_messages_eus
[  0%] Built target roscpp_generate_messages_eus
[  0%] Built target roscpp_generate_messages_cpp
[  0%] Built target tli65_can_msgs_generate_messages_py
[  0%] Built target can_msgs_generate_messages_lisp
[  0%] Built target localization_msgs_generate_messages_cpp
[  0%] Built target std_msgs_generate_messages_nodejs
[  0%] Built target can_msgs_generate_messages_nodejs
[  0%] Built target rosgraph_msgs_generate_messages_eus
[  0%] Built target roscpp_generate_messages_py
[  0%] Built target rosgraph_msgs_generate_messages_nodejs
[  0%] Built target tli65_can_msgs_generate_messages_lisp
[  0%] Built target localization_msgs_generate_messages_lisp
[  0%] Built target kalman_msgs_generate_messages_cpp
[  0%] Built target kalman_msgs_generate_messages_lisp
[  0%] Built target kalman_msgs_generate_messages_nodejs
[  0%] Built target kalman_msgs_generate_messages_py
[  0%] Built target kalman_msgs_generate_messages_eus
[  0%] Built target tli65_can_msgs_generate_messages_cpp
[  0%] Built target tli65_can_msgs_generate_messages_eus
[  0%] Built target tli65_can_msgs_generate_messages_nodejs
[  0%] Built target localization_msgs_generate_messages_nodejs
[  0%] Built target can_msgs_generate_messages_cpp
[  0%] Built target localization_msgs_generate_messages_py
[  0%] Built target can_msgs_generate_messages_eus
[35m[1mScanning dependencies of target record_tracks[0m
[ 50%] [32mBuilding CXX object CMakeFiles/record_tracks.dir/src/record_tracks.cc.o[0m
[100%] [32m[1mLinking CXX executable /home/oligay_61/zone3/devel/.private/record_tracks/lib/record_tracks/record_tracks[0m
[100%] Built target record_tracks
