[ 20%] Built target pose_viz
[ 40%] Built target tf
[ 40%] Built target actionlib_generate_messages_cpp
[ 40%] Built target can_msgs_generate_messages_lisp
[ 40%] Built target tli65_can_msgs_generate_messages_py
[ 40%] Built target tli65_can_msgs_generate_messages_nodejs
[ 40%] Built target tli65_can_msgs_generate_messages_eus
[ 40%] Built target control_msgs_generate_messages_py
[ 40%] Built target control_msgs_generate_messages_nodejs
[ 40%] Built target control_msgs_generate_messages_lisp
[ 40%] Built target control_msgs_generate_messages_eus
[ 40%] Built target control_msgs_generate_messages_cpp
[ 40%] Built target tf2_msgs_generate_messages_nodejs
[ 40%] Built target tf2_msgs_generate_messages_lisp
[ 40%] Built target tf2_msgs_generate_messages_eus
[ 40%] Built target actionlib_msgs_generate_messages_py
[ 40%] Built target tf2_msgs_generate_messages_py
[ 40%] Built target actionlib_msgs_generate_messages_nodejs
[ 40%] Built target actionlib_msgs_generate_messages_lisp
[ 40%] Built target actionlib_generate_messages_py
[ 40%] Built target actionlib_msgs_generate_messages_eus
[ 40%] Built target actionlib_generate_messages_lisp
[ 40%] Built target actionlib_generate_messages_eus
[ 40%] Built target planner_msgs_generate_messages_eus
[ 40%] Built target planner_msgs_generate_messages_cpp
[ 40%] Built target std_msgs_generate_messages_eus
[ 40%] Built target roscpp_generate_messages_lisp
[ 40%] Built target rosgraph_msgs_generate_messages_lisp
[ 40%] Built target roscpp_generate_messages_nodejs
[ 40%] Built target tf_generate_messages_eus
[ 40%] Built target rosgraph_msgs_generate_messages_nodejs
[ 40%] Built target tli65_can_msgs_generate_messages_lisp
[ 40%] Built target rosgraph_msgs_generate_messages_cpp
[ 40%] Built target std_msgs_generate_messages_lisp
[ 40%] Built target geometry_msgs_generate_messages_lisp
[ 40%] Built target roscpp_generate_messages_eus
[ 40%] Built target roscpp_generate_messages_cpp
[ 40%] Built target planner_msgs_generate_messages_lisp
[ 40%] Built target geometry_msgs_generate_messages_eus
[ 40%] Built target can_msgs_generate_messages_py
[ 40%] Built target localization_msgs_generate_messages_cpp
[ 40%] Built target can_msgs_generate_messages_nodejs
[ 40%] Built target geometry_msgs_generate_messages_nodejs
[ 40%] Built target can_msgs_generate_messages_eus
[ 40%] Built target rosgraph_msgs_generate_messages_eus
[ 40%] Built target localization_msgs_generate_messages_py
[ 40%] Built target planner_msgs_generate_messages_nodejs
[ 40%] Built target localization_msgs_generate_messages_eus
[ 40%] Built target tf2_msgs_generate_messages_cpp
[ 40%] Built target can_msgs_generate_messages_cpp
[ 40%] Built target tf_generate_messages_cpp
[ 40%] Built target localization_msgs_generate_messages_nodejs
[ 40%] Built target std_msgs_generate_messages_py
[ 40%] Built target planner_msgs_generate_messages_py
[ 40%] Built target tf_generate_messages_lisp
[ 40%] Built target localization_msgs_generate_messages_lisp
[ 40%] Built target rosgraph_msgs_generate_messages_py
[ 40%] Built target roscpp_generate_messages_py
[ 40%] Built target tf_generate_messages_nodejs
[ 40%] Built target tli65_can_msgs_generate_messages_cpp
[ 40%] Built target tf_generate_messages_py
[ 40%] Built target std_msgs_generate_messages_nodejs
[ 40%] Built target geometry_msgs_generate_messages_cpp
[ 40%] Built target sensor_msgs_generate_messages_nodejs
[ 40%] Built target geometry_msgs_generate_messages_py
[ 40%] Built target actionlib_msgs_generate_messages_cpp
[ 40%] Built target sensor_msgs_generate_messages_cpp
[ 40%] Built target sensor_msgs_generate_messages_lisp
[ 40%] Built target actionlib_generate_messages_nodejs
[ 40%] Built target std_msgs_generate_messages_cpp
[ 40%] Built target sensor_msgs_generate_messages_eus
[ 40%] Built target sensor_msgs_generate_messages_py
[ 60%] Built target ego_box_viz
[ 80%] Built target waypoints_viz
[100%] Built target track_viz
