[35m[1mScanning dependencies of target tf[0m
[35m[1mScanning dependencies of target pose_viz[0m
[35m[1mScanning dependencies of target can_msgs_generate_messages_lisp[0m
[35m[1mScanning dependencies of target tli65_can_msgs_generate_messages_py[0m
[35m[1mScanning dependencies of target tli65_can_msgs_generate_messages_nodejs[0m
[  0%] Built target can_msgs_generate_messages_lisp
[  0%] Built target tli65_can_msgs_generate_messages_nodejs
[35m[1mScanning dependencies of target actionlib_generate_messages_cpp[0m
[ 10%] [32mBuilding CXX object CMakeFiles/pose_viz.dir/src/pose.cc.o[0m
[35m[1mScanning dependencies of target control_msgs_generate_messages_py[0m
[ 20%] [32mBuilding CXX object CMakeFiles/tf.dir/src/tf.cc.o[0m
[ 20%] Built target actionlib_generate_messages_cpp
[ 20%] Built target tli65_can_msgs_generate_messages_py
[35m[1mScanning dependencies of target tli65_can_msgs_generate_messages_eus[0m
[35m[1mScanning dependencies of target control_msgs_generate_messages_lisp[0m
[ 20%] Built target control_msgs_generate_messages_py
[ 20%] Built target tli65_can_msgs_generate_messages_eus
[35m[1mScanning dependencies of target control_msgs_generate_messages_nodejs[0m
[35m[1mScanning dependencies of target control_msgs_generate_messages_cpp[0m
[35m[1mScanning dependencies of target control_msgs_generate_messages_eus[0m
[ 20%] Built target control_msgs_generate_messages_cpp
[ 20%] Built target control_msgs_generate_messages_nodejs
[ 20%] Built target control_msgs_generate_messages_eus
[ 20%] Built target control_msgs_generate_messages_lisp
[35m[1mScanning dependencies of target tf2_msgs_generate_messages_eus[0m
[35m[1mScanning dependencies of target tf2_msgs_generate_messages_nodejs[0m
[35m[1mScanning dependencies of target tf2_msgs_generate_messages_lisp[0m
[ 20%] Built target tf2_msgs_generate_messages_nodejs
[ 20%] Built target tf2_msgs_generate_messages_eus
[ 20%] Built target tf2_msgs_generate_messages_lisp
[35m[1mScanning dependencies of target actionlib_msgs_generate_messages_py[0m
[35m[1mScanning dependencies of target actionlib_msgs_generate_messages_lisp[0m
[ 20%] Built target actionlib_msgs_generate_messages_py
[35m[1mScanning dependencies of target actionlib_msgs_generate_messages_nodejs[0m
[35m[1mScanning dependencies of target actionlib_generate_messages_py[0m
[35m[1mScanning dependencies of target tf2_msgs_generate_messages_py[0m
[ 20%] Built target actionlib_msgs_generate_messages_lisp
[ 20%] Built target actionlib_generate_messages_py
[ 20%] Built target tf2_msgs_generate_messages_py
[35m[1mScanning dependencies of target actionlib_generate_messages_lisp[0m
[35m[1mScanning dependencies of target actionlib_generate_messages_eus[0m
[35m[1mScanning dependencies of target actionlib_msgs_generate_messages_eus[0m
[ 20%] Built target actionlib_generate_messages_eus
[ 20%] Built target actionlib_generate_messages_lisp
[ 20%] Built target actionlib_msgs_generate_messages_eus
[ 20%] Built target actionlib_msgs_generate_messages_nodejs
[35m[1mScanning dependencies of target std_msgs_generate_messages_eus[0m
[35m[1mScanning dependencies of target roscpp_generate_messages_lisp[0m
[35m[1mScanning dependencies of target planner_msgs_generate_messages_cpp[0m
[ 20%] Built target std_msgs_generate_messages_eus
[ 20%] Built target roscpp_generate_messages_lisp
[35m[1mScanning dependencies of target planner_msgs_generate_messages_eus[0m
[35m[1mScanning dependencies of target roscpp_generate_messages_nodejs[0m
[ 20%] Built target planner_msgs_generate_messages_cpp
[ 20%] Built target planner_msgs_generate_messages_eus
[35m[1mScanning dependencies of target rosgraph_msgs_generate_messages_lisp[0m
[35m[1mScanning dependencies of target tli65_can_msgs_generate_messages_lisp[0m
[ 20%] Built target roscpp_generate_messages_nodejs
[35m[1mScanning dependencies of target tf_generate_messages_eus[0m
[ 20%] Built target tli65_can_msgs_generate_messages_lisp
[35m[1mScanning dependencies of target rosgraph_msgs_generate_messages_nodejs[0m
[ 20%] Built target rosgraph_msgs_generate_messages_lisp
[ 20%] Built target rosgraph_msgs_generate_messages_nodejs
[35m[1mScanning dependencies of target rosgraph_msgs_generate_messages_cpp[0m
[ 20%] Built target tf_generate_messages_eus
[35m[1mScanning dependencies of target std_msgs_generate_messages_lisp[0m
[ 20%] Built target std_msgs_generate_messages_lisp
[ 20%] Built target rosgraph_msgs_generate_messages_cpp
[35m[1mScanning dependencies of target roscpp_generate_messages_eus[0m
[35m[1mScanning dependencies of target roscpp_generate_messages_cpp[0m
[ 20%] Built target roscpp_generate_messages_eus
[35m[1mScanning dependencies of target geometry_msgs_generate_messages_lisp[0m
[ 20%] Built target roscpp_generate_messages_cpp
[35m[1mScanning dependencies of target planner_msgs_generate_messages_lisp[0m
[35m[1mScanning dependencies of target geometry_msgs_generate_messages_eus[0m
[ 20%] Built target geometry_msgs_generate_messages_lisp
[ 20%] Built target geometry_msgs_generate_messages_eus
[35m[1mScanning dependencies of target localization_msgs_generate_messages_cpp[0m
[ 20%] Built target localization_msgs_generate_messages_cpp
[35m[1mScanning dependencies of target geometry_msgs_generate_messages_nodejs[0m
[35m[1mScanning dependencies of target can_msgs_generate_messages_py[0m
[35m[1mScanning dependencies of target can_msgs_generate_messages_nodejs[0m
[ 20%] Built target planner_msgs_generate_messages_lisp
[ 20%] Built target geometry_msgs_generate_messages_nodejs
[ 20%] Built target can_msgs_generate_messages_nodejs
[35m[1mScanning dependencies of target rosgraph_msgs_generate_messages_eus[0m
[35m[1mScanning dependencies of target can_msgs_generate_messages_eus[0m
[35m[1mScanning dependencies of target localization_msgs_generate_messages_py[0m
[ 20%] Built target rosgraph_msgs_generate_messages_eus
[ 20%] Built target can_msgs_generate_messages_py
[ 20%] Built target can_msgs_generate_messages_eus
[35m[1mScanning dependencies of target planner_msgs_generate_messages_nodejs[0m
[35m[1mScanning dependencies of target tf2_msgs_generate_messages_cpp[0m
[35m[1mScanning dependencies of target localization_msgs_generate_messages_eus[0m
[ 20%] Built target localization_msgs_generate_messages_py
[ 20%] Built target planner_msgs_generate_messages_nodejs
[ 20%] Built target localization_msgs_generate_messages_eus
[ 20%] Built target tf2_msgs_generate_messages_cpp
[35m[1mScanning dependencies of target can_msgs_generate_messages_cpp[0m
[35m[1mScanning dependencies of target tf_generate_messages_cpp[0m
[35m[1mScanning dependencies of target std_msgs_generate_messages_py[0m
[ 20%] Built target can_msgs_generate_messages_cpp
[35m[1mScanning dependencies of target localization_msgs_generate_messages_nodejs[0m
[ 20%] Built target tf_generate_messages_cpp
[ 20%] Built target std_msgs_generate_messages_py
[35m[1mScanning dependencies of target planner_msgs_generate_messages_py[0m
[ 20%] Built target localization_msgs_generate_messages_nodejs
[35m[1mScanning dependencies of target localization_msgs_generate_messages_lisp[0m
[ 20%] Built target planner_msgs_generate_messages_py
[35m[1mScanning dependencies of target tf_generate_messages_lisp[0m
[35m[1mScanning dependencies of target rosgraph_msgs_generate_messages_py[0m
[35m[1mScanning dependencies of target roscpp_generate_messages_py[0m
[ 20%] Built target tf_generate_messages_lisp
[ 20%] Built target rosgraph_msgs_generate_messages_py
[ 20%] Built target roscpp_generate_messages_py
[35m[1mScanning dependencies of target tf_generate_messages_nodejs[0m
[ 20%] Built target localization_msgs_generate_messages_lisp
[ 20%] Built target tf_generate_messages_nodejs
[35m[1mScanning dependencies of target tf_generate_messages_py[0m
[35m[1mScanning dependencies of target geometry_msgs_generate_messages_cpp[0m
[35m[1mScanning dependencies of target sensor_msgs_generate_messages_nodejs[0m
[35m[1mScanning dependencies of target tli65_can_msgs_generate_messages_cpp[0m
[ 20%] Built target tf_generate_messages_py
[ 20%] Built target geometry_msgs_generate_messages_cpp
[ 20%] Built target sensor_msgs_generate_messages_nodejs
[ 20%] Built target tli65_can_msgs_generate_messages_cpp
[35m[1mScanning dependencies of target std_msgs_generate_messages_nodejs[0m
[35m[1mScanning dependencies of target sensor_msgs_generate_messages_cpp[0m
[35m[1mScanning dependencies of target geometry_msgs_generate_messages_py[0m
[ 20%] Built target std_msgs_generate_messages_nodejs
[35m[1mScanning dependencies of target actionlib_generate_messages_nodejs[0m
[ 20%] Built target sensor_msgs_generate_messages_cpp
[ 20%] Built target geometry_msgs_generate_messages_py
[35m[1mScanning dependencies of target actionlib_msgs_generate_messages_cpp[0m
[35m[1mScanning dependencies of target std_msgs_generate_messages_cpp[0m
[ 20%] Built target actionlib_generate_messages_nodejs
[35m[1mScanning dependencies of target sensor_msgs_generate_messages_eus[0m
[ 20%] Built target std_msgs_generate_messages_cpp
[ 20%] Built target actionlib_msgs_generate_messages_cpp
[35m[1mScanning dependencies of target sensor_msgs_generate_messages_lisp[0m
[35m[1mScanning dependencies of target sensor_msgs_generate_messages_py[0m
[ 20%] Built target sensor_msgs_generate_messages_eus
[35m[1mScanning dependencies of target ego_box_viz[0m
[ 20%] Built target sensor_msgs_generate_messages_lisp
[ 20%] Built target sensor_msgs_generate_messages_py
[ 30%] [32mBuilding CXX object CMakeFiles/ego_box_viz.dir/src/ego_box.cc.o[0m
[35m[1mScanning dependencies of target waypoints_viz[0m
[35m[1mScanning dependencies of target track_viz[0m
[ 40%] [32mBuilding CXX object CMakeFiles/waypoints_viz.dir/src/waypoints.cc.o[0m
[ 50%] [32mBuilding CXX object CMakeFiles/track_viz.dir/src/track_viz.cc.o[0m
[01m[K/home/oligay_61/zone3/src/track_viz/src/track_viz.cc:[m[K In function ‘[01m[Kvoid ParseTrack()[m[K’:
[01m[K/home/oligay_61/zone3/src/track_viz/src/track_viz.cc:103:23:[m[K [01;35m[Kwarning: [m[Kcomparison between signed and unsigned integer expressions [-Wsign-compare]
     for (int i = 0; i < off_load_positions.size(); i++) {
[01;32m[K                       ^[m[K
[ 60%] [32m[1mLinking CXX executable /home/oligay_61/zone3/devel/.private/track_viz/lib/track_viz/pose_viz[0m
[ 60%] Built target pose_viz
[ 70%] [32m[1mLinking CXX executable /home/oligay_61/zone3/devel/.private/track_viz/lib/track_viz/tf[0m
[ 70%] Built target tf
[ 80%] [32m[1mLinking CXX executable /home/oligay_61/zone3/devel/.private/track_viz/lib/track_viz/waypoints_viz[0m
[ 80%] Built target waypoints_viz
[ 90%] [32m[1mLinking CXX executable /home/oligay_61/zone3/devel/.private/track_viz/lib/track_viz/track_viz[0m
[100%] [32m[1mLinking CXX executable /home/oligay_61/zone3/devel/.private/track_viz/lib/track_viz/ego_box_viz[0m
[100%] Built target track_viz
[100%] Built target ego_box_viz
