[ 20%] Built target pose_viz
[ 40%] Built target tf
[ 40%] Built target actionlib_generate_messages_cpp
[ 40%] Built target can_msgs_generate_messages_lisp
[ 40%] Built target tli65_can_msgs_generate_messages_py
[ 40%] Built target tli65_can_msgs_generate_messages_nodejs
[ 40%] Built target tli65_can_msgs_generate_messages_eus
[ 40%] Built target control_msgs_generate_messages_py
[ 40%] Built target control_msgs_generate_messages_nodejs
[ 40%] Built target control_msgs_generate_messages_lisp
[ 40%] Built target control_msgs_generate_messages_eus
[ 40%] Built target control_msgs_generate_messages_cpp
[ 40%] Built target tf2_msgs_generate_messages_nodejs
[ 40%] Built target tf2_msgs_generate_messages_lisp
[ 40%] Built target tf2_msgs_generate_messages_eus
[ 40%] Built target actionlib_msgs_generate_messages_py
[ 40%] Built target tf2_msgs_generate_messages_py
[ 40%] Built target actionlib_msgs_generate_messages_nodejs
[ 40%] Built target actionlib_msgs_generate_messages_lisp
[ 40%] Built target actionlib_generate_messages_py
[ 40%] Built target actionlib_msgs_generate_messages_eus
[ 40%] Built target actionlib_generate_messages_lisp
[ 40%] Built target actionlib_generate_messages_eus
[ 40%] Built target planner_msgs_generate_messages_eus
[ 40%] Built target planner_msgs_generate_messages_cpp
[ 40%] Built target std_msgs_generate_messages_eus
[ 40%] Built target roscpp_generate_messages_lisp
[ 40%] Built target rosgraph_msgs_generate_messages_lisp
[ 40%] Built target roscpp_generate_messages_nodejs
[ 40%] Built target tli65_can_msgs_generate_messages_lisp
[ 40%] Built target tf_generate_messages_eus
[ 40%] Built target rosgraph_msgs_generate_messages_nodejs
[ 40%] Built target rosgraph_msgs_generate_messages_cpp
[ 40%] Built target geometry_msgs_generate_messages_lisp
[ 40%] Built target std_msgs_generate_messages_lisp
[ 40%] Built target roscpp_generate_messages_eus
[ 40%] Built target geometry_msgs_generate_messages_eus
[ 40%] Built target roscpp_generate_messages_cpp
[ 40%] Built target planner_msgs_generate_messages_lisp
[ 40%] Built target localization_msgs_generate_messages_cpp
[ 40%] Built target can_msgs_generate_messages_py
[ 40%] Built target geometry_msgs_generate_messages_nodejs
[ 40%] Built target can_msgs_generate_messages_eus
[ 40%] Built target can_msgs_generate_messages_nodejs
[ 40%] Built target rosgraph_msgs_generate_messages_eus
[ 40%] Built target tf2_msgs_generate_messages_cpp
[ 40%] Built target planner_msgs_generate_messages_nodejs
[ 40%] Built target localization_msgs_generate_messages_py
[ 40%] Built target localization_msgs_generate_messages_eus
[ 40%] Built target tf_generate_messages_cpp
[ 40%] Built target can_msgs_generate_messages_cpp
[ 40%] Built target localization_msgs_generate_messages_nodejs
[ 40%] Built target std_msgs_generate_messages_py
[ 40%] Built target localization_msgs_generate_messages_lisp
[ 40%] Built target planner_msgs_generate_messages_py
[ 40%] Built target rosgraph_msgs_generate_messages_py
[ 40%] Built target tf_generate_messages_nodejs
[ 40%] Built target tf_generate_messages_lisp
[ 40%] Built target roscpp_generate_messages_py
[ 40%] Built target tli65_can_msgs_generate_messages_cpp
[ 40%] Built target tf_generate_messages_py
[ 40%] Built target geometry_msgs_generate_messages_py
[ 40%] Built target sensor_msgs_generate_messages_nodejs
[ 40%] Built target std_msgs_generate_messages_nodejs
[ 40%] Built target geometry_msgs_generate_messages_cpp
[ 40%] Built target actionlib_msgs_generate_messages_cpp
[ 40%] Built target std_msgs_generate_messages_cpp
[ 40%] Built target sensor_msgs_generate_messages_cpp
[ 40%] Built target sensor_msgs_generate_messages_eus
[ 40%] Built target actionlib_generate_messages_nodejs
[35m[1mScanning dependencies of target ego_box_viz[0m
[ 40%] Built target sensor_msgs_generate_messages_lisp
[ 40%] Built target sensor_msgs_generate_messages_py
[ 50%] [32mBuilding CXX object CMakeFiles/ego_box_viz.dir/src/ego_box.cc.o[0m
[ 70%] Built target waypoints_viz
[ 90%] Built target track_viz
[100%] [32m[1mLinking CXX executable /home/oligay_61/zone3/devel/.private/track_viz/lib/track_viz/ego_box_viz[0m
[100%] Built target ego_box_viz
